{"/home/travis/build/kaizhu256/node-utility2/test.js":{"path":"/home/travis/build/kaizhu256/node-utility2/test.js","s":{"1":3,"2":3,"3":3,"4":3,"5":3,"6":3,"7":3,"8":1,"9":3,"10":3,"11":2,"12":2,"13":1,"14":1,"15":3,"16":3,"17":3,"18":1,"19":1,"20":1,"21":1,"22":1,"23":3,"24":2,"25":2,"26":2,"27":2,"28":2,"29":2,"30":2,"31":2,"32":2,"33":2,"34":2,"35":2,"36":2,"37":2,"38":2,"39":3,"40":2,"41":2,"42":2,"43":2,"44":2,"45":2,"46":2,"47":2,"48":2,"49":3,"50":2,"51":2,"52":2,"53":2,"54":2,"55":2,"56":2,"57":2,"58":3,"59":2,"60":2,"61":2,"62":1,"63":1,"64":1,"65":2,"66":1,"67":1,"68":1,"69":1,"70":3,"71":2,"72":2,"73":2,"74":2,"75":2,"76":2,"77":3,"78":2,"79":2,"80":2,"81":2,"82":2,"83":3,"84":2,"85":2,"86":8,"87":8,"88":8,"89":8,"90":8,"91":8,"92":8,"93":3,"94":2,"95":2,"96":8,"97":8,"98":8,"99":8,"100":8,"101":8,"102":4,"103":4,"104":4,"105":4,"106":4,"107":4,"108":8,"109":2,"110":2,"111":2,"112":2,"113":2,"114":2,"115":2,"116":2,"117":2,"118":2,"119":2,"120":2,"121":2,"122":2,"123":3,"124":2,"125":2,"126":2,"127":2,"128":2,"129":3,"130":2,"131":2,"132":2,"133":2,"134":2,"135":2,"136":2,"137":2,"138":2,"139":2,"140":2,"141":2,"142":2,"143":2,"144":2,"145":2,"146":2,"147":2,"148":2,"149":10,"150":50,"151":10,"152":40,"153":2,"154":3,"155":2,"156":2,"157":2,"158":2,"159":2,"160":2,"161":3,"162":2,"163":2,"164":4,"165":4,"166":12,"167":12,"168":12,"169":12,"170":4,"171":2,"172":2,"173":2,"174":2,"175":4,"176":4,"177":4,"178":12,"179":4,"180":3,"181":4,"182":4,"183":4,"184":262144,"185":4,"186":16384,"187":4,"188":4,"189":4,"190":4,"191":3,"192":2,"193":2,"194":2,"195":3,"196":2,"197":22,"198":22,"199":22,"200":2,"201":3,"202":2,"203":28,"204":4,"205":4,"206":2,"207":2,"208":2,"209":2,"210":2,"211":2,"212":2,"213":3,"214":2,"215":2,"216":6,"217":2,"218":2,"219":2,"220":2,"221":3,"222":2,"223":2,"224":2,"225":2,"226":3,"227":2,"228":2,"229":2,"230":3,"231":2,"232":2,"233":3,"234":2,"235":2,"236":2,"237":2,"238":2,"239":2,"240":2,"241":2,"242":3,"243":2,"244":2,"245":2,"246":2,"247":2,"248":2,"249":2,"250":2,"251":2,"252":2,"253":2,"254":3,"255":2,"256":2,"257":16,"258":16,"259":2,"260":3,"261":2,"262":2,"263":20,"264":20,"265":20,"266":2,"267":2,"268":2,"269":2,"270":3,"271":2,"272":2,"273":2,"274":2,"275":2,"276":2,"277":2,"278":2,"279":2,"280":3,"281":2,"282":2,"283":2,"284":2,"285":2,"286":2,"287":2,"288":2,"289":2,"290":2,"291":3,"292":2,"293":2,"294":2,"295":2,"296":2048,"297":2,"298":2,"299":3,"300":2,"301":2,"302":2,"303":200,"304":200,"305":200,"306":2,"307":2,"308":3,"309":2,"310":2,"311":2,"312":2,"313":2,"314":2,"315":2,"316":2,"317":2,"318":2,"319":2,"320":2,"321":2,"322":2,"323":2,"324":2,"325":2,"326":2,"327":2,"328":2,"329":2,"330":2,"331":2,"332":2,"333":2,"334":2,"335":3,"336":2,"337":2,"338":2,"339":3,"340":2,"341":2,"342":2,"343":2,"344":3,"345":2,"346":2,"347":2,"348":3,"349":2,"350":2,"351":2,"352":10,"353":50,"354":2,"355":2,"356":2,"357":2,"358":2,"359":3,"360":2,"361":2,"362":2,"363":10,"364":50,"365":2,"366":2,"367":2,"368":2,"369":2,"370":2,"371":2,"372":3,"373":2,"374":2,"375":2,"376":24,"377":6,"378":2,"379":2,"380":3,"381":2,"382":2,"383":2,"384":2,"385":2,"386":2,"387":2,"388":3,"389":2,"390":2,"391":2,"392":2,"393":2,"394":2,"395":3,"396":2,"397":2,"398":4,"399":2,"400":2,"401":2,"402":2,"403":2,"404":3,"405":2,"406":2,"407":12,"408":2,"409":2,"410":2,"411":2,"412":2,"413":4,"414":4,"415":4,"416":2,"417":2,"418":2,"419":2,"420":2,"421":2,"422":2,"423":2,"424":20,"425":20,"426":20,"427":20,"428":20,"429":2,"430":2,"431":2,"432":2,"433":2,"434":2,"435":2,"436":10,"437":10,"438":10,"439":10,"440":2,"441":2,"442":2,"443":2,"444":2,"445":2,"446":2,"447":2,"448":3,"449":2,"450":2,"451":2,"452":2,"453":2,"454":2,"455":2,"456":2,"457":2,"458":2,"459":2,"460":2,"461":2,"462":2,"463":2,"464":3,"465":2,"466":2,"467":2,"468":2,"469":2,"470":2,"471":2,"472":2,"473":3,"474":2,"475":2,"476":2,"477":2,"478":2,"479":2,"480":2,"481":2,"482":2,"483":2,"484":3,"485":2,"486":2,"487":2,"488":3,"489":2,"490":2,"491":2,"492":2,"493":2,"494":2,"495":2,"496":2,"497":3,"498":2,"499":2,"500":2,"501":2,"502":3,"503":2,"504":2,"505":2,"506":2,"507":3,"508":2,"509":2,"510":2,"511":2,"512":3,"513":2,"514":2,"515":2,"516":14,"517":2,"518":4,"519":2,"520":2,"521":2,"522":2,"523":2,"524":2,"525":2,"526":2,"527":2,"528":2,"529":2,"530":2,"531":2,"532":2,"533":2,"534":2,"535":2,"536":2,"537":2,"538":2,"539":2,"540":2,"541":2,"542":2,"543":2,"544":2,"545":2,"546":3,"547":2,"548":2,"549":2,"550":2,"551":2,"552":2,"553":2,"554":3,"555":2,"556":2,"557":4,"558":2,"559":2,"560":2,"561":2,"562":2,"563":3,"564":2,"565":2,"566":2,"567":2,"568":2,"569":2,"570":2,"571":2,"572":3,"573":2,"574":2,"575":2,"576":2,"577":2,"578":3,"579":2,"580":2,"581":2,"582":2,"583":3,"584":2,"585":2,"586":2,"587":2,"588":2,"589":2,"590":3,"591":2,"592":2,"593":2,"594":2,"595":2,"596":3,"597":2,"598":2,"599":2,"600":2,"601":3,"602":18,"603":18,"604":3,"605":2,"606":1,"607":1,"608":1,"609":1,"610":1,"611":2,"612":1,"613":1,"614":1,"615":1,"616":1,"617":1,"618":1,"619":2,"620":1,"621":1,"622":1,"623":1,"624":1,"625":1,"626":1,"627":1,"628":1,"629":1,"630":1,"631":1,"632":1,"633":1,"634":1,"635":2,"636":1,"637":1,"638":1,"639":1,"640":2,"641":1,"642":1,"643":1,"644":1,"645":1,"646":1,"647":1,"648":1,"649":2,"650":1,"651":1,"652":1,"653":4,"654":1,"655":1,"656":1,"657":1,"658":1,"659":1,"660":1,"661":1,"662":1,"663":1,"664":1,"665":1,"666":1,"667":1,"668":1,"669":1,"670":1,"671":1,"672":1,"673":1,"674":1,"675":1,"676":1,"677":1,"678":1,"679":1,"680":1,"681":1,"682":1,"683":3,"684":3,"685":1,"686":1,"687":1,"688":1,"689":1,"690":1,"691":1,"692":1,"693":1,"694":1,"695":1,"696":2,"697":2,"698":2,"699":2,"700":2,"701":2,"702":2,"703":2,"704":2,"705":2,"706":2,"707":2,"708":8,"709":8,"710":2,"711":1,"712":1,"713":1,"714":1,"715":1,"716":1,"717":1,"718":1,"719":1,"720":1,"721":1,"722":1,"723":1,"724":1,"725":1,"726":1,"727":1,"728":1,"729":1,"730":1,"731":1,"732":1,"733":1,"734":1,"735":1,"736":1,"737":1,"738":1,"739":1,"740":1,"741":1,"742":1,"743":1,"744":1,"745":1,"746":1,"747":1,"748":1,"749":1,"750":1,"751":1,"752":1,"753":1,"754":1,"755":1,"756":1,"757":1,"758":1,"759":1,"760":1,"761":1,"762":1,"763":1,"764":1,"765":1,"766":1,"767":1,"768":1,"769":1,"770":1,"771":1,"772":1,"773":1,"774":1,"775":1,"776":1,"777":1,"778":1,"779":1,"780":1,"781":1,"782":1,"783":1,"784":1,"785":1,"786":1,"787":1,"788":1,"789":1,"790":1,"791":1,"792":1,"793":1,"794":1,"795":1,"796":1,"797":1,"798":1,"799":1,"800":1,"801":1,"802":1,"803":1,"804":1,"805":1,"806":1,"807":1,"808":1,"809":1,"810":1,"811":1,"812":1,"813":1,"814":1,"815":1,"816":1,"817":1,"818":1,"819":4,"820":4,"821":4,"822":1,"823":1,"824":7,"825":1,"826":1,"827":1,"828":1,"829":1,"830":1,"831":1,"832":1,"833":1,"834":1,"835":1,"836":1,"837":1,"838":1,"839":1,"840":1,"841":1,"842":1,"843":2,"844":1,"845":1,"846":1,"847":1,"848":1,"849":1,"850":1,"851":1,"852":1,"853":1,"854":1,"855":1,"856":1,"857":1,"858":1,"859":1,"860":1,"861":1,"862":1,"863":1,"864":1,"865":3,"866":3,"867":3,"868":3,"869":34,"870":9,"871":9,"872":9,"873":8,"874":8,"875":8,"876":8,"877":8,"878":2,"879":2,"880":2,"881":2,"882":2,"883":2,"884":2,"885":2,"886":2,"887":2,"888":2,"889":2,"890":5,"891":5,"892":5,"893":8,"894":3,"895":2,"896":1,"897":2,"898":1,"899":1,"900":2,"901":0,"902":2,"903":1,"904":0,"905":0,"906":0,"907":0,"908":0,"909":0,"910":0,"911":0,"912":0,"913":0,"914":0,"915":0,"916":0,"917":0,"918":0,"919":0,"920":0,"921":0,"922":0,"923":0,"924":0,"925":0,"926":0,"927":1,"928":0,"929":1,"930":1,"931":1,"932":0,"933":0,"934":0,"935":0,"936":0,"937":0,"938":0,"939":1,"940":1,"941":28,"942":8,"943":28,"944":6,"945":6,"946":6,"947":28,"948":1,"949":1,"950":1,"951":1,"952":1,"953":1,"954":1,"955":1,"956":1,"957":1,"958":1,"959":1,"960":1,"961":1,"962":1,"963":1,"964":1,"965":1,"966":1,"967":1,"968":4,"969":1,"970":1,"971":1,"972":1,"973":1,"974":1,"975":1,"976":1,"977":1,"978":1,"979":1,"980":1,"981":1,"982":1,"983":1,"984":1,"985":8,"986":8,"987":1,"988":1,"989":1,"990":1,"991":1,"992":1,"993":0,"994":0,"995":1,"996":0,"997":0,"998":0,"999":0,"1000":0,"1001":0,"1002":1,"1003":0,"1004":0,"1005":1,"1006":2,"1007":2,"1008":1,"1009":0,"1010":0,"1011":1,"1012":2,"1013":2,"1014":1,"1015":0,"1016":0,"1017":1,"1018":1},"b":{"1":[3,2,2,2],"2":[1,1,1,1],"3":[2,1],"4":[2,1],"5":[2,2],"6":[1,1],"7":[2,1],"8":[1,1],"9":[2,6],"10":[1,7],"11":[8,2],"12":[2,4,4],"13":[10,40],"14":[4,4,4],"15":[2,2],"16":[4,2],"17":[6,2],"18":[200,3],"19":[10,40],"20":[10,40],"21":[6,18],"22":[24,22,8],"23":[2,2,2,2,2,2],"24":[20,10],"25":[2,2],"26":[2,2],"27":[2,2,2,2,2,2,2],"28":[18,18,18],"29":[2,1],"30":[1,1,1,1],"31":[9,8,2,2,5,8],"32":[2,1],"33":[2,2],"34":[2,2],"35":[0,1],"36":[1,1],"37":[0,2],"38":[2,2],"39":[0,0],"40":[0,0],"41":[0,0],"42":[0,0],"43":[0,0],"44":[0,0],"45":[0,0],"46":[0,0],"47":[0,1],"48":[1,1],"49":[0,1],"50":[0,0],"51":[8,20],"52":[6,22],"53":[1,1,1,1],"54":[1,0],"55":[1,0],"56":[1,0],"57":[1,1],"58":[1,0],"59":[1,1],"60":[1,0]},"f":{"1":3,"2":3,"3":3,"4":3,"5":1,"6":2,"7":2,"8":2,"9":2,"10":2,"11":2,"12":2,"13":2,"14":2,"15":2,"16":1,"17":2,"18":2,"19":2,"20":2,"21":2,"22":8,"23":8,"24":2,"25":8,"26":8,"27":2,"28":2,"29":2,"30":2,"31":2,"32":2,"33":2,"34":2,"35":2,"36":2,"37":2,"38":2,"39":2,"40":2,"41":10,"42":50,"43":2,"44":2,"45":4,"46":12,"47":12,"48":4,"49":2,"50":2,"51":2,"52":22,"53":2,"54":28,"55":4,"56":2,"57":2,"58":2,"59":2,"60":6,"61":2,"62":2,"63":2,"64":2,"65":2,"66":2,"67":2,"68":2,"69":16,"70":2,"71":20,"72":2,"73":2,"74":2,"75":2,"76":2,"77":2,"78":2,"79":2,"80":2,"81":10,"82":50,"83":2,"84":10,"85":50,"86":2,"87":24,"88":2,"89":2,"90":2,"91":2,"92":2,"93":2,"94":2,"95":4,"96":2,"97":2,"98":2,"99":12,"100":4,"101":2,"102":20,"103":20,"104":10,"105":2,"106":2,"107":2,"108":2,"109":2,"110":2,"111":2,"112":2,"113":2,"114":2,"115":2,"116":2,"117":2,"118":2,"119":2,"120":2,"121":2,"122":14,"123":4,"124":2,"125":2,"126":2,"127":2,"128":4,"129":2,"130":2,"131":2,"132":2,"133":2,"134":2,"135":2,"136":2,"137":2,"138":2,"139":2,"140":2,"141":18,"142":1,"143":1,"144":1,"145":1,"146":1,"147":1,"148":1,"149":1,"150":1,"151":1,"152":1,"153":4,"154":1,"155":1,"156":1,"157":1,"158":1,"159":3,"160":3,"161":1,"162":2,"163":2,"164":2,"165":2,"166":2,"167":8,"168":8,"169":1,"170":1,"171":1,"172":1,"173":1,"174":1,"175":1,"176":1,"177":1,"178":1,"179":1,"180":1,"181":1,"182":1,"183":1,"184":1,"185":1,"186":1,"187":1,"188":4,"189":4,"190":1,"191":7,"192":1,"193":1,"194":1,"195":1,"196":2,"197":1,"198":1,"199":1,"200":1,"201":1,"202":1,"203":1,"204":3,"205":34,"206":8,"207":8,"208":2,"209":5,"210":1,"211":1,"212":0,"213":0,"214":0,"215":0,"216":0,"217":1,"218":28,"219":1,"220":1,"221":4,"222":8,"223":0,"224":0,"225":0,"226":2,"227":0,"228":2,"229":0},"fnMap":{"1":{"name":"(anonymous_1)","line":12,"loc":{"start":{"line":12,"column":1},"end":{"line":12,"column":13}}},"2":{"name":"(anonymous_2)","line":19,"loc":{"start":{"line":19,"column":5},"end":{"line":19,"column":17}}},"3":{"name":"(anonymous_3)","line":23,"loc":{"start":{"line":23,"column":24},"end":{"line":23,"column":36}}},"4":{"name":"(anonymous_4)","line":61,"loc":{"start":{"line":61,"column":5},"end":{"line":61,"column":17}}},"5":{"name":"(anonymous_5)","line":62,"loc":{"start":{"line":62,"column":49},"end":{"line":62,"column":77}}},"6":{"name":"(anonymous_6)","line":77,"loc":{"start":{"line":77,"column":42},"end":{"line":77,"column":70}}},"7":{"name":"(anonymous_7)","line":94,"loc":{"start":{"line":94,"column":32},"end":{"line":94,"column":54}}},"8":{"name":"(anonymous_8)","line":115,"loc":{"start":{"line":115,"column":40},"end":{"line":115,"column":68}}},"9":{"name":"(anonymous_9)","line":120,"loc":{"start":{"line":120,"column":51},"end":{"line":120,"column":70}}},"10":{"name":"(anonymous_10)","line":123,"loc":{"start":{"line":123,"column":15},"end":{"line":123,"column":34}}},"11":{"name":"(anonymous_11)","line":128,"loc":{"start":{"line":128,"column":36},"end":{"line":128,"column":53}}},"12":{"name":"(anonymous_12)","line":136,"loc":{"start":{"line":136,"column":43},"end":{"line":136,"column":71}}},"13":{"name":"(anonymous_13)","line":144,"loc":{"start":{"line":144,"column":32},"end":{"line":144,"column":54}}},"14":{"name":"(anonymous_14)","line":153,"loc":{"start":{"line":153,"column":49},"end":{"line":153,"column":77}}},"15":{"name":"(anonymous_15)","line":166,"loc":{"start":{"line":166,"column":45},"end":{"line":166,"column":60}}},"16":{"name":"(anonymous_16)","line":169,"loc":{"start":{"line":169,"column":15},"end":{"line":169,"column":34}}},"17":{"name":"(anonymous_17)","line":177,"loc":{"start":{"line":177,"column":36},"end":{"line":177,"column":64}}},"18":{"name":"(anonymous_18)","line":181,"loc":{"start":{"line":181,"column":59},"end":{"line":181,"column":76}}},"19":{"name":"(anonymous_19)","line":192,"loc":{"start":{"line":192,"column":37},"end":{"line":192,"column":65}}},"20":{"name":"(anonymous_20)","line":197,"loc":{"start":{"line":197,"column":32},"end":{"line":197,"column":54}}},"21":{"name":"(anonymous_21)","line":206,"loc":{"start":{"line":206,"column":36},"end":{"line":206,"column":64}}},"22":{"name":"(anonymous_22)","line":224,"loc":{"start":{"line":224,"column":42},"end":{"line":224,"column":73}}},"23":{"name":"(anonymous_23)","line":227,"loc":{"start":{"line":227,"column":36},"end":{"line":227,"column":58}}},"24":{"name":"(anonymous_24)","line":239,"loc":{"start":{"line":239,"column":35},"end":{"line":239,"column":63}}},"25":{"name":"(anonymous_25)","line":250,"loc":{"start":{"line":250,"column":17},"end":{"line":250,"column":53}}},"26":{"name":"(anonymous_26)","line":265,"loc":{"start":{"line":265,"column":19},"end":{"line":265,"column":41}}},"27":{"name":"(anonymous_27)","line":287,"loc":{"start":{"line":287,"column":15},"end":{"line":287,"column":32}}},"28":{"name":"(anonymous_28)","line":299,"loc":{"start":{"line":299,"column":19},"end":{"line":299,"column":41}}},"29":{"name":"(anonymous_29)","line":326,"loc":{"start":{"line":326,"column":38},"end":{"line":326,"column":66}}},"30":{"name":"(anonymous_30)","line":331,"loc":{"start":{"line":331,"column":23},"end":{"line":331,"column":35}}},"31":{"name":"(anonymous_31)","line":332,"loc":{"start":{"line":332,"column":36},"end":{"line":332,"column":53}}},"32":{"name":"(anonymous_32)","line":340,"loc":{"start":{"line":340,"column":43},"end":{"line":340,"column":71}}},"33":{"name":"(anonymous_33)","line":348,"loc":{"start":{"line":348,"column":34},"end":{"line":348,"column":46}}},"34":{"name":"(anonymous_34)","line":350,"loc":{"start":{"line":350,"column":15},"end":{"line":350,"column":32}}},"35":{"name":"(anonymous_35)","line":357,"loc":{"start":{"line":357,"column":34},"end":{"line":357,"column":46}}},"36":{"name":"(anonymous_36)","line":359,"loc":{"start":{"line":359,"column":15},"end":{"line":359,"column":32}}},"37":{"name":"(anonymous_37)","line":366,"loc":{"start":{"line":366,"column":34},"end":{"line":366,"column":46}}},"38":{"name":"(anonymous_38)","line":368,"loc":{"start":{"line":368,"column":15},"end":{"line":368,"column":32}}},"39":{"name":"(anonymous_39)","line":373,"loc":{"start":{"line":373,"column":34},"end":{"line":373,"column":46}}},"40":{"name":"(anonymous_40)","line":375,"loc":{"start":{"line":375,"column":15},"end":{"line":375,"column":32}}},"41":{"name":"(anonymous_41)","line":382,"loc":{"start":{"line":382,"column":33},"end":{"line":382,"column":51}}},"42":{"name":"(anonymous_42)","line":383,"loc":{"start":{"line":383,"column":37},"end":{"line":383,"column":55}}},"43":{"name":"(anonymous_43)","line":396,"loc":{"start":{"line":396,"column":43},"end":{"line":396,"column":71}}},"44":{"name":"(anonymous_44)","line":417,"loc":{"start":{"line":417,"column":42},"end":{"line":417,"column":70}}},"45":{"name":"(anonymous_45)","line":427,"loc":{"start":{"line":427,"column":42},"end":{"line":427,"column":73}}},"46":{"name":"(anonymous_46)","line":429,"loc":{"start":{"line":429,"column":50},"end":{"line":429,"column":70}}},"47":{"name":"(anonymous_47)","line":431,"loc":{"start":{"line":431,"column":62},"end":{"line":431,"column":85}}},"48":{"name":"(anonymous_48)","line":462,"loc":{"start":{"line":462,"column":46},"end":{"line":462,"column":74}}},"49":{"name":"(anonymous_49)","line":481,"loc":{"start":{"line":481,"column":47},"end":{"line":481,"column":75}}},"50":{"name":"(anonymous_50)","line":489,"loc":{"start":{"line":489,"column":36},"end":{"line":489,"column":55}}},"51":{"name":"(anonymous_51)","line":494,"loc":{"start":{"line":494,"column":56},"end":{"line":494,"column":84}}},"52":{"name":"(anonymous_52)","line":510,"loc":{"start":{"line":510,"column":22},"end":{"line":510,"column":35}}},"53":{"name":"(anonymous_53)","line":522,"loc":{"start":{"line":522,"column":53},"end":{"line":522,"column":81}}},"54":{"name":"(anonymous_54)","line":528,"loc":{"start":{"line":528,"column":26},"end":{"line":528,"column":54}}},"55":{"name":"(anonymous_55)","line":545,"loc":{"start":{"line":545,"column":42},"end":{"line":545,"column":70}}},"56":{"name":"(anonymous_56)","line":549,"loc":{"start":{"line":549,"column":30},"end":{"line":549,"column":49}}},"57":{"name":"(anonymous_57)","line":553,"loc":{"start":{"line":553,"column":39},"end":{"line":553,"column":65}}},"58":{"name":"(anonymous_58)","line":558,"loc":{"start":{"line":558,"column":36},"end":{"line":558,"column":55}}},"59":{"name":"(anonymous_59)","line":566,"loc":{"start":{"line":566,"column":46},"end":{"line":566,"column":74}}},"60":{"name":"(anonymous_60)","line":573,"loc":{"start":{"line":573,"column":35},"end":{"line":573,"column":50}}},"61":{"name":"(anonymous_61)","line":576,"loc":{"start":{"line":576,"column":15},"end":{"line":576,"column":34}}},"62":{"name":"(anonymous_62)","line":588,"loc":{"start":{"line":588,"column":38},"end":{"line":588,"column":66}}},"63":{"name":"(anonymous_63)","line":598,"loc":{"start":{"line":598,"column":45},"end":{"line":598,"column":73}}},"64":{"name":"(anonymous_64)","line":616,"loc":{"start":{"line":616,"column":36},"end":{"line":616,"column":64}}},"65":{"name":"(anonymous_65)","line":625,"loc":{"start":{"line":625,"column":51},"end":{"line":625,"column":79}}},"66":{"name":"(anonymous_66)","line":642,"loc":{"start":{"line":642,"column":59},"end":{"line":642,"column":87}}},"67":{"name":"(anonymous_67)","line":651,"loc":{"start":{"line":651,"column":36},"end":{"line":651,"column":55}}},"68":{"name":"(anonymous_68)","line":680,"loc":{"start":{"line":680,"column":42},"end":{"line":680,"column":70}}},"69":{"name":"(anonymous_69)","line":686,"loc":{"start":{"line":686,"column":67},"end":{"line":686,"column":86}}},"70":{"name":"(anonymous_70)","line":693,"loc":{"start":{"line":693,"column":54},"end":{"line":693,"column":82}}},"71":{"name":"(anonymous_71)","line":699,"loc":{"start":{"line":699,"column":75},"end":{"line":699,"column":91}}},"72":{"name":"(anonymous_72)","line":724,"loc":{"start":{"line":724,"column":47},"end":{"line":724,"column":75}}},"73":{"name":"(anonymous_73)","line":746,"loc":{"start":{"line":746,"column":45},"end":{"line":746,"column":73}}},"74":{"name":"(anonymous_74)","line":774,"loc":{"start":{"line":774,"column":54},"end":{"line":774,"column":82}}},"75":{"name":"(anonymous_75)","line":794,"loc":{"start":{"line":794,"column":45},"end":{"line":794,"column":73}}},"76":{"name":"(anonymous_76)","line":814,"loc":{"start":{"line":814,"column":48},"end":{"line":814,"column":76}}},"77":{"name":"(anonymous_77)","line":850,"loc":{"start":{"line":850,"column":55},"end":{"line":850,"column":83}}},"78":{"name":"(anonymous_78)","line":862,"loc":{"start":{"line":862,"column":50},"end":{"line":862,"column":78}}},"79":{"name":"(anonymous_79)","line":882,"loc":{"start":{"line":882,"column":50},"end":{"line":882,"column":78}}},"80":{"name":"(anonymous_80)","line":895,"loc":{"start":{"line":895,"column":50},"end":{"line":895,"column":78}}},"81":{"name":"(anonymous_81)","line":903,"loc":{"start":{"line":903,"column":52},"end":{"line":903,"column":66}}},"82":{"name":"(anonymous_82)","line":904,"loc":{"start":{"line":904,"column":56},"end":{"line":904,"column":70}}},"83":{"name":"(anonymous_83)","line":940,"loc":{"start":{"line":940,"column":51},"end":{"line":940,"column":79}}},"84":{"name":"(anonymous_84)","line":948,"loc":{"start":{"line":948,"column":52},"end":{"line":948,"column":66}}},"85":{"name":"(anonymous_85)","line":949,"loc":{"start":{"line":949,"column":56},"end":{"line":949,"column":70}}},"86":{"name":"(anonymous_86)","line":995,"loc":{"start":{"line":995,"column":48},"end":{"line":995,"column":76}}},"87":{"name":"(anonymous_87)","line":1002,"loc":{"start":{"line":1002,"column":42},"end":{"line":1002,"column":61}}},"88":{"name":"(anonymous_88)","line":1015,"loc":{"start":{"line":1015,"column":48},"end":{"line":1015,"column":76}}},"89":{"name":"(anonymous_89)","line":1021,"loc":{"start":{"line":1021,"column":35},"end":{"line":1021,"column":50}}},"90":{"name":"(anonymous_90)","line":1025,"loc":{"start":{"line":1025,"column":15},"end":{"line":1025,"column":34}}},"91":{"name":"(anonymous_91)","line":1038,"loc":{"start":{"line":1038,"column":44},"end":{"line":1038,"column":72}}},"92":{"name":"(anonymous_92)","line":1042,"loc":{"start":{"line":1042,"column":34},"end":{"line":1042,"column":46}}},"93":{"name":"(anonymous_93)","line":1046,"loc":{"start":{"line":1046,"column":15},"end":{"line":1046,"column":32}}},"94":{"name":"(anonymous_94)","line":1053,"loc":{"start":{"line":1053,"column":38},"end":{"line":1053,"column":66}}},"95":{"name":"(anonymous_95)","line":1059,"loc":{"start":{"line":1059,"column":34},"end":{"line":1059,"column":46}}},"96":{"name":"(anonymous_96)","line":1063,"loc":{"start":{"line":1063,"column":34},"end":{"line":1063,"column":46}}},"97":{"name":"(anonymous_97)","line":1065,"loc":{"start":{"line":1065,"column":15},"end":{"line":1065,"column":32}}},"98":{"name":"(anonymous_98)","line":1072,"loc":{"start":{"line":1072,"column":48},"end":{"line":1072,"column":76}}},"99":{"name":"(anonymous_99)","line":1077,"loc":{"start":{"line":1077,"column":34},"end":{"line":1077,"column":51}}},"100":{"name":"(anonymous_100)","line":1087,"loc":{"start":{"line":1087,"column":50},"end":{"line":1087,"column":78}}},"101":{"name":"(anonymous_101)","line":1093,"loc":{"start":{"line":1093,"column":23},"end":{"line":1093,"column":40}}},"102":{"name":"(anonymous_102)","line":1109,"loc":{"start":{"line":1109,"column":23},"end":{"line":1109,"column":51}}},"103":{"name":"(anonymous_103)","line":1113,"loc":{"start":{"line":1113,"column":35},"end":{"line":1113,"column":47}}},"104":{"name":"(anonymous_104)","line":1129,"loc":{"start":{"line":1129,"column":23},"end":{"line":1129,"column":51}}},"105":{"name":"(anonymous_105)","line":1151,"loc":{"start":{"line":1151,"column":44},"end":{"line":1151,"column":72}}},"106":{"name":"(anonymous_106)","line":1159,"loc":{"start":{"line":1159,"column":51},"end":{"line":1159,"column":63}}},"107":{"name":"(anonymous_107)","line":1166,"loc":{"start":{"line":1166,"column":23},"end":{"line":1166,"column":35}}},"108":{"name":"(anonymous_108)","line":1167,"loc":{"start":{"line":1167,"column":51},"end":{"line":1167,"column":68}}},"109":{"name":"(anonymous_109)","line":1183,"loc":{"start":{"line":1183,"column":43},"end":{"line":1183,"column":71}}},"110":{"name":"(anonymous_110)","line":1188,"loc":{"start":{"line":1188,"column":28},"end":{"line":1188,"column":45}}},"111":{"name":"(anonymous_111)","line":1202,"loc":{"start":{"line":1202,"column":21},"end":{"line":1202,"column":33}}},"112":{"name":"(anonymous_112)","line":1207,"loc":{"start":{"line":1207,"column":44},"end":{"line":1207,"column":72}}},"113":{"name":"(anonymous_113)","line":1213,"loc":{"start":{"line":1213,"column":52},"end":{"line":1213,"column":64}}},"114":{"name":"(anonymous_114)","line":1222,"loc":{"start":{"line":1222,"column":26},"end":{"line":1222,"column":45}}},"115":{"name":"(anonymous_115)","line":1224,"loc":{"start":{"line":1224,"column":15},"end":{"line":1224,"column":45}}},"116":{"name":"(anonymous_116)","line":1235,"loc":{"start":{"line":1235,"column":51},"end":{"line":1235,"column":79}}},"117":{"name":"(anonymous_117)","line":1246,"loc":{"start":{"line":1246,"column":51},"end":{"line":1246,"column":79}}},"118":{"name":"(anonymous_118)","line":1273,"loc":{"start":{"line":1273,"column":54},"end":{"line":1273,"column":82}}},"119":{"name":"(anonymous_119)","line":1283,"loc":{"start":{"line":1283,"column":54},"end":{"line":1283,"column":82}}},"120":{"name":"(anonymous_120)","line":1293,"loc":{"start":{"line":1293,"column":48},"end":{"line":1293,"column":76}}},"121":{"name":"(anonymous_121)","line":1307,"loc":{"start":{"line":1307,"column":50},"end":{"line":1307,"column":78}}},"122":{"name":"(anonymous_122)","line":1313,"loc":{"start":{"line":1313,"column":34},"end":{"line":1313,"column":57}}},"123":{"name":"(anonymous_123)","line":1317,"loc":{"start":{"line":1317,"column":29},"end":{"line":1317,"column":48}}},"124":{"name":"(anonymous_124)","line":1381,"loc":{"start":{"line":1381,"column":53},"end":{"line":1381,"column":81}}},"125":{"name":"(anonymous_125)","line":1386,"loc":{"start":{"line":1386,"column":38},"end":{"line":1386,"column":57}}},"126":{"name":"(anonymous_126)","line":1390,"loc":{"start":{"line":1390,"column":15},"end":{"line":1390,"column":27}}},"127":{"name":"(anonymous_127)","line":1398,"loc":{"start":{"line":1398,"column":43},"end":{"line":1398,"column":71}}},"128":{"name":"(anonymous_128)","line":1404,"loc":{"start":{"line":1404,"column":33},"end":{"line":1404,"column":45}}},"129":{"name":"(anonymous_129)","line":1405,"loc":{"start":{"line":1405,"column":42},"end":{"line":1405,"column":61}}},"130":{"name":"(anonymous_130)","line":1411,"loc":{"start":{"line":1411,"column":23},"end":{"line":1411,"column":35}}},"131":{"name":"(anonymous_131)","line":1417,"loc":{"start":{"line":1417,"column":48},"end":{"line":1417,"column":76}}},"132":{"name":"(anonymous_132)","line":1498,"loc":{"start":{"line":1498,"column":44},"end":{"line":1498,"column":72}}},"133":{"name":"(anonymous_133)","line":1506,"loc":{"start":{"line":1506,"column":15},"end":{"line":1506,"column":34}}},"134":{"name":"(anonymous_134)","line":1514,"loc":{"start":{"line":1514,"column":44},"end":{"line":1514,"column":72}}},"135":{"name":"(anonymous_135)","line":1518,"loc":{"start":{"line":1518,"column":34},"end":{"line":1518,"column":46}}},"136":{"name":"(anonymous_136)","line":1520,"loc":{"start":{"line":1520,"column":15},"end":{"line":1520,"column":32}}},"137":{"name":"(anonymous_137)","line":1527,"loc":{"start":{"line":1527,"column":40},"end":{"line":1527,"column":68}}},"138":{"name":"(anonymous_138)","line":1543,"loc":{"start":{"line":1543,"column":42},"end":{"line":1543,"column":70}}},"139":{"name":"(anonymous_139)","line":1555,"loc":{"start":{"line":1555,"column":36},"end":{"line":1555,"column":55}}},"140":{"name":"(anonymous_140)","line":1588,"loc":{"start":{"line":1588,"column":45},"end":{"line":1588,"column":73}}},"141":{"name":"(anonymous_141)","line":1600,"loc":{"start":{"line":1600,"column":44},"end":{"line":1600,"column":59}}},"142":{"name":"(anonymous_142)","line":1616,"loc":{"start":{"line":1616,"column":41},"end":{"line":1616,"column":69}}},"143":{"name":"(anonymous_143)","line":1636,"loc":{"start":{"line":1636,"column":36},"end":{"line":1636,"column":55}}},"144":{"name":"(anonymous_144)","line":1637,"loc":{"start":{"line":1637,"column":63},"end":{"line":1637,"column":80}}},"145":{"name":"(anonymous_145)","line":1645,"loc":{"start":{"line":1645,"column":40},"end":{"line":1645,"column":68}}},"146":{"name":"(anonymous_146)","line":1650,"loc":{"start":{"line":1650,"column":73},"end":{"line":1650,"column":85}}},"147":{"name":"(anonymous_147)","line":1655,"loc":{"start":{"line":1655,"column":36},"end":{"line":1655,"column":55}}},"148":{"name":"(anonymous_148)","line":1656,"loc":{"start":{"line":1656,"column":43},"end":{"line":1656,"column":60}}},"149":{"name":"(anonymous_149)","line":1664,"loc":{"start":{"line":1664,"column":43},"end":{"line":1664,"column":71}}},"150":{"name":"(anonymous_150)","line":1694,"loc":{"start":{"line":1694,"column":51},"end":{"line":1694,"column":79}}},"151":{"name":"(anonymous_151)","line":1704,"loc":{"start":{"line":1704,"column":51},"end":{"line":1704,"column":79}}},"152":{"name":"(anonymous_152)","line":1726,"loc":{"start":{"line":1726,"column":36},"end":{"line":1726,"column":64}}},"153":{"name":"(anonymous_153)","line":1731,"loc":{"start":{"line":1731,"column":34},"end":{"line":1731,"column":57}}},"154":{"name":"(anonymous_154)","line":1761,"loc":{"start":{"line":1761,"column":45},"end":{"line":1761,"column":73}}},"155":{"name":"(anonymous_155)","line":1771,"loc":{"start":{"line":1771,"column":15},"end":{"line":1771,"column":34}}},"156":{"name":"(anonymous_156)","line":1778,"loc":{"start":{"line":1778,"column":15},"end":{"line":1778,"column":34}}},"157":{"name":"(anonymous_157)","line":1785,"loc":{"start":{"line":1785,"column":42},"end":{"line":1785,"column":70}}},"158":{"name":"(anonymous_158)","line":1823,"loc":{"start":{"line":1823,"column":48},"end":{"line":1823,"column":76}}},"159":{"name":"(anonymous_159)","line":1831,"loc":{"start":{"line":1831,"column":45},"end":{"line":1831,"column":64}}},"160":{"name":"(anonymous_160)","line":1834,"loc":{"start":{"line":1834,"column":32},"end":{"line":1834,"column":60}}},"161":{"name":"(anonymous_161)","line":1838,"loc":{"start":{"line":1838,"column":15},"end":{"line":1838,"column":34}}},"162":{"name":"(anonymous_162)","line":1855,"loc":{"start":{"line":1855,"column":45},"end":{"line":1855,"column":73}}},"163":{"name":"(anonymous_163)","line":1860,"loc":{"start":{"line":1860,"column":32},"end":{"line":1860,"column":44}}},"164":{"name":"(anonymous_164)","line":1866,"loc":{"start":{"line":1866,"column":32},"end":{"line":1866,"column":44}}},"165":{"name":"(anonymous_165)","line":1873,"loc":{"start":{"line":1873,"column":15},"end":{"line":1873,"column":34}}},"166":{"name":"(anonymous_166)","line":1881,"loc":{"start":{"line":1881,"column":32},"end":{"line":1881,"column":44}}},"167":{"name":"(anonymous_167)","line":1891,"loc":{"start":{"line":1891,"column":26},"end":{"line":1891,"column":41}}},"168":{"name":"(anonymous_168)","line":1892,"loc":{"start":{"line":1892,"column":50},"end":{"line":1892,"column":68}}},"169":{"name":"(anonymous_169)","line":1900,"loc":{"start":{"line":1900,"column":62},"end":{"line":1900,"column":90}}},"170":{"name":"(anonymous_170)","line":1912,"loc":{"start":{"line":1912,"column":28},"end":{"line":1912,"column":56}}},"171":{"name":"(anonymous_171)","line":1923,"loc":{"start":{"line":1923,"column":15},"end":{"line":1923,"column":34}}},"172":{"name":"(anonymous_172)","line":1929,"loc":{"start":{"line":1929,"column":28},"end":{"line":1929,"column":56}}},"173":{"name":"(anonymous_173)","line":1939,"loc":{"start":{"line":1939,"column":59},"end":{"line":1939,"column":87}}},"174":{"name":"(anonymous_174)","line":1964,"loc":{"start":{"line":1964,"column":45},"end":{"line":1964,"column":73}}},"175":{"name":"(anonymous_175)","line":1980,"loc":{"start":{"line":1980,"column":15},"end":{"line":1980,"column":42}}},"176":{"name":"(anonymous_176)","line":2000,"loc":{"start":{"line":2000,"column":15},"end":{"line":2000,"column":32}}},"177":{"name":"(anonymous_177)","line":2007,"loc":{"start":{"line":2007,"column":23},"end":{"line":2007,"column":35}}},"178":{"name":"(anonymous_178)","line":2011,"loc":{"start":{"line":2011,"column":19},"end":{"line":2011,"column":36}}},"179":{"name":"(anonymous_179)","line":2020,"loc":{"start":{"line":2020,"column":50},"end":{"line":2020,"column":78}}},"180":{"name":"(anonymous_180)","line":2034,"loc":{"start":{"line":2034,"column":56},"end":{"line":2034,"column":84}}},"181":{"name":"(anonymous_181)","line":2053,"loc":{"start":{"line":2053,"column":32},"end":{"line":2053,"column":55}}},"182":{"name":"(anonymous_182)","line":2063,"loc":{"start":{"line":2063,"column":32},"end":{"line":2063,"column":49}}},"183":{"name":"(anonymous_183)","line":2071,"loc":{"start":{"line":2071,"column":47},"end":{"line":2071,"column":75}}},"184":{"name":"(anonymous_184)","line":2094,"loc":{"start":{"line":2094,"column":57},"end":{"line":2094,"column":85}}},"185":{"name":"(anonymous_185)","line":2103,"loc":{"start":{"line":2103,"column":40},"end":{"line":2103,"column":63}}},"186":{"name":"(anonymous_186)","line":2109,"loc":{"start":{"line":2109,"column":27},"end":{"line":2109,"column":39}}},"187":{"name":"(anonymous_187)","line":2117,"loc":{"start":{"line":2117,"column":43},"end":{"line":2117,"column":71}}},"188":{"name":"(anonymous_188)","line":2128,"loc":{"start":{"line":2128,"column":47},"end":{"line":2128,"column":59}}},"189":{"name":"(anonymous_189)","line":2129,"loc":{"start":{"line":2129,"column":33},"end":{"line":2129,"column":60}}},"190":{"name":"(anonymous_190)","line":2138,"loc":{"start":{"line":2138,"column":36},"end":{"line":2138,"column":55}}},"191":{"name":"(anonymous_191)","line":2154,"loc":{"start":{"line":2154,"column":26},"end":{"line":2154,"column":44}}},"192":{"name":"(anonymous_192)","line":2164,"loc":{"start":{"line":2164,"column":39},"end":{"line":2164,"column":67}}},"193":{"name":"(anonymous_193)","line":2172,"loc":{"start":{"line":2172,"column":38},"end":{"line":2172,"column":54}}},"194":{"name":"(anonymous_194)","line":2179,"loc":{"start":{"line":2179,"column":37},"end":{"line":2179,"column":49}}},"195":{"name":"(anonymous_195)","line":2192,"loc":{"start":{"line":2192,"column":45},"end":{"line":2192,"column":73}}},"196":{"name":"(anonymous_196)","line":2202,"loc":{"start":{"line":2202,"column":33},"end":{"line":2202,"column":45}}},"197":{"name":"(anonymous_197)","line":2212,"loc":{"start":{"line":2212,"column":36},"end":{"line":2212,"column":55}}},"198":{"name":"(anonymous_198)","line":2220,"loc":{"start":{"line":2220,"column":61},"end":{"line":2220,"column":89}}},"199":{"name":"(anonymous_199)","line":2227,"loc":{"start":{"line":2227,"column":36},"end":{"line":2227,"column":55}}},"200":{"name":"(anonymous_200)","line":2242,"loc":{"start":{"line":2242,"column":50},"end":{"line":2242,"column":78}}},"201":{"name":"(anonymous_201)","line":2250,"loc":{"start":{"line":2250,"column":36},"end":{"line":2250,"column":55}}},"202":{"name":"(anonymous_202)","line":2261,"loc":{"start":{"line":2261,"column":39},"end":{"line":2261,"column":67}}},"203":{"name":"(anonymous_203)","line":2282,"loc":{"start":{"line":2282,"column":39},"end":{"line":2282,"column":56}}},"204":{"name":"(anonymous_204)","line":2294,"loc":{"start":{"line":2294,"column":5},"end":{"line":2294,"column":17}}},"205":{"name":"(anonymous_205)","line":2300,"loc":{"start":{"line":2300,"column":34},"end":{"line":2300,"column":79}}},"206":{"name":"(anonymous_206)","line":2316,"loc":{"start":{"line":2316,"column":60},"end":{"line":2316,"column":72}}},"207":{"name":"(anonymous_207)","line":2318,"loc":{"start":{"line":2318,"column":64},"end":{"line":2318,"column":76}}},"208":{"name":"(anonymous_208)","line":2335,"loc":{"start":{"line":2335,"column":19},"end":{"line":2335,"column":38}}},"209":{"name":"(anonymous_209)","line":2349,"loc":{"start":{"line":2349,"column":27},"end":{"line":2349,"column":39}}},"210":{"name":"(anonymous_210)","line":2366,"loc":{"start":{"line":2366,"column":77},"end":{"line":2369,"column":10}},"skip":true},"211":{"name":"(anonymous_211)","line":2377,"loc":{"start":{"line":2377,"column":12},"end":{"line":2377,"column":37}},"skip":true},"212":{"name":"(anonymous_212)","line":2402,"loc":{"start":{"line":2402,"column":24},"end":{"line":2402,"column":36}},"skip":true},"213":{"name":"(anonymous_213)","line":2409,"loc":{"start":{"line":2409,"column":15},"end":{"line":2409,"column":38}},"skip":true},"214":{"name":"(anonymous_214)","line":2415,"loc":{"start":{"line":2415,"column":24},"end":{"line":2415,"column":36}},"skip":true},"215":{"name":"(anonymous_215)","line":2428,"loc":{"start":{"line":2428,"column":23},"end":{"line":2428,"column":46}},"skip":true},"216":{"name":"(anonymous_216)","line":2440,"loc":{"start":{"line":2440,"column":24},"end":{"line":2440,"column":36}},"skip":true},"217":{"name":"(anonymous_217)","line":2472,"loc":{"start":{"line":2472,"column":46},"end":{"line":2472,"column":74}},"skip":true},"218":{"name":"(anonymous_218)","line":2476,"loc":{"start":{"line":2476,"column":22},"end":{"line":2476,"column":44}},"skip":true},"219":{"name":"(anonymous_219)","line":2503,"loc":{"start":{"line":2503,"column":15},"end":{"line":2503,"column":34}},"skip":true},"220":{"name":"(anonymous_220)","line":2512,"loc":{"start":{"line":2512,"column":45},"end":{"line":2512,"column":73}},"skip":true},"221":{"name":"(anonymous_221)","line":2518,"loc":{"start":{"line":2518,"column":34},"end":{"line":2518,"column":51}},"skip":true},"222":{"name":"(anonymous_222)","line":2550,"loc":{"start":{"line":2550,"column":30},"end":{"line":2550,"column":46}},"skip":true},"223":{"name":"(anonymous_223)","line":2564,"loc":{"start":{"line":2564,"column":83},"end":{"line":2567,"column":10}},"skip":true},"224":{"name":"(anonymous_224)","line":2575,"loc":{"start":{"line":2575,"column":77},"end":{"line":2578,"column":10}},"skip":true},"225":{"name":"(anonymous_225)","line":2591,"loc":{"start":{"line":2591,"column":12},"end":{"line":2591,"column":40}},"skip":true},"226":{"name":"(anonymous_226)","line":2599,"loc":{"start":{"line":2599,"column":77},"end":{"line":2602,"column":10}},"skip":true},"227":{"name":"(anonymous_227)","line":2610,"loc":{"start":{"line":2610,"column":83},"end":{"line":2613,"column":10}},"skip":true},"228":{"name":"(anonymous_228)","line":2621,"loc":{"start":{"line":2621,"column":79},"end":{"line":2624,"column":10}},"skip":true},"229":{"name":"(anonymous_229)","line":2632,"loc":{"start":{"line":2632,"column":75},"end":{"line":2635,"column":10}},"skip":true}},"statementMap":{"1":{"start":{"line":12,"column":0},"end":{"line":2647,"column":5}},"2":{"start":{"line":14,"column":4},"end":{"line":14,"column":14}},"3":{"start":{"line":19,"column":4},"end":{"line":56,"column":9}},"4":{"start":{"line":21,"column":8},"end":{"line":21,"column":19}},"5":{"start":{"line":23,"column":8},"end":{"line":35,"column":13}},"6":{"start":{"line":24,"column":12},"end":{"line":34,"column":13}},"7":{"start":{"line":25,"column":16},"end":{"line":28,"column":30}},"8":{"start":{"line":30,"column":16},"end":{"line":33,"column":27}},"9":{"start":{"line":37,"column":8},"end":{"line":39,"column":21}},"10":{"start":{"line":40,"column":8},"end":{"line":53,"column":9}},"11":{"start":{"line":43,"column":12},"end":{"line":46,"column":14}},"12":{"start":{"line":47,"column":12},"end":{"line":47,"column":18}},"13":{"start":{"line":50,"column":12},"end":{"line":51,"column":62}},"14":{"start":{"line":52,"column":12},"end":{"line":52,"column":18}},"15":{"start":{"line":55,"column":8},"end":{"line":55,"column":35}},"16":{"start":{"line":61,"column":4},"end":{"line":1609,"column":9}},"17":{"start":{"line":62,"column":8},"end":{"line":75,"column":10}},"18":{"start":{"line":67,"column":12},"end":{"line":67,"column":40}},"19":{"start":{"line":69,"column":12},"end":{"line":69,"column":22}},"20":{"start":{"line":71,"column":12},"end":{"line":71,"column":44}},"21":{"start":{"line":72,"column":12},"end":{"line":72,"column":41}},"22":{"start":{"line":74,"column":12},"end":{"line":74,"column":37}},"23":{"start":{"line":77,"column":8},"end":{"line":113,"column":10}},"24":{"start":{"line":81,"column":12},"end":{"line":81,"column":25}},"25":{"start":{"line":82,"column":12},"end":{"line":82,"column":71}},"26":{"start":{"line":83,"column":12},"end":{"line":85,"column":15}},"27":{"start":{"line":86,"column":12},"end":{"line":86,"column":48}},"28":{"start":{"line":87,"column":12},"end":{"line":87,"column":57}},"29":{"start":{"line":89,"column":12},"end":{"line":89,"column":56}},"30":{"start":{"line":91,"column":12},"end":{"line":91,"column":73}},"31":{"start":{"line":92,"column":12},"end":{"line":92,"column":36}},"32":{"start":{"line":93,"column":12},"end":{"line":93,"column":39}},"33":{"start":{"line":94,"column":12},"end":{"line":112,"column":15}},"34":{"start":{"line":96,"column":16},"end":{"line":96,"column":44}},"35":{"start":{"line":98,"column":16},"end":{"line":101,"column":42}},"36":{"start":{"line":102,"column":16},"end":{"line":105,"column":42}},"37":{"start":{"line":106,"column":16},"end":{"line":110,"column":42}},"38":{"start":{"line":111,"column":16},"end":{"line":111,"column":26}},"39":{"start":{"line":115,"column":8},"end":{"line":134,"column":10}},"40":{"start":{"line":119,"column":12},"end":{"line":133,"column":24}},"41":{"start":{"line":121,"column":20},"end":{"line":121,"column":48}},"42":{"start":{"line":124,"column":16},"end":{"line":124,"column":29}},"43":{"start":{"line":125,"column":16},"end":{"line":125,"column":52}},"44":{"start":{"line":126,"column":16},"end":{"line":126,"column":40}},"45":{"start":{"line":127,"column":16},"end":{"line":127,"column":43}},"46":{"start":{"line":128,"column":16},"end":{"line":132,"column":19}},"47":{"start":{"line":130,"column":20},"end":{"line":130,"column":47}},"48":{"start":{"line":131,"column":20},"end":{"line":131,"column":30}},"49":{"start":{"line":136,"column":8},"end":{"line":151,"column":10}},"50":{"start":{"line":140,"column":12},"end":{"line":140,"column":25}},"51":{"start":{"line":141,"column":12},"end":{"line":141,"column":48}},"52":{"start":{"line":142,"column":12},"end":{"line":142,"column":36}},"53":{"start":{"line":143,"column":12},"end":{"line":143,"column":39}},"54":{"start":{"line":144,"column":12},"end":{"line":150,"column":15}},"55":{"start":{"line":146,"column":16},"end":{"line":146,"column":44}},"56":{"start":{"line":148,"column":16},"end":{"line":148,"column":85}},"57":{"start":{"line":149,"column":16},"end":{"line":149,"column":26}},"58":{"start":{"line":153,"column":8},"end":{"line":175,"column":10}},"59":{"start":{"line":157,"column":12},"end":{"line":157,"column":25}},"60":{"start":{"line":158,"column":12},"end":{"line":159,"column":60}},"61":{"start":{"line":160,"column":12},"end":{"line":163,"column":13}},"62":{"start":{"line":161,"column":16},"end":{"line":161,"column":26}},"63":{"start":{"line":162,"column":16},"end":{"line":162,"column":23}},"64":{"start":{"line":164,"column":12},"end":{"line":174,"column":24}},"65":{"start":{"line":167,"column":20},"end":{"line":167,"column":26}},"66":{"start":{"line":170,"column":16},"end":{"line":170,"column":74}},"67":{"start":{"line":171,"column":16},"end":{"line":171,"column":46}},"68":{"start":{"line":172,"column":16},"end":{"line":172,"column":43}},"69":{"start":{"line":173,"column":16},"end":{"line":173,"column":26}},"70":{"start":{"line":177,"column":8},"end":{"line":190,"column":10}},"71":{"start":{"line":181,"column":12},"end":{"line":185,"column":15}},"72":{"start":{"line":183,"column":16},"end":{"line":183,"column":43}},"73":{"start":{"line":184,"column":16},"end":{"line":184,"column":26}},"74":{"start":{"line":187,"column":12},"end":{"line":187,"column":47}},"75":{"start":{"line":188,"column":12},"end":{"line":188,"column":28}},"76":{"start":{"line":189,"column":12},"end":{"line":189,"column":28}},"77":{"start":{"line":192,"column":8},"end":{"line":204,"column":10}},"78":{"start":{"line":196,"column":12},"end":{"line":196,"column":46}},"79":{"start":{"line":197,"column":12},"end":{"line":203,"column":15}},"80":{"start":{"line":199,"column":16},"end":{"line":199,"column":44}},"81":{"start":{"line":201,"column":16},"end":{"line":201,"column":59}},"82":{"start":{"line":202,"column":16},"end":{"line":202,"column":26}},"83":{"start":{"line":206,"column":8},"end":{"line":237,"column":10}},"84":{"start":{"line":210,"column":12},"end":{"line":223,"column":17}},"85":{"start":{"line":224,"column":12},"end":{"line":236,"column":24}},"86":{"start":{"line":225,"column":16},"end":{"line":225,"column":42}},"87":{"start":{"line":226,"column":16},"end":{"line":226,"column":40}},"88":{"start":{"line":227,"column":16},"end":{"line":235,"column":19}},"89":{"start":{"line":229,"column":20},"end":{"line":229,"column":47}},"90":{"start":{"line":231,"column":20},"end":{"line":231,"column":48}},"91":{"start":{"line":233,"column":20},"end":{"line":233,"column":55}},"92":{"start":{"line":234,"column":20},"end":{"line":234,"column":33}},"93":{"start":{"line":239,"column":8},"end":{"line":324,"column":10}},"94":{"start":{"line":243,"column":12},"end":{"line":243,"column":25}},"95":{"start":{"line":245,"column":12},"end":{"line":323,"column":15}},"96":{"start":{"line":251,"column":16},"end":{"line":251,"column":52}},"97":{"start":{"line":252,"column":16},"end":{"line":252,"column":40}},"98":{"start":{"line":253,"column":16},"end":{"line":286,"column":19}},"99":{"start":{"line":267,"column":20},"end":{"line":267,"column":48}},"100":{"start":{"line":269,"column":20},"end":{"line":269,"column":63}},"101":{"start":{"line":271,"column":20},"end":{"line":284,"column":21}},"102":{"start":{"line":275,"column":24},"end":{"line":275,"column":64}},"103":{"start":{"line":277,"column":24},"end":{"line":277,"column":52}},"104":{"start":{"line":278,"column":24},"end":{"line":278,"column":60}},"105":{"start":{"line":279,"column":24},"end":{"line":279,"column":30}},"106":{"start":{"line":282,"column":24},"end":{"line":282,"column":56}},"107":{"start":{"line":283,"column":24},"end":{"line":283,"column":66}},"108":{"start":{"line":285,"column":20},"end":{"line":285,"column":33}},"109":{"start":{"line":289,"column":16},"end":{"line":289,"column":44}},"110":{"start":{"line":291,"column":16},"end":{"line":322,"column":19}},"111":{"start":{"line":301,"column":20},"end":{"line":301,"column":48}},"112":{"start":{"line":303,"column":20},"end":{"line":303,"column":63}},"113":{"start":{"line":305,"column":20},"end":{"line":305,"column":52}},"114":{"start":{"line":306,"column":20},"end":{"line":306,"column":79}},"115":{"start":{"line":307,"column":20},"end":{"line":310,"column":22}},"116":{"start":{"line":312,"column":20},"end":{"line":312,"column":63}},"117":{"start":{"line":313,"column":20},"end":{"line":316,"column":22}},"118":{"start":{"line":317,"column":20},"end":{"line":317,"column":83}},"119":{"start":{"line":318,"column":20},"end":{"line":318,"column":62}},"120":{"start":{"line":319,"column":20},"end":{"line":319,"column":70}},"121":{"start":{"line":320,"column":20},"end":{"line":320,"column":62}},"122":{"start":{"line":321,"column":20},"end":{"line":321,"column":30}},"123":{"start":{"line":326,"column":8},"end":{"line":338,"column":10}},"124":{"start":{"line":330,"column":12},"end":{"line":330,"column":59}},"125":{"start":{"line":331,"column":12},"end":{"line":337,"column":21}},"126":{"start":{"line":332,"column":16},"end":{"line":336,"column":19}},"127":{"start":{"line":334,"column":20},"end":{"line":334,"column":47}},"128":{"start":{"line":335,"column":20},"end":{"line":335,"column":30}},"129":{"start":{"line":340,"column":8},"end":{"line":394,"column":10}},"130":{"start":{"line":344,"column":12},"end":{"line":344,"column":25}},"131":{"start":{"line":346,"column":12},"end":{"line":346,"column":37}},"132":{"start":{"line":348,"column":12},"end":{"line":355,"column":15}},"133":{"start":{"line":349,"column":16},"end":{"line":349,"column":35}},"134":{"start":{"line":352,"column":16},"end":{"line":352,"column":43}},"135":{"start":{"line":354,"column":16},"end":{"line":354,"column":57}},"136":{"start":{"line":357,"column":12},"end":{"line":364,"column":15}},"137":{"start":{"line":358,"column":16},"end":{"line":358,"column":41}},"138":{"start":{"line":361,"column":16},"end":{"line":361,"column":43}},"139":{"start":{"line":363,"column":16},"end":{"line":363,"column":59}},"140":{"start":{"line":366,"column":12},"end":{"line":371,"column":15}},"141":{"start":{"line":367,"column":16},"end":{"line":367,"column":55}},"142":{"start":{"line":370,"column":16},"end":{"line":370,"column":43}},"143":{"start":{"line":373,"column":12},"end":{"line":380,"column":15}},"144":{"start":{"line":374,"column":16},"end":{"line":374,"column":46}},"145":{"start":{"line":377,"column":16},"end":{"line":377,"column":43}},"146":{"start":{"line":379,"column":16},"end":{"line":379,"column":65}},"147":{"start":{"line":381,"column":12},"end":{"line":381,"column":59}},"148":{"start":{"line":382,"column":12},"end":{"line":392,"column":15}},"149":{"start":{"line":383,"column":16},"end":{"line":391,"column":19}},"150":{"start":{"line":384,"column":20},"end":{"line":390,"column":21}},"151":{"start":{"line":386,"column":24},"end":{"line":386,"column":54}},"152":{"start":{"line":389,"column":24},"end":{"line":389,"column":57}},"153":{"start":{"line":393,"column":12},"end":{"line":393,"column":22}},"154":{"start":{"line":396,"column":8},"end":{"line":415,"column":10}},"155":{"start":{"line":400,"column":12},"end":{"line":400,"column":25}},"156":{"start":{"line":401,"column":12},"end":{"line":401,"column":89}},"157":{"start":{"line":402,"column":12},"end":{"line":405,"column":14}},"158":{"start":{"line":406,"column":12},"end":{"line":409,"column":14}},"159":{"start":{"line":410,"column":12},"end":{"line":413,"column":14}},"160":{"start":{"line":414,"column":12},"end":{"line":414,"column":22}},"161":{"start":{"line":417,"column":8},"end":{"line":460,"column":10}},"162":{"start":{"line":421,"column":12},"end":{"line":426,"column":16}},"163":{"start":{"line":427,"column":12},"end":{"line":459,"column":24}},"164":{"start":{"line":428,"column":16},"end":{"line":428,"column":40}},"165":{"start":{"line":429,"column":16},"end":{"line":457,"column":19}},"166":{"start":{"line":430,"column":20},"end":{"line":430,"column":44}},"167":{"start":{"line":431,"column":20},"end":{"line":456,"column":23}},"168":{"start":{"line":433,"column":24},"end":{"line":433,"column":52}},"169":{"start":{"line":435,"column":24},"end":{"line":454,"column":25}},"170":{"start":{"line":437,"column":28},"end":{"line":440,"column":29}},"171":{"start":{"line":438,"column":32},"end":{"line":438,"column":89}},"172":{"start":{"line":439,"column":32},"end":{"line":439,"column":38}},"173":{"start":{"line":441,"column":28},"end":{"line":444,"column":30}},"174":{"start":{"line":445,"column":28},"end":{"line":445,"column":34}},"175":{"start":{"line":447,"column":28},"end":{"line":447,"column":72}},"176":{"start":{"line":448,"column":28},"end":{"line":448,"column":34}},"177":{"start":{"line":450,"column":28},"end":{"line":453,"column":30}},"178":{"start":{"line":455,"column":24},"end":{"line":455,"column":37}},"179":{"start":{"line":458,"column":16},"end":{"line":458,"column":29}},"180":{"start":{"line":462,"column":8},"end":{"line":479,"column":10}},"181":{"start":{"line":466,"column":12},"end":{"line":466,"column":25}},"182":{"start":{"line":467,"column":12},"end":{"line":467,"column":31}},"183":{"start":{"line":468,"column":12},"end":{"line":470,"column":13}},"184":{"start":{"line":469,"column":16},"end":{"line":469,"column":66}},"185":{"start":{"line":471,"column":12},"end":{"line":473,"column":13}},"186":{"start":{"line":472,"column":16},"end":{"line":472,"column":66}},"187":{"start":{"line":475,"column":12},"end":{"line":475,"column":61}},"188":{"start":{"line":476,"column":12},"end":{"line":476,"column":63}},"189":{"start":{"line":477,"column":12},"end":{"line":477,"column":86}},"190":{"start":{"line":478,"column":12},"end":{"line":478,"column":22}},"191":{"start":{"line":481,"column":8},"end":{"line":492,"column":10}},"192":{"start":{"line":485,"column":12},"end":{"line":487,"column":14}},"193":{"start":{"line":489,"column":12},"end":{"line":491,"column":24}},"194":{"start":{"line":490,"column":16},"end":{"line":490,"column":67}},"195":{"start":{"line":494,"column":8},"end":{"line":520,"column":10}},"196":{"start":{"line":498,"column":12},"end":{"line":518,"column":15}},"197":{"start":{"line":511,"column":16},"end":{"line":511,"column":28}},"198":{"start":{"line":512,"column":16},"end":{"line":516,"column":18}},"199":{"start":{"line":517,"column":16},"end":{"line":517,"column":70}},"200":{"start":{"line":519,"column":12},"end":{"line":519,"column":22}},"201":{"start":{"line":522,"column":8},"end":{"line":564,"column":10}},"202":{"start":{"line":526,"column":12},"end":{"line":557,"column":14}},"203":{"start":{"line":529,"column":24},"end":{"line":539,"column":36}},"204":{"start":{"line":546,"column":28},"end":{"line":546,"column":76}},"205":{"start":{"line":547,"column":28},"end":{"line":547,"column":44}},"206":{"start":{"line":550,"column":28},"end":{"line":550,"column":38}},"207":{"start":{"line":554,"column":24},"end":{"line":554,"column":39}},"208":{"start":{"line":558,"column":12},"end":{"line":562,"column":35}},"209":{"start":{"line":559,"column":16},"end":{"line":559,"column":86}},"210":{"start":{"line":560,"column":16},"end":{"line":560,"column":61}},"211":{"start":{"line":561,"column":16},"end":{"line":561,"column":26}},"212":{"start":{"line":563,"column":12},"end":{"line":563,"column":22}},"213":{"start":{"line":566,"column":8},"end":{"line":586,"column":10}},"214":{"start":{"line":570,"column":12},"end":{"line":570,"column":25}},"215":{"start":{"line":571,"column":12},"end":{"line":585,"column":24}},"216":{"start":{"line":574,"column":20},"end":{"line":574,"column":55}},"217":{"start":{"line":577,"column":16},"end":{"line":577,"column":34}},"218":{"start":{"line":578,"column":16},"end":{"line":578,"column":70}},"219":{"start":{"line":580,"column":16},"end":{"line":583,"column":18}},"220":{"start":{"line":584,"column":16},"end":{"line":584,"column":26}},"221":{"start":{"line":588,"column":8},"end":{"line":596,"column":10}},"222":{"start":{"line":592,"column":12},"end":{"line":592,"column":25}},"223":{"start":{"line":593,"column":12},"end":{"line":593,"column":44}},"224":{"start":{"line":594,"column":12},"end":{"line":594,"column":54}},"225":{"start":{"line":595,"column":12},"end":{"line":595,"column":22}},"226":{"start":{"line":598,"column":8},"end":{"line":614,"column":10}},"227":{"start":{"line":603,"column":12},"end":{"line":611,"column":15}},"228":{"start":{"line":612,"column":12},"end":{"line":612,"column":71}},"229":{"start":{"line":613,"column":12},"end":{"line":613,"column":22}},"230":{"start":{"line":616,"column":8},"end":{"line":623,"column":10}},"231":{"start":{"line":621,"column":12},"end":{"line":621,"column":53}},"232":{"start":{"line":622,"column":12},"end":{"line":622,"column":22}},"233":{"start":{"line":625,"column":8},"end":{"line":640,"column":10}},"234":{"start":{"line":629,"column":12},"end":{"line":629,"column":25}},"235":{"start":{"line":630,"column":12},"end":{"line":630,"column":57}},"236":{"start":{"line":632,"column":12},"end":{"line":632,"column":54}},"237":{"start":{"line":633,"column":12},"end":{"line":633,"column":62}},"238":{"start":{"line":635,"column":12},"end":{"line":635,"column":54}},"239":{"start":{"line":636,"column":12},"end":{"line":636,"column":58}},"240":{"start":{"line":638,"column":12},"end":{"line":638,"column":55}},"241":{"start":{"line":639,"column":12},"end":{"line":639,"column":22}},"242":{"start":{"line":642,"column":8},"end":{"line":678,"column":10}},"243":{"start":{"line":646,"column":12},"end":{"line":650,"column":14}},"244":{"start":{"line":651,"column":12},"end":{"line":677,"column":24}},"245":{"start":{"line":653,"column":16},"end":{"line":653,"column":75}},"246":{"start":{"line":655,"column":16},"end":{"line":655,"column":78}},"247":{"start":{"line":657,"column":16},"end":{"line":661,"column":18}},"248":{"start":{"line":663,"column":16},"end":{"line":663,"column":78}},"249":{"start":{"line":665,"column":16},"end":{"line":665,"column":73}},"250":{"start":{"line":667,"column":16},"end":{"line":667,"column":78}},"251":{"start":{"line":669,"column":16},"end":{"line":673,"column":18}},"252":{"start":{"line":675,"column":16},"end":{"line":675,"column":78}},"253":{"start":{"line":676,"column":16},"end":{"line":676,"column":26}},"254":{"start":{"line":680,"column":8},"end":{"line":691,"column":10}},"255":{"start":{"line":684,"column":12},"end":{"line":684,"column":25}},"256":{"start":{"line":686,"column":12},"end":{"line":689,"column":15}},"257":{"start":{"line":687,"column":16},"end":{"line":687,"column":55}},"258":{"start":{"line":688,"column":16},"end":{"line":688,"column":61}},"259":{"start":{"line":690,"column":12},"end":{"line":690,"column":22}},"260":{"start":{"line":693,"column":8},"end":{"line":722,"column":10}},"261":{"start":{"line":697,"column":12},"end":{"line":697,"column":25}},"262":{"start":{"line":699,"column":12},"end":{"line":703,"column":15}},"263":{"start":{"line":700,"column":16},"end":{"line":700,"column":62}},"264":{"start":{"line":701,"column":16},"end":{"line":701,"column":50}},"265":{"start":{"line":702,"column":16},"end":{"line":702,"column":62}},"266":{"start":{"line":705,"column":12},"end":{"line":714,"column":14}},"267":{"start":{"line":716,"column":12},"end":{"line":716,"column":33}},"268":{"start":{"line":717,"column":12},"end":{"line":720,"column":14}},"269":{"start":{"line":721,"column":12},"end":{"line":721,"column":22}},"270":{"start":{"line":724,"column":8},"end":{"line":744,"column":10}},"271":{"start":{"line":728,"column":12},"end":{"line":728,"column":25}},"272":{"start":{"line":729,"column":12},"end":{"line":729,"column":53}},"273":{"start":{"line":731,"column":12},"end":{"line":731,"column":80}},"274":{"start":{"line":732,"column":12},"end":{"line":732,"column":60}},"275":{"start":{"line":733,"column":12},"end":{"line":733,"column":80}},"276":{"start":{"line":735,"column":12},"end":{"line":735,"column":79}},"277":{"start":{"line":737,"column":12},"end":{"line":740,"column":14}},"278":{"start":{"line":742,"column":12},"end":{"line":742,"column":84}},"279":{"start":{"line":743,"column":12},"end":{"line":743,"column":22}},"280":{"start":{"line":746,"column":8},"end":{"line":772,"column":10}},"281":{"start":{"line":750,"column":12},"end":{"line":750,"column":25}},"282":{"start":{"line":751,"column":12},"end":{"line":751,"column":88}},"283":{"start":{"line":753,"column":12},"end":{"line":753,"column":80}},"284":{"start":{"line":754,"column":12},"end":{"line":754,"column":76}},"285":{"start":{"line":756,"column":12},"end":{"line":761,"column":14}},"286":{"start":{"line":762,"column":12},"end":{"line":762,"column":76}},"287":{"start":{"line":764,"column":12},"end":{"line":767,"column":14}},"288":{"start":{"line":769,"column":12},"end":{"line":769,"column":76}},"289":{"start":{"line":770,"column":12},"end":{"line":770,"column":52}},"290":{"start":{"line":771,"column":12},"end":{"line":771,"column":22}},"291":{"start":{"line":774,"column":8},"end":{"line":792,"column":10}},"292":{"start":{"line":778,"column":12},"end":{"line":778,"column":25}},"293":{"start":{"line":780,"column":12},"end":{"line":780,"column":52}},"294":{"start":{"line":781,"column":12},"end":{"line":781,"column":37}},"295":{"start":{"line":783,"column":12},"end":{"line":785,"column":13}},"296":{"start":{"line":784,"column":16},"end":{"line":784,"column":85}},"297":{"start":{"line":787,"column":12},"end":{"line":790,"column":14}},"298":{"start":{"line":791,"column":12},"end":{"line":791,"column":22}},"299":{"start":{"line":794,"column":8},"end":{"line":812,"column":10}},"300":{"start":{"line":798,"column":12},"end":{"line":798,"column":25}},"301":{"start":{"line":800,"column":12},"end":{"line":800,"column":35}},"302":{"start":{"line":802,"column":12},"end":{"line":808,"column":13}},"303":{"start":{"line":803,"column":16},"end":{"line":804,"column":80}},"304":{"start":{"line":806,"column":16},"end":{"line":806,"column":88}},"305":{"start":{"line":807,"column":16},"end":{"line":807,"column":91}},"306":{"start":{"line":810,"column":12},"end":{"line":810,"column":51}},"307":{"start":{"line":811,"column":12},"end":{"line":811,"column":22}},"308":{"start":{"line":814,"column":8},"end":{"line":848,"column":10}},"309":{"start":{"line":818,"column":12},"end":{"line":818,"column":25}},"310":{"start":{"line":820,"column":12},"end":{"line":820,"column":67}},"311":{"start":{"line":821,"column":12},"end":{"line":821,"column":59}},"312":{"start":{"line":822,"column":12},"end":{"line":822,"column":62}},"313":{"start":{"line":823,"column":12},"end":{"line":823,"column":52}},"314":{"start":{"line":824,"column":12},"end":{"line":824,"column":60}},"315":{"start":{"line":825,"column":12},"end":{"line":825,"column":52}},"316":{"start":{"line":827,"column":12},"end":{"line":827,"column":61}},"317":{"start":{"line":828,"column":12},"end":{"line":828,"column":53}},"318":{"start":{"line":829,"column":12},"end":{"line":829,"column":62}},"319":{"start":{"line":830,"column":12},"end":{"line":830,"column":52}},"320":{"start":{"line":831,"column":12},"end":{"line":831,"column":60}},"321":{"start":{"line":832,"column":12},"end":{"line":832,"column":52}},"322":{"start":{"line":834,"column":12},"end":{"line":834,"column":63}},"323":{"start":{"line":835,"column":12},"end":{"line":835,"column":53}},"324":{"start":{"line":836,"column":12},"end":{"line":836,"column":64}},"325":{"start":{"line":837,"column":12},"end":{"line":837,"column":51}},"326":{"start":{"line":838,"column":12},"end":{"line":838,"column":62}},"327":{"start":{"line":839,"column":12},"end":{"line":839,"column":51}},"328":{"start":{"line":841,"column":12},"end":{"line":841,"column":64}},"329":{"start":{"line":842,"column":12},"end":{"line":842,"column":54}},"330":{"start":{"line":843,"column":12},"end":{"line":843,"column":64}},"331":{"start":{"line":844,"column":12},"end":{"line":844,"column":52}},"332":{"start":{"line":845,"column":12},"end":{"line":845,"column":62}},"333":{"start":{"line":846,"column":12},"end":{"line":846,"column":52}},"334":{"start":{"line":847,"column":12},"end":{"line":847,"column":22}},"335":{"start":{"line":850,"column":8},"end":{"line":860,"column":10}},"336":{"start":{"line":854,"column":12},"end":{"line":854,"column":39}},"337":{"start":{"line":855,"column":12},"end":{"line":858,"column":14}},"338":{"start":{"line":859,"column":12},"end":{"line":859,"column":22}},"339":{"start":{"line":862,"column":8},"end":{"line":880,"column":10}},"340":{"start":{"line":866,"column":12},"end":{"line":873,"column":14}},"341":{"start":{"line":874,"column":12},"end":{"line":874,"column":54}},"342":{"start":{"line":875,"column":12},"end":{"line":878,"column":14}},"343":{"start":{"line":879,"column":12},"end":{"line":879,"column":22}},"344":{"start":{"line":882,"column":8},"end":{"line":893,"column":10}},"345":{"start":{"line":886,"column":12},"end":{"line":889,"column":15}},"346":{"start":{"line":891,"column":12},"end":{"line":891,"column":71}},"347":{"start":{"line":892,"column":12},"end":{"line":892,"column":22}},"348":{"start":{"line":895,"column":8},"end":{"line":938,"column":10}},"349":{"start":{"line":900,"column":12},"end":{"line":900,"column":37}},"350":{"start":{"line":901,"column":12},"end":{"line":901,"column":39}},"351":{"start":{"line":903,"column":12},"end":{"line":912,"column":15}},"352":{"start":{"line":904,"column":16},"end":{"line":911,"column":19}},"353":{"start":{"line":905,"column":20},"end":{"line":910,"column":22}},"354":{"start":{"line":914,"column":12},"end":{"line":919,"column":14}},"355":{"start":{"line":921,"column":12},"end":{"line":924,"column":14}},"356":{"start":{"line":926,"column":12},"end":{"line":931,"column":14}},"357":{"start":{"line":933,"column":12},"end":{"line":936,"column":14}},"358":{"start":{"line":937,"column":12},"end":{"line":937,"column":22}},"359":{"start":{"line":940,"column":8},"end":{"line":993,"column":10}},"360":{"start":{"line":945,"column":12},"end":{"line":945,"column":38}},"361":{"start":{"line":946,"column":12},"end":{"line":946,"column":40}},"362":{"start":{"line":948,"column":12},"end":{"line":957,"column":15}},"363":{"start":{"line":949,"column":16},"end":{"line":956,"column":19}},"364":{"start":{"line":950,"column":20},"end":{"line":955,"column":22}},"365":{"start":{"line":959,"column":12},"end":{"line":964,"column":14}},"366":{"start":{"line":966,"column":12},"end":{"line":969,"column":14}},"367":{"start":{"line":971,"column":12},"end":{"line":976,"column":14}},"368":{"start":{"line":978,"column":12},"end":{"line":981,"column":14}},"369":{"start":{"line":983,"column":12},"end":{"line":989,"column":14}},"370":{"start":{"line":991,"column":12},"end":{"line":991,"column":59}},"371":{"start":{"line":992,"column":12},"end":{"line":992,"column":22}},"372":{"start":{"line":995,"column":8},"end":{"line":1013,"column":10}},"373":{"start":{"line":999,"column":12},"end":{"line":999,"column":72}},"374":{"start":{"line":1001,"column":12},"end":{"line":1001,"column":35}},"375":{"start":{"line":1002,"column":12},"end":{"line":1006,"column":15}},"376":{"start":{"line":1003,"column":16},"end":{"line":1005,"column":17}},"377":{"start":{"line":1004,"column":20},"end":{"line":1004,"column":38}},"378":{"start":{"line":1008,"column":12},"end":{"line":1011,"column":14}},"379":{"start":{"line":1012,"column":12},"end":{"line":1012,"column":22}},"380":{"start":{"line":1015,"column":8},"end":{"line":1036,"column":10}},"381":{"start":{"line":1019,"column":12},"end":{"line":1035,"column":24}},"382":{"start":{"line":1022,"column":20},"end":{"line":1022,"column":34}},"383":{"start":{"line":1027,"column":16},"end":{"line":1027,"column":39}},"384":{"start":{"line":1029,"column":16},"end":{"line":1029,"column":48}},"385":{"start":{"line":1031,"column":16},"end":{"line":1031,"column":57}},"386":{"start":{"line":1033,"column":16},"end":{"line":1033,"column":47}},"387":{"start":{"line":1034,"column":16},"end":{"line":1034,"column":26}},"388":{"start":{"line":1038,"column":8},"end":{"line":1051,"column":10}},"389":{"start":{"line":1042,"column":12},"end":{"line":1050,"column":15}},"390":{"start":{"line":1043,"column":16},"end":{"line":1043,"column":29}},"391":{"start":{"line":1044,"column":16},"end":{"line":1044,"column":44}},"392":{"start":{"line":1045,"column":16},"end":{"line":1045,"column":50}},"393":{"start":{"line":1048,"column":16},"end":{"line":1048,"column":43}},"394":{"start":{"line":1049,"column":16},"end":{"line":1049,"column":26}},"395":{"start":{"line":1053,"column":8},"end":{"line":1070,"column":10}},"396":{"start":{"line":1058,"column":12},"end":{"line":1058,"column":25}},"397":{"start":{"line":1059,"column":12},"end":{"line":1061,"column":15}},"398":{"start":{"line":1060,"column":16},"end":{"line":1060,"column":41}},"399":{"start":{"line":1062,"column":12},"end":{"line":1062,"column":33}},"400":{"start":{"line":1063,"column":12},"end":{"line":1069,"column":15}},"401":{"start":{"line":1064,"column":16},"end":{"line":1064,"column":33}},"402":{"start":{"line":1067,"column":16},"end":{"line":1067,"column":43}},"403":{"start":{"line":1068,"column":16},"end":{"line":1068,"column":26}},"404":{"start":{"line":1072,"column":8},"end":{"line":1149,"column":10}},"405":{"start":{"line":1076,"column":12},"end":{"line":1076,"column":25}},"406":{"start":{"line":1077,"column":12},"end":{"line":1146,"column":15}},"407":{"start":{"line":1078,"column":16},"end":{"line":1145,"column":17}},"408":{"start":{"line":1081,"column":20},"end":{"line":1081,"column":81}},"409":{"start":{"line":1082,"column":20},"end":{"line":1082,"column":26}},"410":{"start":{"line":1084,"column":20},"end":{"line":1084,"column":42}},"411":{"start":{"line":1086,"column":20},"end":{"line":1086,"column":43}},"412":{"start":{"line":1087,"column":20},"end":{"line":1097,"column":23}},"413":{"start":{"line":1088,"column":24},"end":{"line":1088,"column":48}},"414":{"start":{"line":1090,"column":24},"end":{"line":1090,"column":61}},"415":{"start":{"line":1092,"column":24},"end":{"line":1092,"column":53}},"416":{"start":{"line":1095,"column":24},"end":{"line":1095,"column":51}},"417":{"start":{"line":1096,"column":24},"end":{"line":1096,"column":41}},"418":{"start":{"line":1098,"column":20},"end":{"line":1098,"column":26}},"419":{"start":{"line":1100,"column":20},"end":{"line":1100,"column":38}},"420":{"start":{"line":1102,"column":20},"end":{"line":1102,"column":42}},"421":{"start":{"line":1103,"column":20},"end":{"line":1103,"column":40}},"422":{"start":{"line":1105,"column":20},"end":{"line":1105,"column":43}},"423":{"start":{"line":1106,"column":20},"end":{"line":1117,"column":58}},"424":{"start":{"line":1110,"column":24},"end":{"line":1110,"column":48}},"425":{"start":{"line":1111,"column":24},"end":{"line":1111,"column":92}},"426":{"start":{"line":1113,"column":24},"end":{"line":1116,"column":27}},"427":{"start":{"line":1114,"column":28},"end":{"line":1114,"column":65}},"428":{"start":{"line":1115,"column":28},"end":{"line":1115,"column":85}},"429":{"start":{"line":1118,"column":20},"end":{"line":1118,"column":26}},"430":{"start":{"line":1121,"column":20},"end":{"line":1121,"column":73}},"431":{"start":{"line":1122,"column":20},"end":{"line":1122,"column":62}},"432":{"start":{"line":1123,"column":20},"end":{"line":1123,"column":38}},"433":{"start":{"line":1124,"column":20},"end":{"line":1124,"column":55}},"434":{"start":{"line":1125,"column":20},"end":{"line":1125,"column":40}},"435":{"start":{"line":1126,"column":20},"end":{"line":1135,"column":39}},"436":{"start":{"line":1131,"column":24},"end":{"line":1131,"column":48}},"437":{"start":{"line":1132,"column":24},"end":{"line":1132,"column":88}},"438":{"start":{"line":1133,"column":24},"end":{"line":1133,"column":61}},"439":{"start":{"line":1134,"column":24},"end":{"line":1134,"column":37}},"440":{"start":{"line":1136,"column":20},"end":{"line":1136,"column":26}},"441":{"start":{"line":1139,"column":20},"end":{"line":1139,"column":73}},"442":{"start":{"line":1140,"column":20},"end":{"line":1140,"column":62}},"443":{"start":{"line":1141,"column":20},"end":{"line":1141,"column":37}},"444":{"start":{"line":1142,"column":20},"end":{"line":1142,"column":26}},"445":{"start":{"line":1144,"column":20},"end":{"line":1144,"column":35}},"446":{"start":{"line":1147,"column":12},"end":{"line":1147,"column":33}},"447":{"start":{"line":1148,"column":12},"end":{"line":1148,"column":29}},"448":{"start":{"line":1151,"column":8},"end":{"line":1181,"column":10}},"449":{"start":{"line":1155,"column":12},"end":{"line":1155,"column":44}},"450":{"start":{"line":1157,"column":12},"end":{"line":1157,"column":31}},"451":{"start":{"line":1159,"column":12},"end":{"line":1162,"column":15}},"452":{"start":{"line":1161,"column":16},"end":{"line":1161,"column":66}},"453":{"start":{"line":1163,"column":12},"end":{"line":1163,"column":36}},"454":{"start":{"line":1165,"column":12},"end":{"line":1165,"column":36}},"455":{"start":{"line":1166,"column":12},"end":{"line":1178,"column":15}},"456":{"start":{"line":1167,"column":16},"end":{"line":1171,"column":19}},"457":{"start":{"line":1169,"column":20},"end":{"line":1169,"column":47}},"458":{"start":{"line":1170,"column":20},"end":{"line":1170,"column":33}},"459":{"start":{"line":1172,"column":16},"end":{"line":1172,"column":45}},"460":{"start":{"line":1174,"column":16},"end":{"line":1174,"column":45}},"461":{"start":{"line":1175,"column":16},"end":{"line":1175,"column":52}},"462":{"start":{"line":1177,"column":16},"end":{"line":1177,"column":34}},"463":{"start":{"line":1180,"column":12},"end":{"line":1180,"column":25}},"464":{"start":{"line":1183,"column":8},"end":{"line":1205,"column":10}},"465":{"start":{"line":1187,"column":12},"end":{"line":1187,"column":47}},"466":{"start":{"line":1188,"column":12},"end":{"line":1204,"column":15}},"467":{"start":{"line":1190,"column":16},"end":{"line":1190,"column":43}},"468":{"start":{"line":1192,"column":16},"end":{"line":1195,"column":18}},"469":{"start":{"line":1197,"column":16},"end":{"line":1197,"column":47}},"470":{"start":{"line":1199,"column":16},"end":{"line":1199,"column":67}},"471":{"start":{"line":1200,"column":16},"end":{"line":1200,"column":26}},"472":{"start":{"line":1203,"column":16},"end":{"line":1203,"column":57}},"473":{"start":{"line":1207,"column":8},"end":{"line":1233,"column":10}},"474":{"start":{"line":1211,"column":12},"end":{"line":1211,"column":25}},"475":{"start":{"line":1213,"column":12},"end":{"line":1215,"column":15}},"476":{"start":{"line":1214,"column":16},"end":{"line":1214,"column":23}},"477":{"start":{"line":1217,"column":12},"end":{"line":1220,"column":14}},"478":{"start":{"line":1222,"column":12},"end":{"line":1232,"column":15}},"479":{"start":{"line":1223,"column":16},"end":{"line":1223,"column":36}},"480":{"start":{"line":1226,"column":16},"end":{"line":1226,"column":44}},"481":{"start":{"line":1227,"column":16},"end":{"line":1227,"column":50}},"482":{"start":{"line":1229,"column":16},"end":{"line":1230,"column":85}},"483":{"start":{"line":1231,"column":16},"end":{"line":1231,"column":26}},"484":{"start":{"line":1235,"column":8},"end":{"line":1244,"column":10}},"485":{"start":{"line":1239,"column":12},"end":{"line":1239,"column":25}},"486":{"start":{"line":1241,"column":12},"end":{"line":1241,"column":72}},"487":{"start":{"line":1243,"column":12},"end":{"line":1243,"column":87}},"488":{"start":{"line":1246,"column":8},"end":{"line":1271,"column":10}},"489":{"start":{"line":1250,"column":12},"end":{"line":1250,"column":25}},"490":{"start":{"line":1252,"column":12},"end":{"line":1252,"column":56}},"491":{"start":{"line":1253,"column":12},"end":{"line":1253,"column":75}},"492":{"start":{"line":1256,"column":12},"end":{"line":1260,"column":14}},"493":{"start":{"line":1261,"column":12},"end":{"line":1261,"column":55}},"494":{"start":{"line":1264,"column":12},"end":{"line":1268,"column":14}},"495":{"start":{"line":1269,"column":12},"end":{"line":1269,"column":54}},"496":{"start":{"line":1270,"column":12},"end":{"line":1270,"column":22}},"497":{"start":{"line":1273,"column":8},"end":{"line":1281,"column":10}},"498":{"start":{"line":1277,"column":12},"end":{"line":1277,"column":25}},"499":{"start":{"line":1278,"column":12},"end":{"line":1278,"column":60}},"500":{"start":{"line":1279,"column":12},"end":{"line":1279,"column":96}},"501":{"start":{"line":1280,"column":12},"end":{"line":1280,"column":22}},"502":{"start":{"line":1283,"column":8},"end":{"line":1291,"column":10}},"503":{"start":{"line":1287,"column":12},"end":{"line":1287,"column":25}},"504":{"start":{"line":1288,"column":12},"end":{"line":1288,"column":66}},"505":{"start":{"line":1289,"column":12},"end":{"line":1289,"column":96}},"506":{"start":{"line":1290,"column":12},"end":{"line":1290,"column":22}},"507":{"start":{"line":1293,"column":8},"end":{"line":1305,"column":10}},"508":{"start":{"line":1297,"column":12},"end":{"line":1297,"column":25}},"509":{"start":{"line":1299,"column":12},"end":{"line":1299,"column":90}},"510":{"start":{"line":1300,"column":12},"end":{"line":1303,"column":14}},"511":{"start":{"line":1304,"column":12},"end":{"line":1304,"column":22}},"512":{"start":{"line":1307,"column":8},"end":{"line":1379,"column":10}},"513":{"start":{"line":1311,"column":12},"end":{"line":1311,"column":48}},"514":{"start":{"line":1312,"column":12},"end":{"line":1312,"column":25}},"515":{"start":{"line":1313,"column":12},"end":{"line":1376,"column":15}},"516":{"start":{"line":1314,"column":16},"end":{"line":1375,"column":17}},"517":{"start":{"line":1317,"column":20},"end":{"line":1319,"column":22}},"518":{"start":{"line":1318,"column":24},"end":{"line":1318,"column":50}},"519":{"start":{"line":1320,"column":20},"end":{"line":1320,"column":76}},"520":{"start":{"line":1321,"column":20},"end":{"line":1321,"column":43}},"521":{"start":{"line":1323,"column":20},"end":{"line":1323,"column":62}},"522":{"start":{"line":1324,"column":20},"end":{"line":1324,"column":38}},"523":{"start":{"line":1325,"column":20},"end":{"line":1330,"column":22}},"524":{"start":{"line":1331,"column":20},"end":{"line":1331,"column":80}},"525":{"start":{"line":1332,"column":20},"end":{"line":1332,"column":26}},"526":{"start":{"line":1335,"column":20},"end":{"line":1335,"column":54}},"527":{"start":{"line":1337,"column":20},"end":{"line":1337,"column":86}},"528":{"start":{"line":1338,"column":20},"end":{"line":1338,"column":26}},"529":{"start":{"line":1341,"column":20},"end":{"line":1341,"column":38}},"530":{"start":{"line":1342,"column":20},"end":{"line":1349,"column":22}},"531":{"start":{"line":1350,"column":20},"end":{"line":1350,"column":80}},"532":{"start":{"line":1351,"column":20},"end":{"line":1351,"column":26}},"533":{"start":{"line":1354,"column":20},"end":{"line":1354,"column":54}},"534":{"start":{"line":1356,"column":20},"end":{"line":1356,"column":74}},"535":{"start":{"line":1357,"column":20},"end":{"line":1357,"column":26}},"536":{"start":{"line":1360,"column":20},"end":{"line":1363,"column":22}},"537":{"start":{"line":1364,"column":20},"end":{"line":1364,"column":80}},"538":{"start":{"line":1365,"column":20},"end":{"line":1365,"column":26}},"539":{"start":{"line":1368,"column":20},"end":{"line":1368,"column":54}},"540":{"start":{"line":1370,"column":20},"end":{"line":1370,"column":74}},"541":{"start":{"line":1371,"column":20},"end":{"line":1371,"column":37}},"542":{"start":{"line":1372,"column":20},"end":{"line":1372,"column":26}},"543":{"start":{"line":1374,"column":20},"end":{"line":1374,"column":35}},"544":{"start":{"line":1377,"column":12},"end":{"line":1377,"column":33}},"545":{"start":{"line":1378,"column":12},"end":{"line":1378,"column":29}},"546":{"start":{"line":1381,"column":8},"end":{"line":1396,"column":10}},"547":{"start":{"line":1385,"column":12},"end":{"line":1385,"column":79}},"548":{"start":{"line":1386,"column":12},"end":{"line":1392,"column":15}},"549":{"start":{"line":1387,"column":16},"end":{"line":1387,"column":26}},"550":{"start":{"line":1389,"column":16},"end":{"line":1389,"column":26}},"551":{"start":{"line":1391,"column":16},"end":{"line":1391,"column":37}},"552":{"start":{"line":1394,"column":12},"end":{"line":1394,"column":54}},"553":{"start":{"line":1395,"column":12},"end":{"line":1395,"column":22}},"554":{"start":{"line":1398,"column":8},"end":{"line":1415,"column":10}},"555":{"start":{"line":1402,"column":12},"end":{"line":1402,"column":72}},"556":{"start":{"line":1404,"column":12},"end":{"line":1409,"column":15}},"557":{"start":{"line":1405,"column":16},"end":{"line":1408,"column":19}},"558":{"start":{"line":1406,"column":20},"end":{"line":1406,"column":41}},"559":{"start":{"line":1407,"column":20},"end":{"line":1407,"column":40}},"560":{"start":{"line":1411,"column":12},"end":{"line":1414,"column":15}},"561":{"start":{"line":1412,"column":16},"end":{"line":1412,"column":58}},"562":{"start":{"line":1413,"column":16},"end":{"line":1413,"column":26}},"563":{"start":{"line":1417,"column":8},"end":{"line":1496,"column":10}},"564":{"start":{"line":1421,"column":12},"end":{"line":1421,"column":25}},"565":{"start":{"line":1423,"column":12},"end":{"line":1423,"column":62}},"566":{"start":{"line":1424,"column":12},"end":{"line":1424,"column":58}},"567":{"start":{"line":1426,"column":12},"end":{"line":1440,"column":19}},"568":{"start":{"line":1441,"column":12},"end":{"line":1444,"column":14}},"569":{"start":{"line":1446,"column":12},"end":{"line":1471,"column":19}},"570":{"start":{"line":1472,"column":12},"end":{"line":1494,"column":39}},"571":{"start":{"line":1495,"column":12},"end":{"line":1495,"column":22}},"572":{"start":{"line":1498,"column":8},"end":{"line":1512,"column":10}},"573":{"start":{"line":1502,"column":12},"end":{"line":1502,"column":25}},"574":{"start":{"line":1503,"column":12},"end":{"line":1511,"column":24}},"575":{"start":{"line":1507,"column":16},"end":{"line":1507,"column":46}},"576":{"start":{"line":1509,"column":16},"end":{"line":1509,"column":61}},"577":{"start":{"line":1510,"column":16},"end":{"line":1510,"column":26}},"578":{"start":{"line":1514,"column":8},"end":{"line":1525,"column":10}},"579":{"start":{"line":1518,"column":12},"end":{"line":1524,"column":15}},"580":{"start":{"line":1519,"column":16},"end":{"line":1519,"column":35}},"581":{"start":{"line":1522,"column":16},"end":{"line":1522,"column":43}},"582":{"start":{"line":1523,"column":16},"end":{"line":1523,"column":39}},"583":{"start":{"line":1527,"column":8},"end":{"line":1541,"column":10}},"584":{"start":{"line":1531,"column":12},"end":{"line":1531,"column":25}},"585":{"start":{"line":1533,"column":12}
[...]
'","            ? window","            : global;","        // init utility2_rollup","        local = local.global.utility2_rollup || (local.modeJs === 'browser'","            ? local.global.utility2_utility2","            : global.utility2_moduleExports);","        // init exports","        local.global.local = local;","        // run test-server","        local.testRunServer(local);","        // init assets","        local.assetsDict['/assets.hello'] = 'hello\\n';","        local.assetsDict['/assets.index.template.html'] = '';","    }());","    switch (local.modeJs) {","","","","    // run browser js-env code - function","    case 'browser':","        local.testCase_ajax_200 = function (options, onError) {","        /*","         * this function will test ajax's \"200 ok\" handling-behavior","         */","            options = {};","            // test ajax-path 'assets.hello'","            local.ajax({ url: 'assets.hello' }, function (error, xhr) {","                local.tryCatchOnError(function () {","                    // validate no error occurred","                    local.assert(!error, error);","                    // validate data","                    options.data = xhr.responseText;","                    local.assert(options.data === 'hello\\n', options.data);","                    onError();","                }, onError);","            });","        };","        local.testCase_ajax_404 = function (options, onError) {","        /*","         * this function will test ajax's \"404 not found\" handling-behavior","         */","            options = {};","            // test ajax-path '/undefined'","            local.ajax({ url: '/undefined' }, function (error) {","                local.tryCatchOnError(function () {","                    // validate error occurred","                    local.assert(error, error);","                    options.statusCode = error.statusCode;","                    // validate 404 http statusCode","                    local.assert(options.statusCode === 404, options.statusCode);","                    onError();","                }, onError);","            });","        };","        break;","","","","    // run node js-env code - function","    case 'node':","        local.testCase_webpage_default = function (options, onError) {","        /*","         * this function will test webpage's default handling-behavior","         */","            options = { modeCoverageMerge: true, url: local.serverLocalHost + '?modeTest=1' };","            local.browserTest(options, onError);","        };","        break;","    }","    switch (local.modeJs) {","","","","    // init-after","    // run browser js-env code - init-after","    /* istanbul ignore next */","    case 'browser':","        local.testRunBrowser = function (event) {","            if (!event || (event &&","                    event.currentTarget &&","                    event.currentTarget.className &&","                    event.currentTarget.className.includes &&","                    event.currentTarget.className.includes('onreset'))) {","                // reset output","                Array.from(","                    document.querySelectorAll('body > .resettable')","                ).forEach(function (element) {","                    switch (element.tagName) {","                    case 'INPUT':","                    case 'TEXTAREA':","                        element.value = '';","                        break;","                    default:","                        element.textContent = '';","                    }","                });","            }","            switch (event && event.currentTarget && event.currentTarget.id) {","            case 'testRunButton1':","                // show tests","                if (document.querySelector('#testReportDiv1').style.maxHeight === '0px') {","                    local.uiAnimateSlideDown(document.querySelector('#testReportDiv1'));","                    document.querySelector('#testRunButton1').textContent =","                        'hide internal test';","                    local.modeTest = true;","                    local.testRunDefault(local);","                // hide tests","                } else {","                    local.uiAnimateSlideUp(document.querySelector('#testReportDiv1'));","                    document.querySelector('#testRunButton1').textContent = 'run internal test';","                }","                break;","            // custom-case","            case 'testRunButton2':","                // run tests","                local.modeTest = true;","                local.testRunDefault(local);","                break;","            default:","                if (location.href.indexOf(\"modeTest=\") >= 0) {","                    return;","                }","                // try to JSON.stringify #inputTextareaEval1","                try {","                    document.querySelector('#outputPreJsonStringify1').textContent = '';","                    document.querySelector('#outputPreJsonStringify1').textContent =","                        local.jsonStringifyOrdered(","                            JSON.parse(document.querySelector('#inputTextareaEval1').value),","                            null,","                            4","                        );","                } catch (ignore) {","                }","                // jslint #inputTextareaEval1","                local.jslint.errorText = '';","                if (document.querySelector('#inputTextareaEval1').value","                        .indexOf('/*jslint') >= 0) {","                    local.jslint.jslintAndPrint(","                        document.querySelector('#inputTextareaEval1').value,","                        'inputTextareaEval1.js'","                    );","                }","                document.querySelector('#outputPreJslint1').textContent =","                    local.jslint.errorText","                    .replace((/\\u001b\\[\\d+m/g), '')","                    .trim();","                // try to cleanup __coverage__","                try {","                    delete local.global.__coverage__['/inputTextareaEval1.js'];","                } catch (ignore) {","                }","                // try to cover and eval input-code","                try {","                    /*jslint evil: true*/","                    document.querySelector('#outputTextarea1').value =","                        local.istanbul.instrumentSync(","                            document.querySelector('#inputTextareaEval1').value,","                            '/inputTextareaEval1.js'","                        );","                    eval(document.querySelector('#outputTextarea1').value);","                    document.querySelector('#coverageReportDiv1').innerHTML =","                        local.istanbul.coverageReportCreate({","                            coverage: window.__coverage__","                        });","                } catch (errorCaught) {","                    console.error(errorCaught);","                }","            }","            if (document.querySelector('#inputTextareaEval1') && (!event || (event &&","                    event.currentTarget &&","                    event.currentTarget.className &&","                    event.currentTarget.className.includes &&","                    event.currentTarget.className.includes('oneval')))) {","                // try to eval input-code","                try {","                    /*jslint evil: true*/","                    eval(document.querySelector('#inputTextareaEval1').value);","                } catch (errorCaught) {","                    console.error(errorCaught);","                }","            }","        };","        // log stderr and stdout to #outputTextareaStdout1","        ['error', 'log'].forEach(function (key) {","            console[key + '_original'] = console[key];","            console[key] = function () {","                var element;","                console[key + '_original'].apply(console, arguments);","                element = document.querySelector('#outputTextareaStdout1');","                if (!element) {","                    return;","                }","                // append text to #outputTextareaStdout1","                element.value += Array.from(arguments).map(function (arg) {","                    return typeof arg === 'string'","                        ? arg","                        : JSON.stringify(arg, null, 4);","                }).join(' ') + '\\n';","                // scroll textarea to bottom","                element.scrollTop = element.scrollHeight;","            };","        });","        // init event-handling","        ['change', 'click', 'keyup'].forEach(function (event) {","            Array.from(document.querySelectorAll('.on' + event)).forEach(function (element) {","                element.addEventListener(event, local.testRunBrowser);","            });","        });","        // run tests","        local.testRunBrowser();","        break;","","","","    // run node js-env code - init-after","    /* istanbul ignore next */","    case 'node':","        // init exports","        module.exports = local;","        // require modules","        local.fs = require('fs');","        local.http = require('http');","        local.url = require('url');","        // init assets","        local.assetsDict = local.assetsDict || {};","        /* jslint-ignore-begin */","        local.assetsDict['/assets.index.template.html'] = '\\","<!doctype html>\\n\\","<html lang=\"en\">\\n\\","<head>\\n\\","<meta charset=\"UTF-8\">\\n\\","<meta name=\"viewport\" content=\"width=device-width, initial-scale=1\">\\n\\","<title>{{env.npm_package_name}} (v{{env.npm_package_version}})</title>\\n\\","<style>\\n\\","/*csslint\\n\\","    box-sizing: false,\\n\\","    universal-selector: false\\n\\","*/\\n\\","* {\\n\\","    box-sizing: border-box;\\n\\","}\\n\\","body {\\n\\","    background: #dde;\\n\\","    font-family: Arial, Helvetica, sans-serif;\\n\\","    margin: 2rem;\\n\\","}\\n\\","body > * {\\n\\","    margin-bottom: 1rem;\\n\\","}\\n\\","body > button {\\n\\","    width: 20rem;\\n\\","}\\n\\","button {\\n\\","    cursor: pointer;\\n\\","}\\n\\",".uiAnimateSlide {\\n\\","    overflow-y: hidden;\\n\\","    transition: border-bottom 250ms, border-top 250ms, margin-bottom 250ms, margin-top 250ms, max-height 250ms, min-height 250ms, padding-bottom 250ms, padding-top 250ms;\\n\\","}\\n\\",".utility2FooterDiv {\\n\\","    margin-top: 20px;\\n\\","    text-align: center;\\n\\","}\\n\\",".zeroPixel {\\n\\","    border: 0;\\n\\","    height: 0;\\n\\","    margin: 0;\\n\\","    padding: 0;\\n\\","    width: 0;\\n\\","}\\n\\","</style>\\n\\","<style>\\n\\","/*csslint\\n\\","    ids: false,\\n\\","*/\\n\\","#outputPreJslint1 {\\n\\","    color: #d00;\\n\\","}\\n\\","textarea {\\n\\","    font-family: monospace;\\n\\","    height: 10rem;\\n\\","    width: 100%;\\n\\","}\\n\\","textarea[readonly] {\\n\\","    background: #ddd;\\n\\","}\\n\\","</style>\\n\\","</head>\\n\\","<body>\\n\\","<!-- utility2-comment\\n\\","<div id=\"ajaxProgressDiv1\" style=\"background: #d00; height: 2px; left: 0; margin: 0; padding: 0; position: fixed; top: 0; width: 25%;\"></div>\\n\\","utility2-comment -->\\n\\","<h1>\\n\\","<!-- utility2-comment\\n\\","    <a\\n\\","        {{#if env.npm_package_homepage}}\\n\\","        href=\"{{env.npm_package_homepage}}\"\\n\\","        {{/if env.npm_package_homepage}}\\n\\","        target=\"_blank\"\\n\\","    >\\n\\","utility2-comment -->\\n\\","        {{env.npm_package_name}} (v{{env.npm_package_version}})\\n\\","<!-- utility2-comment\\n\\","    </a>\\n\\","utility2-comment -->\\n\\","</h1>\\n\\","<h3>{{env.npm_package_description}}</h3>\\n\\","<!-- utility2-comment\\n\\","<h4><a download href=\"assets.app.js\">download standalone app</a></h4>\\n\\","<button class=\"onclick onreset\" id=\"testRunButton2\">run internal test</button><br>\\n\\","utility2-comment -->\\n\\","\\n\\","\\n\\","\\n\\","<label>edit or paste script below to cover and test</label>\\n\\","<textarea class=\"oneval onkeyup onreset\" id=\"inputTextareaEval1\">\\n\\","// remove comment below to disable jslint\\n\\","/*jslint\\n\\","    browser: true,\\n\\","    es6: true\\n\\","*/\\n\\","/*global window*/\\n\\","(function () {\\n\\","    \"use strict\";\\n\\","    var testCaseDict;\\n\\","    testCaseDict = {};\\n\\","    testCaseDict.modeTest = true;\\n\\","\\n\\","    // comment this testCase to disable the failed assertion demo\\n\\","    testCaseDict.testCase_failed_assertion_demo = function (\\n\\","        options,\\n\\","        onError\\n\\","    ) {\\n\\","    /*\\n\\","     * this function will demo a failed assertion test\\n\\","     */\\n\\","        // jslint-hack\\n\\","        window.utility2.nop(options);\\n\\","        window.utility2.assert(false, \"this is a failed assertion demo\");\\n\\","        onError();\\n\\","    };\\n\\","\\n\\","    testCaseDict.testCase_passed_ajax_demo = function (options, onError) {\\n\\","    /*\\n\\","     * this function will demo a passed ajax test\\n\\","     */\\n\\","        var data;\\n\\","        options = {url: \"/\"};\\n\\","        // test ajax request for main-page \"/\"\\n\\","        window.utility2.ajax(options, function (error, xhr) {\\n\\","            try {\\n\\","                // validate no error occurred\\n\\","                window.utility2.assert(!error, error);\\n\\","                // validate \"200 ok\" status\\n\\","                window.utility2.assert(xhr.statusCode === 200, xhr.statusCode);\\n\\","                // validate non-empty data\\n\\","                data = xhr.responseText;\\n\\","                window.utility2.assert(data && data.length > 0, data);\\n\\","                onError();\\n\\","            } catch (errorCaught) {\\n\\","                onError(errorCaught);\\n\\","            }\\n\\","        });\\n\\","    };\\n\\","\\n\\","    window.utility2.testRunDefault(testCaseDict);\\n\\","}());\\n\\","</textarea>\\n\\","<pre id=\"outputPreJsonStringify1\"></pre>\\n\\","<pre id=\"outputPreJslint1\"></pre>\\n\\","<label>instrumented-code</label>\\n\\","<textarea class=\"resettable\" id=\"outputTextarea1\" readonly></textarea>\\n\\","<label>stderr and stdout</label>\\n\\","<textarea class=\"resettable\" id=\"outputTextareaStdout1\" readonly></textarea>\\n\\","<div class=\"resettable\" id=\"testReportDiv1\"></div>\\n\\","<div class=\"resettable\" id=\"coverageReportDiv1\"></div>\\n\\","<!-- utility2-comment\\n\\","{{#if isRollup}}\\n\\","<script src=\"assets.app.js\"></script>\\n\\","{{#unless isRollup}}\\n\\","utility2-comment -->\\n\\","<script src=\"assets.utility2.lib.istanbul.js\"></script>\\n\\","<script src=\"assets.utility2.lib.jslint.js\"></script>\\n\\","<script src=\"assets.utility2.lib.db.js\"></script>\\n\\","<script src=\"assets.utility2.lib.sjcl.js\"></script>\\n\\","<script src=\"assets.utility2.lib.uglifyjs.js\"></script>\\n\\","<script src=\"assets.utility2.js\"></script>\\n\\","<script>window.utility2.onResetBefore.counter += 1;</script>\\n\\","<script src=\"jsonp.utility2.stateInit?callback=window.utility2.stateInit\"></script>\\n\\","<script src=\"assets.example.js\"></script>\\n\\","<script src=\"assets.test.js\"></script>\\n\\","<script>window.utility2.onResetBefore();</script>\\n\\","<!-- utility2-comment\\n\\","{{/if isRollup}}\\n\\","utility2-comment -->\\n\\","<div class=\"utility2FooterDiv\">\\n\\","    [ this app was created with\\n\\","    <a href=\"https://github.com/kaizhu256/node-utility2\" target=\"_blank\">utility2</a>\\n\\","    ]\\n\\","</div>\\n\\","</body>\\n\\","</html>\\n\\","';","        /* jslint-ignore-end */","        [","            'assets.index.css',","            'assets.index.template.html',","            'assets.swgg.swagger.json',","            'assets.swgg.swagger.server.json'","        ].forEach(function (file) {","            file = '/' + file;","            local.assetsDict[file] = local.assetsDict[file] || '';","            if (local.fs.existsSync(local.__dirname + file)) {","                local.assetsDict[file] = local.fs.readFileSync(","                    local.__dirname + file,","                    'utf8'","                );","            }","        });","        local.assetsDict['/'] =","            local.assetsDict['/assets.example.html'] =","            local.assetsDict['/assets.index.template.html']","            .replace((/\\{\\{env\\.(\\w+?)\\}\\}/g), function (match0, match1) {","                // jslint-hack","                String(match0);","                switch (match1) {","                case 'npm_package_description':","                    return 'the greatest app in the world!';","                case 'npm_package_name':","                    return 'utility2';","                case 'npm_package_nameAlias':","                    return 'utility2';","                case 'npm_package_version':","                    return '0.0.1';","                default:","                    return match0;","                }","            });","        // run the cli","        if (local.global.utility2_rollup || module !== require.main) {","            break;","        }","        local.assetsDict['/assets.example.js'] =","            local.assetsDict['/assets.example.js'] ||","            local.fs.readFileSync(__filename, 'utf8');","        // bug-workaround - long $npm_package_buildCustomOrg","        /* jslint-ignore-begin */","        local.assetsDict['/assets.utility2.js'] =","            local.assetsDict['/assets.utility2.js'] ||","            local.fs.readFileSync(","                local.utility2.__dirname + '/lib.utility2.js',","                'utf8'","            ).replace((/^#!/), '//');","        /* jslint-ignore-end */","        local.assetsDict['/favicon.ico'] = local.assetsDict['/favicon.ico'] || '';","        // if $npm_config_timeout_exit exists,","        // then exit this process after $npm_config_timeout_exit ms","        if (Number(process.env.npm_config_timeout_exit)) {","            setTimeout(process.exit, Number(process.env.npm_config_timeout_exit));","        }","        // start server","        if (local.global.utility2_serverHttp1) {","            break;","        }","        process.env.PORT = process.env.PORT || '8081';","        console.error('server starting on port ' + process.env.PORT);","        local.http.createServer(function (request, response) {","            request.urlParsed = local.url.parse(request.url);","            if (local.assetsDict[request.urlParsed.pathname] !== undefined) {","                response.end(local.assetsDict[request.urlParsed.pathname]);","                return;","            }","            response.statusCode = 404;","            response.end();","        }).listen(process.env.PORT);","        break;","    }","}());"],"l":{"139":3,"141":3,"146":3,"148":3,"150":3,"151":3,"152":3,"157":1,"164":3,"168":3,"172":3,"174":3,"176":3,"177":3,"179":3,"185":2,"189":1,"191":1,"192":1,"194":1,"196":1,"197":1,"198":1,"202":2,"206":1,"208":1,"209":1,"211":1,"212":1,"214":1,"215":1,"219":2,"225":1,"229":1,"230":1,"232":1,"234":3,"242":2,"243":2,"249":2,"252":4,"255":2,"256":2,"258":2,"262":2,"265":1,"266":1,"267":1,"269":1,"270":1,"273":1,"274":1,"276":1,"280":1,"281":1,"282":1,"284":2,"285":2,"288":1,"289":1,"290":1,"299":1,"300":1,"302":1,"307":1,"312":1,"313":1,"317":1,"319":1,"324":1,"325":1,"330":1,"333":1,"339":1,"341":1,"343":1,"348":2,"349":4,"350":4,"351":105,"352":105,"353":105,"354":105,"355":5,"358":100,"359":100,"364":100,"368":2,"369":6,"370":2,"374":2,"375":2,"383":1,"385":1,"386":1,"387":1,"389":1,"391":1,"569":1,"575":4,"576":4,"577":4,"578":1,"584":1,"589":6,"590":6,"592":1,"594":2,"596":1,"598":2,"600":1,"604":1,"605":1,"607":1,"612":1,"619":1,"622":1,"623":1,"626":1,"627":1,"629":1,"630":1,"631":1,"632":1,"633":1,"634":1,"635":1,"637":1,"638":1,"640":1}}}