{"/home/travis/build/kaizhu256/node-utility2/test.js":{"path":"/home/travis/build/kaizhu256/node-utility2/test.js","s":{"1":3,"2":3,"3":3,"4":3,"5":3,"6":3,"7":3,"8":1,"9":3,"10":3,"11":2,"12":2,"13":1,"14":1,"15":3,"16":3,"17":3,"18":1,"19":1,"20":1,"21":1,"22":1,"23":3,"24":2,"25":2,"26":2,"27":2,"28":2,"29":2,"30":2,"31":2,"32":2,"33":2,"34":2,"35":2,"36":2,"37":2,"38":2,"39":3,"40":2,"41":2,"42":2,"43":2,"44":2,"45":2,"46":2,"47":2,"48":2,"49":3,"50":2,"51":2,"52":2,"53":2,"54":2,"55":2,"56":2,"57":2,"58":3,"59":2,"60":2,"61":2,"62":1,"63":1,"64":1,"65":2,"66":1,"67":1,"68":1,"69":1,"70":3,"71":2,"72":2,"73":2,"74":2,"75":2,"76":2,"77":3,"78":2,"79":2,"80":2,"81":2,"82":2,"83":3,"84":2,"85":2,"86":8,"87":8,"88":8,"89":8,"90":8,"91":8,"92":8,"93":3,"94":2,"95":2,"96":8,"97":8,"98":8,"99":8,"100":8,"101":8,"102":4,"103":4,"104":4,"105":4,"106":4,"107":4,"108":8,"109":2,"110":2,"111":2,"112":2,"113":2,"114":2,"115":2,"116":2,"117":2,"118":2,"119":2,"120":2,"121":2,"122":2,"123":3,"124":2,"125":2,"126":2,"127":2,"128":2,"129":3,"130":2,"131":2,"132":2,"133":2,"134":2,"135":2,"136":2,"137":2,"138":2,"139":2,"140":2,"141":2,"142":2,"143":2,"144":2,"145":2,"146":2,"147":2,"148":2,"149":10,"150":50,"151":10,"152":40,"153":2,"154":3,"155":2,"156":2,"157":2,"158":2,"159":2,"160":2,"161":3,"162":2,"163":2,"164":4,"165":4,"166":12,"167":12,"168":12,"169":12,"170":4,"171":2,"172":2,"173":2,"174":2,"175":4,"176":4,"177":4,"178":12,"179":4,"180":3,"181":4,"182":4,"183":4,"184":262144,"185":4,"186":16384,"187":4,"188":4,"189":4,"190":4,"191":3,"192":2,"193":2,"194":2,"195":3,"196":2,"197":22,"198":22,"199":22,"200":2,"201":3,"202":2,"203":28,"204":4,"205":4,"206":2,"207":2,"208":2,"209":2,"210":2,"211":2,"212":2,"213":3,"214":2,"215":2,"216":6,"217":2,"218":2,"219":2,"220":2,"221":3,"222":2,"223":2,"224":2,"225":2,"226":3,"227":2,"228":2,"229":3,"230":2,"231":2,"232":2,"233":2,"234":2,"235":2,"236":2,"237":2,"238":3,"239":2,"240":2,"241":2,"242":2,"243":2,"244":2,"245":2,"246":2,"247":2,"248":2,"249":2,"250":3,"251":2,"252":2,"253":16,"254":16,"255":2,"256":3,"257":2,"258":2,"259":20,"260":20,"261":20,"262":2,"263":2,"264":2,"265":2,"266":3,"267":2,"268":2,"269":2,"270":2,"271":2,"272":2,"273":2,"274":2,"275":2,"276":3,"277":2,"278":2,"279":2,"280":2,"281":2,"282":2,"283":2,"284":2,"285":2,"286":2,"287":3,"288":2,"289":2,"290":2,"291":2,"292":2048,"293":2,"294":2,"295":3,"296":2,"297":2,"298":2,"299":200,"300":200,"301":200,"302":2,"303":2,"304":3,"305":2,"306":2,"307":2,"308":2,"309":2,"310":2,"311":2,"312":2,"313":2,"314":2,"315":2,"316":2,"317":2,"318":2,"319":2,"320":2,"321":2,"322":2,"323":2,"324":2,"325":3,"326":2,"327":2,"328":2,"329":3,"330":2,"331":2,"332":2,"333":2,"334":3,"335":2,"336":2,"337":2,"338":3,"339":2,"340":2,"341":2,"342":10,"343":50,"344":2,"345":2,"346":2,"347":2,"348":2,"349":3,"350":2,"351":2,"352":2,"353":10,"354":50,"355":2,"356":2,"357":2,"358":2,"359":2,"360":2,"361":2,"362":3,"363":2,"364":2,"365":2,"366":24,"367":6,"368":2,"369":2,"370":3,"371":2,"372":2,"373":2,"374":2,"375":2,"376":2,"377":2,"378":3,"379":2,"380":2,"381":2,"382":2,"383":2,"384":2,"385":3,"386":2,"387":2,"388":4,"389":2,"390":2,"391":2,"392":2,"393":2,"394":3,"395":2,"396":2,"397":12,"398":2,"399":2,"400":2,"401":2,"402":2,"403":4,"404":4,"405":4,"406":2,"407":2,"408":2,"409":2,"410":2,"411":2,"412":2,"413":2,"414":20,"415":20,"416":20,"417":20,"418":20,"419":2,"420":2,"421":2,"422":2,"423":2,"424":2,"425":2,"426":10,"427":10,"428":10,"429":10,"430":2,"431":2,"432":2,"433":2,"434":2,"435":2,"436":2,"437":2,"438":3,"439":2,"440":2,"441":2,"442":2,"443":2,"444":2,"445":2,"446":2,"447":2,"448":2,"449":2,"450":2,"451":2,"452":2,"453":2,"454":3,"455":2,"456":2,"457":2,"458":2,"459":2,"460":2,"461":2,"462":2,"463":3,"464":2,"465":2,"466":2,"467":2,"468":2,"469":2,"470":2,"471":2,"472":2,"473":2,"474":3,"475":2,"476":2,"477":2,"478":3,"479":2,"480":2,"481":2,"482":2,"483":2,"484":2,"485":2,"486":2,"487":3,"488":2,"489":2,"490":2,"491":2,"492":3,"493":2,"494":2,"495":2,"496":2,"497":3,"498":2,"499":2,"500":2,"501":2,"502":3,"503":2,"504":2,"505":2,"506":14,"507":2,"508":4,"509":2,"510":2,"511":2,"512":2,"513":2,"514":2,"515":2,"516":2,"517":2,"518":2,"519":2,"520":2,"521":2,"522":2,"523":2,"524":2,"525":2,"526":2,"527":2,"528":2,"529":2,"530":2,"531":2,"532":2,"533":2,"534":2,"535":2,"536":3,"537":2,"538":2,"539":2,"540":2,"541":2,"542":2,"543":2,"544":3,"545":2,"546":2,"547":4,"548":2,"549":2,"550":2,"551":2,"552":2,"553":3,"554":2,"555":2,"556":2,"557":2,"558":2,"559":2,"560":2,"561":2,"562":3,"563":2,"564":2,"565":2,"566":2,"567":2,"568":3,"569":2,"570":2,"571":2,"572":2,"573":3,"574":2,"575":2,"576":2,"577":2,"578":2,"579":2,"580":3,"581":2,"582":2,"583":2,"584":2,"585":2,"586":3,"587":2,"588":2,"589":2,"590":2,"591":3,"592":60,"593":60,"594":3,"595":2,"596":1,"597":1,"598":1,"599":1,"600":1,"601":1,"602":1,"603":2,"604":1,"605":1,"606":1,"607":1,"608":1,"609":1,"610":1,"611":1,"612":1,"613":1,"614":1,"615":1,"616":1,"617":1,"618":1,"619":2,"620":1,"621":1,"622":1,"623":1,"624":2,"625":1,"626":1,"627":1,"628":4,"629":1,"630":1,"631":1,"632":1,"633":1,"634":1,"635":1,"636":1,"637":1,"638":1,"639":1,"640":1,"641":1,"642":1,"643":1,"644":1,"645":1,"646":1,"647":1,"648":1,"649":1,"650":1,"651":1,"652":1,"653":1,"654":1,"655":1,"656":1,"657":1,"658":3,"659":3,"660":1,"661":1,"662":1,"663":1,"664":1,"665":1,"666":1,"667":1,"668":1,"669":1,"670":1,"671":2,"672":2,"673":2,"674":2,"675":2,"676":2,"677":2,"678":2,"679":2,"680":2,"681":2,"682":8,"683":8,"684":2,"685":1,"686":1,"687":1,"688":1,"689":1,"690":1,"691":1,"692":1,"693":1,"694":1,"695":1,"696":1,"697":1,"698":1,"699":1,"700":1,"701":1,"702":1,"703":1,"704":1,"705":1,"706":1,"707":1,"708":1,"709":1,"710":1,"711":1,"712":1,"713":1,"714":1,"715":1,"716":1,"717":1,"718":1,"719":1,"720":1,"721":1,"722":1,"723":1,"724":1,"725":1,"726":1,"727":1,"728":1,"729":1,"730":1,"731":1,"732":1,"733":1,"734":1,"735":1,"736":1,"737":1,"738":1,"739":1,"740":1,"741":1,"742":1,"743":1,"744":1,"745":1,"746":1,"747":1,"748":1,"749":1,"750":1,"751":1,"752":1,"753":1,"754":1,"755":1,"756":1,"757":1,"758":1,"759":1,"760":1,"761":1,"762":1,"763":1,"764":1,"765":1,"766":1,"767":1,"768":1,"769":1,"770":1,"771":1,"772":1,"773":1,"774":1,"775":1,"776":1,"777":1,"778":1,"779":1,"780":1,"781":1,"782":1,"783":1,"784":1,"785":1,"786":1,"787":1,"788":1,"789":1,"790":1,"791":1,"792":1,"793":4,"794":4,"795":4,"796":1,"797":1,"798":7,"799":1,"800":1,"801":1,"802":1,"803":1,"804":1,"805":1,"806":1,"807":1,"808":1,"809":1,"810":1,"811":1,"812":1,"813":1,"814":1,"815":1,"816":1,"817":2,"818":1,"819":1,"820":1,"821":1,"822":1,"823":1,"824":1,"825":1,"826":1,"827":1,"828":1,"829":1,"830":1,"831":1,"832":1,"833":1,"834":1,"835":1,"836":1,"837":1,"838":1,"839":3,"840":3,"841":3,"842":3,"843":34,"844":9,"845":9,"846":9,"847":8,"848":8,"849":8,"850":8,"851":8,"852":2,"853":2,"854":2,"855":2,"856":2,"857":2,"858":2,"859":2,"860":2,"861":2,"862":2,"863":2,"864":5,"865":5,"866":5,"867":8,"868":3,"869":2,"870":1,"871":2,"872":2,"873":1,"874":0,"875":0,"876":0,"877":0,"878":0,"879":0,"880":0,"881":0,"882":0,"883":0,"884":0,"885":0,"886":0,"887":0,"888":0,"889":0,"890":0,"891":0,"892":0,"893":0,"894":0,"895":0,"896":0,"897":1,"898":0,"899":1,"900":1,"901":0,"902":0,"903":0,"904":0,"905":0,"906":0,"907":0,"908":1,"909":0,"910":0,"911":1,"912":0,"913":0,"914":0,"915":0,"916":0,"917":0,"918":1,"919":0,"920":0,"921":1,"922":2,"923":2,"924":1,"925":0,"926":0,"927":1,"928":2,"929":2,"930":1,"931":0,"932":0,"933":1,"934":1},"b":{"1":[3,2,2,2],"2":[1,1,1,1],"3":[2,1],"4":[2,1],"5":[2,2],"6":[1,1],"7":[2,1],"8":[1,1],"9":[2,2],"10":[2,6],"11":[1,7],"12":[8,2],"13":[2,4,4],"14":[10,40],"15":[4,4,4],"16":[2,2],"17":[4,2],"18":[6,2],"19":[200,2],"20":[10,40],"21":[10,40],"22":[6,18],"23":[24,22,8],"24":[2,2,2,2,2,2],"25":[20,10],"26":[2,2],"27":[2,2],"28":[2,2,2,2,2,2,2],"29":[60,18,18],"30":[2,1],"31":[1,1,1,1],"32":[9,8,2,2,5,8],"33":[2,1],"34":[2,2],"35":[2,2,0],"36":[0,0],"37":[0,0],"38":[0,0],"39":[0,0],"40":[0,0],"41":[0,0],"42":[0,0],"43":[0,0],"44":[0,1],"45":[1,1],"46":[0,1],"47":[0,0],"48":[1,0],"49":[1,0],"50":[1,0],"51":[1,1],"52":[1,0],"53":[1,1],"54":[1,0]},"f":{"1":3,"2":3,"3":3,"4":3,"5":1,"6":2,"7":2,"8":2,"9":2,"10":2,"11":2,"12":2,"13":2,"14":2,"15":2,"16":1,"17":2,"18":2,"19":2,"20":2,"21":2,"22":8,"23":8,"24":2,"25":8,"26":8,"27":2,"28":2,"29":2,"30":2,"31":2,"32":2,"33":2,"34":2,"35":2,"36":2,"37":2,"38":2,"39":2,"40":2,"41":10,"42":50,"43":2,"44":2,"45":4,"46":12,"47":12,"48":4,"49":2,"50":2,"51":2,"52":22,"53":2,"54":28,"55":4,"56":2,"57":2,"58":2,"59":2,"60":6,"61":2,"62":2,"63":2,"64":2,"65":2,"66":2,"67":2,"68":16,"69":2,"70":20,"71":2,"72":2,"73":2,"74":2,"75":2,"76":2,"77":2,"78":2,"79":2,"80":10,"81":50,"82":2,"83":10,"84":50,"85":2,"86":24,"87":2,"88":2,"89":2,"90":2,"91":2,"92":2,"93":2,"94":4,"95":2,"96":2,"97":2,"98":12,"99":4,"100":2,"101":20,"102":20,"103":10,"104":2,"105":2,"106":2,"107":2,"108":2,"109":2,"110":2,"111":2,"112":2,"113":2,"114":2,"115":2,"116":2,"117":2,"118":2,"119":2,"120":2,"121":14,"122":4,"123":2,"124":2,"125":2,"126":2,"127":4,"128":2,"129":2,"130":2,"131":2,"132":2,"133":2,"134":2,"135":2,"136":2,"137":2,"138":2,"139":2,"140":60,"141":1,"142":1,"143":1,"144":1,"145":1,"146":1,"147":1,"148":4,"149":1,"150":1,"151":1,"152":1,"153":1,"154":3,"155":3,"156":1,"157":2,"158":2,"159":2,"160":2,"161":8,"162":8,"163":1,"164":1,"165":1,"166":1,"167":1,"168":1,"169":1,"170":1,"171":1,"172":1,"173":1,"174":1,"175":1,"176":1,"177":1,"178":1,"179":1,"180":1,"181":1,"182":4,"183":4,"184":1,"185":7,"186":1,"187":1,"188":1,"189":1,"190":2,"191":1,"192":1,"193":1,"194":1,"195":1,"196":1,"197":1,"198":3,"199":34,"200":8,"201":8,"202":2,"203":5,"204":1,"205":0,"206":0,"207":0,"208":0,"209":0,"210":0,"211":0,"212":0,"213":2,"214":0,"215":2,"216":0},"fnMap":{"1":{"name":"(anonymous_1)","line":12,"loc":{"start":{"line":12,"column":1},"end":{"line":12,"column":13}}},"2":{"name":"(anonymous_2)","line":19,"loc":{"start":{"line":19,"column":5},"end":{"line":19,"column":17}}},"3":{"name":"(anonymous_3)","line":23,"loc":{"start":{"line":23,"column":24},"end":{"line":23,"column":36}}},"4":{"name":"(anonymous_4)","line":61,"loc":{"start":{"line":61,"column":5},"end":{"line":61,"column":17}}},"5":{"name":"(anonymous_5)","line":62,"loc":{"start":{"line":62,"column":49},"end":{"line":62,"column":77}}},"6":{"name":"(anonymous_6)","line":77,"loc":{"start":{"line":77,"column":42},"end":{"line":77,"column":70}}},"7":{"name":"(anonymous_7)","line":94,"loc":{"start":{"line":94,"column":32},"end":{"line":94,"column":54}}},"8":{"name":"(anonymous_8)","line":115,"loc":{"start":{"line":115,"column":40},"end":{"line":115,"column":68}}},"9":{"name":"(anonymous_9)","line":120,"loc":{"start":{"line":120,"column":51},"end":{"line":120,"column":70}}},"10":{"name":"(anonymous_10)","line":123,"loc":{"start":{"line":123,"column":15},"end":{"line":123,"column":34}}},"11":{"name":"(anonymous_11)","line":128,"loc":{"start":{"line":128,"column":36},"end":{"line":128,"column":53}}},"12":{"name":"(anonymous_12)","line":136,"loc":{"start":{"line":136,"column":43},"end":{"line":136,"column":71}}},"13":{"name":"(anonymous_13)","line":144,"loc":{"start":{"line":144,"column":32},"end":{"line":144,"column":54}}},"14":{"name":"(anonymous_14)","line":153,"loc":{"start":{"line":153,"column":49},"end":{"line":153,"column":77}}},"15":{"name":"(anonymous_15)","line":166,"loc":{"start":{"line":166,"column":45},"end":{"line":166,"column":60}}},"16":{"name":"(anonymous_16)","line":169,"loc":{"start":{"line":169,"column":15},"end":{"line":169,"column":34}}},"17":{"name":"(anonymous_17)","line":177,"loc":{"start":{"line":177,"column":36},"end":{"line":177,"column":64}}},"18":{"name":"(anonymous_18)","line":181,"loc":{"start":{"line":181,"column":59},"end":{"line":181,"column":76}}},"19":{"name":"(anonymous_19)","line":192,"loc":{"start":{"line":192,"column":37},"end":{"line":192,"column":65}}},"20":{"name":"(anonymous_20)","line":197,"loc":{"start":{"line":197,"column":32},"end":{"line":197,"column":54}}},"21":{"name":"(anonymous_21)","line":206,"loc":{"start":{"line":206,"column":36},"end":{"line":206,"column":64}}},"22":{"name":"(anonymous_22)","line":227,"loc":{"start":{"line":227,"column":42},"end":{"line":227,"column":73}}},"23":{"name":"(anonymous_23)","line":230,"loc":{"start":{"line":230,"column":36},"end":{"line":230,"column":58}}},"24":{"name":"(anonymous_24)","line":242,"loc":{"start":{"line":242,"column":35},"end":{"line":242,"column":63}}},"25":{"name":"(anonymous_25)","line":253,"loc":{"start":{"line":253,"column":17},"end":{"line":253,"column":53}}},"26":{"name":"(anonymous_26)","line":268,"loc":{"start":{"line":268,"column":19},"end":{"line":268,"column":41}}},"27":{"name":"(anonymous_27)","line":290,"loc":{"start":{"line":290,"column":15},"end":{"line":290,"column":32}}},"28":{"name":"(anonymous_28)","line":302,"loc":{"start":{"line":302,"column":19},"end":{"line":302,"column":41}}},"29":{"name":"(anonymous_29)","line":329,"loc":{"start":{"line":329,"column":38},"end":{"line":329,"column":66}}},"30":{"name":"(anonymous_30)","line":334,"loc":{"start":{"line":334,"column":23},"end":{"line":334,"column":35}}},"31":{"name":"(anonymous_31)","line":335,"loc":{"start":{"line":335,"column":36},"end":{"line":335,"column":53}}},"32":{"name":"(anonymous_32)","line":343,"loc":{"start":{"line":343,"column":43},"end":{"line":343,"column":71}}},"33":{"name":"(anonymous_33)","line":351,"loc":{"start":{"line":351,"column":34},"end":{"line":351,"column":46}}},"34":{"name":"(anonymous_34)","line":353,"loc":{"start":{"line":353,"column":15},"end":{"line":353,"column":32}}},"35":{"name":"(anonymous_35)","line":360,"loc":{"start":{"line":360,"column":34},"end":{"line":360,"column":46}}},"36":{"name":"(anonymous_36)","line":362,"loc":{"start":{"line":362,"column":15},"end":{"line":362,"column":32}}},"37":{"name":"(anonymous_37)","line":369,"loc":{"start":{"line":369,"column":34},"end":{"line":369,"column":46}}},"38":{"name":"(anonymous_38)","line":371,"loc":{"start":{"line":371,"column":15},"end":{"line":371,"column":32}}},"39":{"name":"(anonymous_39)","line":376,"loc":{"start":{"line":376,"column":34},"end":{"line":376,"column":46}}},"40":{"name":"(anonymous_40)","line":378,"loc":{"start":{"line":378,"column":15},"end":{"line":378,"column":32}}},"41":{"name":"(anonymous_41)","line":385,"loc":{"start":{"line":385,"column":33},"end":{"line":385,"column":51}}},"42":{"name":"(anonymous_42)","line":386,"loc":{"start":{"line":386,"column":37},"end":{"line":386,"column":55}}},"43":{"name":"(anonymous_43)","line":399,"loc":{"start":{"line":399,"column":43},"end":{"line":399,"column":71}}},"44":{"name":"(anonymous_44)","line":420,"loc":{"start":{"line":420,"column":42},"end":{"line":420,"column":70}}},"45":{"name":"(anonymous_45)","line":430,"loc":{"start":{"line":430,"column":42},"end":{"line":430,"column":73}}},"46":{"name":"(anonymous_46)","line":432,"loc":{"start":{"line":432,"column":50},"end":{"line":432,"column":70}}},"47":{"name":"(anonymous_47)","line":434,"loc":{"start":{"line":434,"column":62},"end":{"line":434,"column":85}}},"48":{"name":"(anonymous_48)","line":465,"loc":{"start":{"line":465,"column":46},"end":{"line":465,"column":74}}},"49":{"name":"(anonymous_49)","line":484,"loc":{"start":{"line":484,"column":47},"end":{"line":484,"column":75}}},"50":{"name":"(anonymous_50)","line":492,"loc":{"start":{"line":492,"column":36},"end":{"line":492,"column":55}}},"51":{"name":"(anonymous_51)","line":497,"loc":{"start":{"line":497,"column":56},"end":{"line":497,"column":84}}},"52":{"name":"(anonymous_52)","line":513,"loc":{"start":{"line":513,"column":22},"end":{"line":513,"column":35}}},"53":{"name":"(anonymous_53)","line":525,"loc":{"start":{"line":525,"column":53},"end":{"line":525,"column":81}}},"54":{"name":"(anonymous_54)","line":531,"loc":{"start":{"line":531,"column":26},"end":{"line":531,"column":54}}},"55":{"name":"(anonymous_55)","line":548,"loc":{"start":{"line":548,"column":42},"end":{"line":548,"column":70}}},"56":{"name":"(anonymous_56)","line":552,"loc":{"start":{"line":552,"column":30},"end":{"line":552,"column":49}}},"57":{"name":"(anonymous_57)","line":556,"loc":{"start":{"line":556,"column":39},"end":{"line":556,"column":65}}},"58":{"name":"(anonymous_58)","line":561,"loc":{"start":{"line":561,"column":36},"end":{"line":561,"column":55}}},"59":{"name":"(anonymous_59)","line":569,"loc":{"start":{"line":569,"column":46},"end":{"line":569,"column":74}}},"60":{"name":"(anonymous_60)","line":576,"loc":{"start":{"line":576,"column":35},"end":{"line":576,"column":50}}},"61":{"name":"(anonymous_61)","line":579,"loc":{"start":{"line":579,"column":15},"end":{"line":579,"column":34}}},"62":{"name":"(anonymous_62)","line":591,"loc":{"start":{"line":591,"column":38},"end":{"line":591,"column":66}}},"63":{"name":"(anonymous_63)","line":601,"loc":{"start":{"line":601,"column":38},"end":{"line":601,"column":66}}},"64":{"name":"(anonymous_64)","line":610,"loc":{"start":{"line":610,"column":51},"end":{"line":610,"column":79}}},"65":{"name":"(anonymous_65)","line":627,"loc":{"start":{"line":627,"column":59},"end":{"line":627,"column":87}}},"66":{"name":"(anonymous_66)","line":636,"loc":{"start":{"line":636,"column":36},"end":{"line":636,"column":55}}},"67":{"name":"(anonymous_67)","line":665,"loc":{"start":{"line":665,"column":42},"end":{"line":665,"column":70}}},"68":{"name":"(anonymous_68)","line":671,"loc":{"start":{"line":671,"column":67},"end":{"line":671,"column":86}}},"69":{"name":"(anonymous_69)","line":678,"loc":{"start":{"line":678,"column":54},"end":{"line":678,"column":82}}},"70":{"name":"(anonymous_70)","line":684,"loc":{"start":{"line":684,"column":75},"end":{"line":684,"column":91}}},"71":{"name":"(anonymous_71)","line":709,"loc":{"start":{"line":709,"column":47},"end":{"line":709,"column":75}}},"72":{"name":"(anonymous_72)","line":731,"loc":{"start":{"line":731,"column":45},"end":{"line":731,"column":73}}},"73":{"name":"(anonymous_73)","line":759,"loc":{"start":{"line":759,"column":54},"end":{"line":759,"column":82}}},"74":{"name":"(anonymous_74)","line":779,"loc":{"start":{"line":779,"column":45},"end":{"line":779,"column":73}}},"75":{"name":"(anonymous_75)","line":799,"loc":{"start":{"line":799,"column":46},"end":{"line":799,"column":74}}},"76":{"name":"(anonymous_76)","line":828,"loc":{"start":{"line":828,"column":55},"end":{"line":828,"column":83}}},"77":{"name":"(anonymous_77)","line":840,"loc":{"start":{"line":840,"column":50},"end":{"line":840,"column":78}}},"78":{"name":"(anonymous_78)","line":860,"loc":{"start":{"line":860,"column":50},"end":{"line":860,"column":78}}},"79":{"name":"(anonymous_79)","line":873,"loc":{"start":{"line":873,"column":50},"end":{"line":873,"column":78}}},"80":{"name":"(anonymous_80)","line":881,"loc":{"start":{"line":881,"column":52},"end":{"line":881,"column":66}}},"81":{"name":"(anonymous_81)","line":882,"loc":{"start":{"line":882,"column":56},"end":{"line":882,"column":70}}},"82":{"name":"(anonymous_82)","line":918,"loc":{"start":{"line":918,"column":51},"end":{"line":918,"column":79}}},"83":{"name":"(anonymous_83)","line":926,"loc":{"start":{"line":926,"column":52},"end":{"line":926,"column":66}}},"84":{"name":"(anonymous_84)","line":927,"loc":{"start":{"line":927,"column":56},"end":{"line":927,"column":70}}},"85":{"name":"(anonymous_85)","line":973,"loc":{"start":{"line":973,"column":48},"end":{"line":973,"column":76}}},"86":{"name":"(anonymous_86)","line":980,"loc":{"start":{"line":980,"column":42},"end":{"line":980,"column":61}}},"87":{"name":"(anonymous_87)","line":993,"loc":{"start":{"line":993,"column":48},"end":{"line":993,"column":76}}},"88":{"name":"(anonymous_88)","line":999,"loc":{"start":{"line":999,"column":35},"end":{"line":999,"column":50}}},"89":{"name":"(anonymous_89)","line":1003,"loc":{"start":{"line":1003,"column":15},"end":{"line":1003,"column":34}}},"90":{"name":"(anonymous_90)","line":1016,"loc":{"start":{"line":1016,"column":44},"end":{"line":1016,"column":72}}},"91":{"name":"(anonymous_91)","line":1020,"loc":{"start":{"line":1020,"column":34},"end":{"line":1020,"column":46}}},"92":{"name":"(anonymous_92)","line":1024,"loc":{"start":{"line":1024,"column":15},"end":{"line":1024,"column":32}}},"93":{"name":"(anonymous_93)","line":1031,"loc":{"start":{"line":1031,"column":38},"end":{"line":1031,"column":66}}},"94":{"name":"(anonymous_94)","line":1037,"loc":{"start":{"line":1037,"column":34},"end":{"line":1037,"column":46}}},"95":{"name":"(anonymous_95)","line":1041,"loc":{"start":{"line":1041,"column":34},"end":{"line":1041,"column":46}}},"96":{"name":"(anonymous_96)","line":1043,"loc":{"start":{"line":1043,"column":15},"end":{"line":1043,"column":32}}},"97":{"name":"(anonymous_97)","line":1050,"loc":{"start":{"line":1050,"column":48},"end":{"line":1050,"column":76}}},"98":{"name":"(anonymous_98)","line":1055,"loc":{"start":{"line":1055,"column":34},"end":{"line":1055,"column":51}}},"99":{"name":"(anonymous_99)","line":1065,"loc":{"start":{"line":1065,"column":50},"end":{"line":1065,"column":78}}},"100":{"name":"(anonymous_100)","line":1071,"loc":{"start":{"line":1071,"column":23},"end":{"line":1071,"column":40}}},"101":{"name":"(anonymous_101)","line":1087,"loc":{"start":{"line":1087,"column":23},"end":{"line":1087,"column":51}}},"102":{"name":"(anonymous_102)","line":1091,"loc":{"start":{"line":1091,"column":35},"end":{"line":1091,"column":47}}},"103":{"name":"(anonymous_103)","line":1107,"loc":{"start":{"line":1107,"column":23},"end":{"line":1107,"column":51}}},"104":{"name":"(anonymous_104)","line":1129,"loc":{"start":{"line":1129,"column":44},"end":{"line":1129,"column":72}}},"105":{"name":"(anonymous_105)","line":1137,"loc":{"start":{"line":1137,"column":51},"end":{"line":1137,"column":63}}},"106":{"name":"(anonymous_106)","line":1144,"loc":{"start":{"line":1144,"column":23},"end":{"line":1144,"column":35}}},"107":{"name":"(anonymous_107)","line":1145,"loc":{"start":{"line":1145,"column":51},"end":{"line":1145,"column":68}}},"108":{"name":"(anonymous_108)","line":1161,"loc":{"start":{"line":1161,"column":43},"end":{"line":1161,"column":71}}},"109":{"name":"(anonymous_109)","line":1166,"loc":{"start":{"line":1166,"column":28},"end":{"line":1166,"column":45}}},"110":{"name":"(anonymous_110)","line":1180,"loc":{"start":{"line":1180,"column":21},"end":{"line":1180,"column":33}}},"111":{"name":"(anonymous_111)","line":1185,"loc":{"start":{"line":1185,"column":44},"end":{"line":1185,"column":72}}},"112":{"name":"(anonymous_112)","line":1191,"loc":{"start":{"line":1191,"column":52},"end":{"line":1191,"column":64}}},"113":{"name":"(anonymous_113)","line":1200,"loc":{"start":{"line":1200,"column":26},"end":{"line":1200,"column":45}}},"114":{"name":"(anonymous_114)","line":1202,"loc":{"start":{"line":1202,"column":15},"end":{"line":1202,"column":45}}},"115":{"name":"(anonymous_115)","line":1213,"loc":{"start":{"line":1213,"column":51},"end":{"line":1213,"column":79}}},"116":{"name":"(anonymous_116)","line":1224,"loc":{"start":{"line":1224,"column":51},"end":{"line":1224,"column":79}}},"117":{"name":"(anonymous_117)","line":1251,"loc":{"start":{"line":1251,"column":54},"end":{"line":1251,"column":82}}},"118":{"name":"(anonymous_118)","line":1261,"loc":{"start":{"line":1261,"column":54},"end":{"line":1261,"column":82}}},"119":{"name":"(anonymous_119)","line":1271,"loc":{"start":{"line":1271,"column":48},"end":{"line":1271,"column":76}}},"120":{"name":"(anonymous_120)","line":1285,"loc":{"start":{"line":1285,"column":50},"end":{"line":1285,"column":78}}},"121":{"name":"(anonymous_121)","line":1291,"loc":{"start":{"line":1291,"column":34},"end":{"line":1291,"column":57}}},"122":{"name":"(anonymous_122)","line":1295,"loc":{"start":{"line":1295,"column":29},"end":{"line":1295,"column":48}}},"123":{"name":"(anonymous_123)","line":1359,"loc":{"start":{"line":1359,"column":53},"end":{"line":1359,"column":81}}},"124":{"name":"(anonymous_124)","line":1364,"loc":{"start":{"line":1364,"column":38},"end":{"line":1364,"column":57}}},"125":{"name":"(anonymous_125)","line":1368,"loc":{"start":{"line":1368,"column":15},"end":{"line":1368,"column":27}}},"126":{"name":"(anonymous_126)","line":1376,"loc":{"start":{"line":1376,"column":43},"end":{"line":1376,"column":71}}},"127":{"name":"(anonymous_127)","line":1382,"loc":{"start":{"line":1382,"column":33},"end":{"line":1382,"column":45}}},"128":{"name":"(anonymous_128)","line":1383,"loc":{"start":{"line":1383,"column":42},"end":{"line":1383,"column":61}}},"129":{"name":"(anonymous_129)","line":1389,"loc":{"start":{"line":1389,"column":23},"end":{"line":1389,"column":35}}},"130":{"name":"(anonymous_130)","line":1395,"loc":{"start":{"line":1395,"column":48},"end":{"line":1395,"column":76}}},"131":{"name":"(anonymous_131)","line":1476,"loc":{"start":{"line":1476,"column":44},"end":{"line":1476,"column":72}}},"132":{"name":"(anonymous_132)","line":1484,"loc":{"start":{"line":1484,"column":15},"end":{"line":1484,"column":34}}},"133":{"name":"(anonymous_133)","line":1492,"loc":{"start":{"line":1492,"column":44},"end":{"line":1492,"column":72}}},"134":{"name":"(anonymous_134)","line":1496,"loc":{"start":{"line":1496,"column":34},"end":{"line":1496,"column":46}}},"135":{"name":"(anonymous_135)","line":1498,"loc":{"start":{"line":1498,"column":15},"end":{"line":1498,"column":32}}},"136":{"name":"(anonymous_136)","line":1505,"loc":{"start":{"line":1505,"column":40},"end":{"line":1505,"column":68}}},"137":{"name":"(anonymous_137)","line":1521,"loc":{"start":{"line":1521,"column":42},"end":{"line":1521,"column":70}}},"138":{"name":"(anonymous_138)","line":1533,"loc":{"start":{"line":1533,"column":36},"end":{"line":1533,"column":55}}},"139":{"name":"(anonymous_139)","line":1566,"loc":{"start":{"line":1566,"column":45},"end":{"line":1566,"column":73}}},"140":{"name":"(anonymous_140)","line":1578,"loc":{"start":{"line":1578,"column":44},"end":{"line":1578,"column":59}}},"141":{"name":"(anonymous_141)","line":1594,"loc":{"start":{"line":1594,"column":40},"end":{"line":1594,"column":68}}},"142":{"name":"(anonymous_142)","line":1599,"loc":{"start":{"line":1599,"column":73},"end":{"line":1599,"column":85}}},"143":{"name":"(anonymous_143)","line":1604,"loc":{"start":{"line":1604,"column":36},"end":{"line":1604,"column":55}}},"144":{"name":"(anonymous_144)","line":1605,"loc":{"start":{"line":1605,"column":43},"end":{"line":1605,"column":60}}},"145":{"name":"(anonymous_145)","line":1613,"loc":{"start":{"line":1613,"column":43},"end":{"line":1613,"column":71}}},"146":{"name":"(anonymous_146)","line":1643,"loc":{"start":{"line":1643,"column":51},"end":{"line":1643,"column":79}}},"147":{"name":"(anonymous_147)","line":1658,"loc":{"start":{"line":1658,"column":36},"end":{"line":1658,"column":64}}},"148":{"name":"(anonymous_148)","line":1663,"loc":{"start":{"line":1663,"column":34},"end":{"line":1663,"column":57}}},"149":{"name":"(anonymous_149)","line":1693,"loc":{"start":{"line":1693,"column":45},"end":{"line":1693,"column":73}}},"150":{"name":"(anonymous_150)","line":1701,"loc":{"start":{"line":1701,"column":15},"end":{"line":1701,"column":34}}},"151":{"name":"(anonymous_151)","line":1708,"loc":{"start":{"line":1708,"column":15},"end":{"line":1708,"column":34}}},"152":{"name":"(anonymous_152)","line":1715,"loc":{"start":{"line":1715,"column":42},"end":{"line":1715,"column":70}}},"153":{"name":"(anonymous_153)","line":1753,"loc":{"start":{"line":1753,"column":48},"end":{"line":1753,"column":76}}},"154":{"name":"(anonymous_154)","line":1761,"loc":{"start":{"line":1761,"column":45},"end":{"line":1761,"column":64}}},"155":{"name":"(anonymous_155)","line":1764,"loc":{"start":{"line":1764,"column":32},"end":{"line":1764,"column":60}}},"156":{"name":"(anonymous_156)","line":1768,"loc":{"start":{"line":1768,"column":15},"end":{"line":1768,"column":34}}},"157":{"name":"(anonymous_157)","line":1785,"loc":{"start":{"line":1785,"column":45},"end":{"line":1785,"column":73}}},"158":{"name":"(anonymous_158)","line":1790,"loc":{"start":{"line":1790,"column":32},"end":{"line":1790,"column":44}}},"159":{"name":"(anonymous_159)","line":1798,"loc":{"start":{"line":1798,"column":15},"end":{"line":1798,"column":34}}},"160":{"name":"(anonymous_160)","line":1806,"loc":{"start":{"line":1806,"column":32},"end":{"line":1806,"column":44}}},"161":{"name":"(anonymous_161)","line":1816,"loc":{"start":{"line":1816,"column":26},"end":{"line":1816,"column":41}}},"162":{"name":"(anonymous_162)","line":1817,"loc":{"start":{"line":1817,"column":50},"end":{"line":1817,"column":68}}},"163":{"name":"(anonymous_163)","line":1825,"loc":{"start":{"line":1825,"column":59},"end":{"line":1825,"column":87}}},"164":{"name":"(anonymous_164)","line":1850,"loc":{"start":{"line":1850,"column":45},"end":{"line":1850,"column":73}}},"165":{"name":"(anonymous_165)","line":1866,"loc":{"start":{"line":1866,"column":15},"end":{"line":1866,"column":42}}},"166":{"name":"(anonymous_166)","line":1886,"loc":{"start":{"line":1886,"column":15},"end":{"line":1886,"column":32}}},"167":{"name":"(anonymous_167)","line":1893,"loc":{"start":{"line":1893,"column":23},"end":{"line":1893,"column":35}}},"168":{"name":"(anonymous_168)","line":1897,"loc":{"start":{"line":1897,"column":19},"end":{"line":1897,"column":36}}},"169":{"name":"(anonymous_169)","line":1906,"loc":{"start":{"line":1906,"column":50},"end":{"line":1906,"column":78}}},"170":{"name":"(anonymous_170)","line":1920,"loc":{"start":{"line":1920,"column":56},"end":{"line":1920,"column":84}}},"171":{"name":"(anonymous_171)","line":1939,"loc":{"start":{"line":1939,"column":32},"end":{"line":1939,"column":55}}},"172":{"name":"(anonymous_172)","line":1949,"loc":{"start":{"line":1949,"column":32},"end":{"line":1949,"column":49}}},"173":{"name":"(anonymous_173)","line":1957,"loc":{"start":{"line":1957,"column":47},"end":{"line":1957,"column":75}}},"174":{"name":"(anonymous_174)","line":1980,"loc":{"start":{"line":1980,"column":57},"end":{"line":1980,"column":85}}},"175":{"name":"(anonymous_175)","line":1989,"loc":{"start":{"line":1989,"column":40},"end":{"line":1989,"column":63}}},"176":{"name":"(anonymous_176)","line":1995,"loc":{"start":{"line":1995,"column":27},"end":{"line":1995,"column":39}}},"177":{"name":"(anonymous_177)","line":2003,"loc":{"start":{"line":2003,"column":57},"end":{"line":2003,"column":85}}},"178":{"name":"(anonymous_178)","line":2015,"loc":{"start":{"line":2015,"column":28},"end":{"line":2015,"column":56}}},"179":{"name":"(anonymous_179)","line":2026,"loc":{"start":{"line":2026,"column":15},"end":{"line":2026,"column":34}}},"180":{"name":"(anonymous_180)","line":2032,"loc":{"start":{"line":2032,"column":28},"end":{"line":2032,"column":56}}},"181":{"name":"(anonymous_181)","line":2042,"loc":{"start":{"line":2042,"column":43},"end":{"line":2042,"column":71}}},"182":{"name":"(anonymous_182)","line":2053,"loc":{"start":{"line":2053,"column":47},"end":{"line":2053,"column":59}}},"183":{"name":"(anonymous_183)","line":2054,"loc":{"start":{"line":2054,"column":33},"end":{"line":2054,"column":60}}},"184":{"name":"(anonymous_184)","line":2063,"loc":{"start":{"line":2063,"column":36},"end":{"line":2063,"column":55}}},"185":{"name":"(anonymous_185)","line":2079,"loc":{"start":{"line":2079,"column":26},"end":{"line":2079,"column":44}}},"186":{"name":"(anonymous_186)","line":2089,"loc":{"start":{"line":2089,"column":39},"end":{"line":2089,"column":67}}},"187":{"name":"(anonymous_187)","line":2097,"loc":{"start":{"line":2097,"column":38},"end":{"line":2097,"column":54}}},"188":{"name":"(anonymous_188)","line":2104,"loc":{"start":{"line":2104,"column":37},"end":{"line":2104,"column":49}}},"189":{"name":"(anonymous_189)","line":2117,"loc":{"start":{"line":2117,"column":45},"end":{"line":2117,"column":73}}},"190":{"name":"(anonymous_190)","line":2127,"loc":{"start":{"line":2127,"column":33},"end":{"line":2127,"column":45}}},"191":{"name":"(anonymous_191)","line":2137,"loc":{"start":{"line":2137,"column":36},"end":{"line":2137,"column":55}}},"192":{"name":"(anonymous_192)","line":2145,"loc":{"start":{"line":2145,"column":61},"end":{"line":2145,"column":89}}},"193":{"name":"(anonymous_193)","line":2152,"loc":{"start":{"line":2152,"column":36},"end":{"line":2152,"column":55}}},"194":{"name":"(anonymous_194)","line":2167,"loc":{"start":{"line":2167,"column":50},"end":{"line":2167,"column":78}}},"195":{"name":"(anonymous_195)","line":2175,"loc":{"start":{"line":2175,"column":36},"end":{"line":2175,"column":55}}},"196":{"name":"(anonymous_196)","line":2186,"loc":{"start":{"line":2186,"column":39},"end":{"line":2186,"column":67}}},"197":{"name":"(anonymous_197)","line":2207,"loc":{"start":{"line":2207,"column":39},"end":{"line":2207,"column":56}}},"198":{"name":"(anonymous_198)","line":2219,"loc":{"start":{"line":2219,"column":5},"end":{"line":2219,"column":17}}},"199":{"name":"(anonymous_199)","line":2225,"loc":{"start":{"line":2225,"column":34},"end":{"line":2225,"column":79}}},"200":{"name":"(anonymous_200)","line":2241,"loc":{"start":{"line":2241,"column":60},"end":{"line":2241,"column":72}}},"201":{"name":"(anonymous_201)","line":2243,"loc":{"start":{"line":2243,"column":64},"end":{"line":2243,"column":76}}},"202":{"name":"(anonymous_202)","line":2260,"loc":{"start":{"line":2260,"column":19},"end":{"line":2260,"column":38}}},"203":{"name":"(anonymous_203)","line":2274,"loc":{"start":{"line":2274,"column":27},"end":{"line":2274,"column":39}}},"204":{"name":"(anonymous_204)","line":2291,"loc":{"start":{"line":2291,"column":77},"end":{"line":2294,"column":10}},"skip":true},"205":{"name":"(anonymous_205)","line":2316,"loc":{"start":{"line":2316,"column":24},"end":{"line":2316,"column":36}},"skip":true},"206":{"name":"(anonymous_206)","line":2323,"loc":{"start":{"line":2323,"column":15},"end":{"line":2323,"column":38}},"skip":true},"207":{"name":"(anonymous_207)","line":2329,"loc":{"start":{"line":2329,"column":24},"end":{"line":2329,"column":36}},"skip":true},"208":{"name":"(anonymous_208)","line":2342,"loc":{"start":{"line":2342,"column":23},"end":{"line":2342,"column":46}},"skip":true},"209":{"name":"(anonymous_209)","line":2354,"loc":{"start":{"line":2354,"column":24},"end":{"line":2354,"column":36}},"skip":true},"210":{"name":"(anonymous_210)","line":2382,"loc":{"start":{"line":2382,"column":83},"end":{"line":2385,"column":10}},"skip":true},"211":{"name":"(anonymous_211)","line":2393,"loc":{"start":{"line":2393,"column":77},"end":{"line":2396,"column":10}},"skip":true},"212":{"name":"(anonymous_212)","line":2409,"loc":{"start":{"line":2409,"column":12},"end":{"line":2409,"column":40}},"skip":true},"213":{"name":"(anonymous_213)","line":2417,"loc":{"start":{"line":2417,"column":77},"end":{"line":2420,"column":10}},"skip":true},"214":{"name":"(anonymous_214)","line":2428,"loc":{"start":{"line":2428,"column":83},"end":{"line":2431,"column":10}},"skip":true},"215":{"name":"(anonymous_215)","line":2439,"loc":{"start":{"line":2439,"column":79},"end":{"line":2442,"column":10}},"skip":true},"216":{"name":"(anonymous_216)","line":2450,"loc":{"start":{"line":2450,"column":75},"end":{"line":2453,"column":10}},"skip":true}},"statementMap":{"1":{"start":{"line":12,"column":0},"end":{"line":2465,"column":5}},"2":{"start":{"line":14,"column":4},"end":{"line":14,"column":14}},"3":{"start":{"line":19,"column":4},"end":{"line":56,"column":9}},"4":{"start":{"line":21,"column":8},"end":{"line":21,"column":19}},"5":{"start":{"line":23,"column":8},"end":{"line":35,"column":13}},"6":{"start":{"line":24,"column":12},"end":{"line":34,"column":13}},"7":{"start":{"line":25,"column":16},"end":{"line":28,"column":30}},"8":{"start":{"line":30,"column":16},"end":{"line":33,"column":27}},"9":{"start":{"line":37,"column":8},"end":{"line":39,"column":21}},"10":{"start":{"line":40,"column":8},"end":{"line":53,"column":9}},"11":{"start":{"line":43,"column":12},"end":{"line":46,"column":14}},"12":{"start":{"line":47,"column":12},"end":{"line":47,"column":18}},"13":{"start":{"line":50,"column":12},"end":{"line":51,"column":62}},"14":{"start":{"line":52,"column":12},"end":{"line":52,"column":18}},"15":{"start":{"line":55,"column":8},"end":{"line":55,"column":35}},"16":{"start":{"line":61,"column":4},"end":{"line":1587,"column":9}},"17":{"start":{"line":62,"column":8},"end":{"line":75,"column":10}},"18":{"start":{"line":67,"column":12},"end":{"line":67,"column":40}},"19":{"start":{"line":69,"column":12},"end":{"line":69,"column":22}},"20":{"start":{"line":71,"column":12},"end":{"line":71,"column":44}},"21":{"start":{"line":72,"column":12},"end":{"line":72,"column":41}},"22":{"start":{"line":74,"column":12},"end":{"line":74,"column":37}},"23":{"start":{"line":77,"column":8},"end":{"line":113,"column":10}},"24":{"start":{"line":81,"column":12},"end":{"line":81,"column":25}},"25":{"start":{"line":82,"column":12},"end":{"line":82,"column":71}},"26":{"start":{"line":83,"column":12},"end":{"line":85,"column":15}},"27":{"start":{"line":86,"column":12},"end":{"line":86,"column":48}},"28":{"start":{"line":87,"column":12},"end":{"line":87,"column":57}},"29":{"start":{"line":89,"column":12},"end":{"line":89,"column":56}},"30":{"start":{"line":91,"column":12},"end":{"line":91,"column":73}},"31":{"start":{"line":92,"column":12},"end":{"line":92,"column":36}},"32":{"start":{"line":93,"column":12},"end":{"line":93,"column":39}},"33":{"start":{"line":94,"column":12},"end":{"line":112,"column":15}},"34":{"start":{"line":96,"column":16},"end":{"line":96,"column":44}},"35":{"start":{"line":98,"column":16},"end":{"line":101,"column":42}},"36":{"start":{"line":102,"column":16},"end":{"line":105,"column":42}},"37":{"start":{"line":106,"column":16},"end":{"line":110,"column":42}},"38":{"start":{"line":111,"column":16},"end":{"line":111,"column":26}},"39":{"start":{"line":115,"column":8},"end":{"line":134,"column":10}},"40":{"start":{"line":119,"column":12},"end":{"line":133,"column":24}},"41":{"start":{"line":121,"column":20},"end":{"line":121,"column":48}},"42":{"start":{"line":124,"column":16},"end":{"line":124,"column":29}},"43":{"start":{"line":125,"column":16},"end":{"line":125,"column":52}},"44":{"start":{"line":126,"column":16},"end":{"line":126,"column":40}},"45":{"start":{"line":127,"column":16},"end":{"line":127,"column":43}},"46":{"start":{"line":128,"column":16},"end":{"line":132,"column":19}},"47":{"start":{"line":130,"column":20},"end":{"line":130,"column":47}},"48":{"start":{"line":131,"column":20},"end":{"line":131,"column":30}},"49":{"start":{"line":136,"column":8},"end":{"line":151,"column":10}},"50":{"start":{"line":140,"column":12},"end":{"line":140,"column":25}},"51":{"start":{"line":141,"column":12},"end":{"line":141,"column":48}},"52":{"start":{"line":142,"column":12},"end":{"line":142,"column":36}},"53":{"start":{"line":143,"column":12},"end":{"line":143,"column":39}},"54":{"start":{"line":144,"column":12},"end":{"line":150,"column":15}},"55":{"start":{"line":146,"column":16},"end":{"line":146,"column":44}},"56":{"start":{"line":148,"column":16},"end":{"line":148,"column":85}},"57":{"start":{"line":149,"column":16},"end":{"line":149,"column":26}},"58":{"start":{"line":153,"column":8},"end":{"line":175,"column":10}},"59":{"start":{"line":157,"column":12},"end":{"line":157,"column":25}},"60":{"start":{"line":158,"column":12},"end":{"line":159,"column":60}},"61":{"start":{"line":160,"column":12},"end":{"line":163,"column":13}},"62":{"start":{"line":161,"column":16},"end":{"line":161,"column":26}},"63":{"start":{"line":162,"column":16},"end":{"line":162,"column":23}},"64":{"start":{"line":164,"column":12},"end":{"line":174,"column":24}},"65":{"start":{"line":167,"column":20},"end":{"line":167,"column":26}},"66":{"start":{"line":170,"column":16},"end":{"line":170,"column":74}},"67":{"start":{"line":171,"column":16},"end":{"line":171,"column":46}},"68":{"start":{"line":172,"column":16},"end":{"line":172,"column":43}},"69":{"start":{"line":173,"column":16},"end":{"line":173,"column":26}},"70":{"start":{"line":177,"column":8},"end":{"line":190,"column":10}},"71":{"start":{"line":181,"column":12},"end":{"line":185,"column":15}},"72":{"start":{"line":183,"column":16},"end":{"line":183,"column":43}},"73":{"start":{"line":184,"column":16},"end":{"line":184,"column":26}},"74":{"start":{"line":187,"column":12},"end":{"line":187,"column":47}},"75":{"start":{"line":188,"column":12},"end":{"line":188,"column":28}},"76":{"start":{"line":189,"column":12},"end":{"line":189,"column":28}},"77":{"start":{"line":192,"column":8},"end":{"line":204,"column":10}},"78":{"start":{"line":196,"column":12},"end":{"line":196,"column":46}},"79":{"start":{"line":197,"column":12},"end":{"line":203,"column":15}},"80":{"start":{"line":199,"column":16},"end":{"line":199,"column":44}},"81":{"start":{"line":201,"column":16},"end":{"line":201,"column":59}},"82":{"start":{"line":202,"column":16},"end":{"line":202,"column":26}},"83":{"start":{"line":206,"column":8},"end":{"line":240,"column":10}},"84":{"start":{"line":210,"column":12},"end":{"line":226,"column":17}},"85":{"start":{"line":227,"column":12},"end":{"line":239,"column":24}},"86":{"start":{"line":228,"column":16},"end":{"line":228,"column":42}},"87":{"start":{"line":229,"column":16},"end":{"line":229,"column":40}},"88":{"start":{"line":230,"column":16},"end":{"line":238,"column":19}},"89":{"start":{"line":232,"column":20},"end":{"line":232,"column":47}},"90":{"start":{"line":234,"column":20},"end":{"line":234,"column":48}},"91":{"start":{"line":236,"column":20},"end":{"line":236,"column":55}},"92":{"start":{"line":237,"column":20},"end":{"line":237,"column":33}},"93":{"start":{"line":242,"column":8},"end":{"line":327,"column":10}},"94":{"start":{"line":246,"column":12},"end":{"line":246,"column":25}},"95":{"start":{"line":248,"column":12},"end":{"line":326,"column":15}},"96":{"start":{"line":254,"column":16},"end":{"line":254,"column":52}},"97":{"start":{"line":255,"column":16},"end":{"line":255,"column":40}},"98":{"start":{"line":256,"column":16},"end":{"line":289,"column":19}},"99":{"start":{"line":270,"column":20},"end":{"line":270,"column":48}},"100":{"start":{"line":272,"column":20},"end":{"line":272,"column":63}},"101":{"start":{"line":274,"column":20},"end":{"line":287,"column":21}},"102":{"start":{"line":278,"column":24},"end":{"line":278,"column":64}},"103":{"start":{"line":280,"column":24},"end":{"line":280,"column":52}},"104":{"start":{"line":281,"column":24},"end":{"line":281,"column":60}},"105":{"start":{"line":282,"column":24},"end":{"line":282,"column":30}},"106":{"start":{"line":285,"column":24},"end":{"line":285,"column":56}},"107":{"start":{"line":286,"column":24},"end":{"line":286,"column":66}},"108":{"start":{"line":288,"column":20},"end":{"line":288,"column":33}},"109":{"start":{"line":292,"column":16},"end":{"line":292,"column":44}},"110":{"start":{"line":294,"column":16},"end":{"line":325,"column":19}},"111":{"start":{"line":304,"column":20},"end":{"line":304,"column":48}},"112":{"start":{"line":306,"column":20},"end":{"line":306,"column":63}},"113":{"start":{"line":308,"column":20},"end":{"line":308,"column":52}},"114":{"start":{"line":309,"column":20},"end":{"line":309,"column":79}},"115":{"start":{"line":310,"column":20},"end":{"line":313,"column":22}},"116":{"start":{"line":315,"column":20},"end":{"line":315,"column":63}},"117":{"start":{"line":316,"column":20},"end":{"line":319,"column":22}},"118":{"start":{"line":320,"column":20},"end":{"line":320,"column":83}},"119":{"start":{"line":321,"column":20},"end":{"line":321,"column":62}},"120":{"start":{"line":322,"column":20},"end":{"line":322,"column":70}},"121":{"start":{"line":323,"column":20},"end":{"line":323,"column":62}},"122":{"start":{"line":324,"column":20},"end":{"line":324,"column":30}},"123":{"start":{"line":329,"column":8},"end":{"line":341,"column":10}},"124":{"start":{"line":333,"column":12},"end":{"line":333,"column":59}},"125":{"start":{"line":334,"column":12},"end":{"line":340,"column":21}},"126":{"start":{"line":335,"column":16},"end":{"line":339,"column":19}},"127":{"start":{"line":337,"column":20},"end":{"line":337,"column":47}},"128":{"start":{"line":338,"column":20},"end":{"line":338,"column":30}},"129":{"start":{"line":343,"column":8},"end":{"line":397,"column":10}},"130":{"start":{"line":347,"column":12},"end":{"line":347,"column":25}},"131":{"start":{"line":349,"column":12},"end":{"line":349,"column":37}},"132":{"start":{"line":351,"column":12},"end":{"line":358,"column":15}},"133":{"start":{"line":352,"column":16},"end":{"line":352,"column":35}},"134":{"start":{"line":355,"column":16},"end":{"line":355,"column":43}},"135":{"start":{"line":357,"column":16},"end":{"line":357,"column":57}},"136":{"start":{"line":360,"column":12},"end":{"line":367,"column":15}},"137":{"start":{"line":361,"column":16},"end":{"line":361,"column":41}},"138":{"start":{"line":364,"column":16},"end":{"line":364,"column":43}},"139":{"start":{"line":366,"column":16},"end":{"line":366,"column":59}},"140":{"start":{"line":369,"column":12},"end":{"line":374,"column":15}},"141":{"start":{"line":370,"column":16},"end":{"line":370,"column":55}},"142":{"start":{"line":373,"column":16},"end":{"line":373,"column":43}},"143":{"start":{"line":376,"column":12},"end":{"line":383,"column":15}},"144":{"start":{"line":377,"column":16},"end":{"line":377,"column":46}},"145":{"start":{"line":380,"column":16},"end":{"line":380,"column":43}},"146":{"start":{"line":382,"column":16},"end":{"line":382,"column":65}},"147":{"start":{"line":384,"column":12},"end":{"line":384,"column":59}},"148":{"start":{"line":385,"column":12},"end":{"line":395,"column":15}},"149":{"start":{"line":386,"column":16},"end":{"line":394,"column":19}},"150":{"start":{"line":387,"column":20},"end":{"line":393,"column":21}},"151":{"start":{"line":389,"column":24},"end":{"line":389,"column":54}},"152":{"start":{"line":392,"column":24},"end":{"line":392,"column":57}},"153":{"start":{"line":396,"column":12},"end":{"line":396,"column":22}},"154":{"start":{"line":399,"column":8},"end":{"line":418,"column":10}},"155":{"start":{"line":403,"column":12},"end":{"line":403,"column":25}},"156":{"start":{"line":404,"column":12},"end":{"line":404,"column":89}},"157":{"start":{"line":405,"column":12},"end":{"line":408,"column":14}},"158":{"start":{"line":409,"column":12},"end":{"line":412,"column":14}},"159":{"start":{"line":413,"column":12},"end":{"line":416,"column":14}},"160":{"start":{"line":417,"column":12},"end":{"line":417,"column":22}},"161":{"start":{"line":420,"column":8},"end":{"line":463,"column":10}},"162":{"start":{"line":424,"column":12},"end":{"line":429,"column":16}},"163":{"start":{"line":430,"column":12},"end":{"line":462,"column":24}},"164":{"start":{"line":431,"column":16},"end":{"line":431,"column":40}},"165":{"start":{"line":432,"column":16},"end":{"line":460,"column":19}},"166":{"start":{"line":433,"column":20},"end":{"line":433,"column":44}},"167":{"start":{"line":434,"column":20},"end":{"line":459,"column":23}},"168":{"start":{"line":436,"column":24},"end":{"line":436,"column":52}},"169":{"start":{"line":438,"column":24},"end":{"line":457,"column":25}},"170":{"start":{"line":440,"column":28},"end":{"line":443,"column":29}},"171":{"start":{"line":441,"column":32},"end":{"line":441,"column":89}},"172":{"start":{"line":442,"column":32},"end":{"line":442,"column":38}},"173":{"start":{"line":444,"column":28},"end":{"line":447,"column":30}},"174":{"start":{"line":448,"column":28},"end":{"line":448,"column":34}},"175":{"start":{"line":450,"column":28},"end":{"line":450,"column":72}},"176":{"start":{"line":451,"column":28},"end":{"line":451,"column":34}},"177":{"start":{"line":453,"column":28},"end":{"line":456,"column":30}},"178":{"start":{"line":458,"column":24},"end":{"line":458,"column":37}},"179":{"start":{"line":461,"column":16},"end":{"line":461,"column":29}},"180":{"start":{"line":465,"column":8},"end":{"line":482,"column":10}},"181":{"start":{"line":469,"column":12},"end":{"line":469,"column":25}},"182":{"start":{"line":470,"column":12},"end":{"line":470,"column":31}},"183":{"start":{"line":471,"column":12},"end":{"line":473,"column":13}},"184":{"start":{"line":472,"column":16},"end":{"line":472,"column":66}},"185":{"start":{"line":474,"column":12},"end":{"line":476,"column":13}},"186":{"start":{"line":475,"column":16},"end":{"line":475,"column":66}},"187":{"start":{"line":478,"column":12},"end":{"line":478,"column":61}},"188":{"start":{"line":479,"column":12},"end":{"line":479,"column":63}},"189":{"start":{"line":480,"column":12},"end":{"line":480,"column":86}},"190":{"start":{"line":481,"column":12},"end":{"line":481,"column":22}},"191":{"start":{"line":484,"column":8},"end":{"line":495,"column":10}},"192":{"start":{"line":488,"column":12},"end":{"line":490,"column":14}},"193":{"start":{"line":492,"column":12},"end":{"line":494,"column":24}},"194":{"start":{"line":493,"column":16},"end":{"line":493,"column":67}},"195":{"start":{"line":497,"column":8},"end":{"line":523,"column":10}},"196":{"start":{"line":501,"column":12},"end":{"line":521,"column":15}},"197":{"start":{"line":514,"column":16},"end":{"line":514,"column":28}},"198":{"start":{"line":515,"column":16},"end":{"line":519,"column":18}},"199":{"start":{"line":520,"column":16},"end":{"line":520,"column":70}},"200":{"start":{"line":522,"column":12},"end":{"line":522,"column":22}},"201":{"start":{"line":525,"column":8},"end":{"line":567,"column":10}},"202":{"start":{"line":529,"column":12},"end":{"line":560,"column":14}},"203":{"start":{"line":532,"column":24},"end":{"line":542,"column":36}},"204":{"start":{"line":549,"column":28},"end":{"line":549,"column":76}},"205":{"start":{"line":550,"column":28},"end":{"line":550,"column":44}},"206":{"start":{"line":553,"column":28},"end":{"line":553,"column":38}},"207":{"start":{"line":557,"column":24},"end":{"line":557,"column":39}},"208":{"start":{"line":561,"column":12},"end":{"line":565,"column":35}},"209":{"start":{"line":562,"column":16},"end":{"line":562,"column":86}},"210":{"start":{"line":563,"column":16},"end":{"line":563,"column":61}},"211":{"start":{"line":564,"column":16},"end":{"line":564,"column":26}},"212":{"start":{"line":566,"column":12},"end":{"line":566,"column":22}},"213":{"start":{"line":569,"column":8},"end":{"line":589,"column":10}},"214":{"start":{"line":573,"column":12},"end":{"line":573,"column":25}},"215":{"start":{"line":574,"column":12},"end":{"line":588,"column":24}},"216":{"start":{"line":577,"column":20},"end":{"line":577,"column":55}},"217":{"start":{"line":580,"column":16},"end":{"line":580,"column":34}},"218":{"start":{"line":581,"column":16},"end":{"line":581,"column":70}},"219":{"start":{"line":583,"column":16},"end":{"line":586,"column":18}},"220":{"start":{"line":587,"column":16},"end":{"line":587,"column":26}},"221":{"start":{"line":591,"column":8},"end":{"line":599,"column":10}},"222":{"start":{"line":595,"column":12},"end":{"line":595,"column":25}},"223":{"start":{"line":596,"column":12},"end":{"line":596,"column":44}},"224":{"start":{"line":597,"column":12},"end":{"line":597,"column":54}},"225":{"start":{"line":598,"column":12},"end":{"line":598,"column":22}},"226":{"start":{"line":601,"column":8},"end":{"line":608,"column":10}},"227":{"start":{"line":606,"column":12},"end":{"line":606,"column":53}},"228":{"start":{"line":607,"column":12},"end":{"line":607,"column":22}},"229":{"start":{"line":610,"column":8},"end":{"line":625,"column":10}},"230":{"start":{"line":614,"column":12},"end":{"line":614,"column":25}},"231":{"start":{"line":615,"column":12},"end":{"line":615,"column":57}},"232":{"start":{"line":617,"column":12},"end":{"line":617,"column":54}},"233":{"start":{"line":618,"column":12},"end":{"line":618,"column":62}},"234":{"start":{"line":620,"column":12},"end":{"line":620,"column":54}},"235":{"start":{"line":621,"column":12},"end":{"line":621,"column":58}},"236":{"start":{"line":623,"column":12},"end":{"line":623,"column":55}},"237":{"start":{"line":624,"column":12},"end":{"line":624,"column":22}},"238":{"start":{"line":627,"column":8},"end":{"line":663,"column":10}},"239":{"start":{"line":631,"column":12},"end":{"line":635,"column":14}},"240":{"start":{"line":636,"column":12},"end":{"line":662,"column":24}},"241":{"start":{"line":638,"column":16},"end":{"line":638,"column":75}},"242":{"start":{"line":640,"column":16},"end":{"line":640,"column":78}},"243":{"start":{"line":642,"column":16},"end":{"line":646,"column":18}},"244":{"start":{"line":648,"column":16},"end":{"line":648,"column":78}},"245":{"start":{"line":650,"column":16},"end":{"line":650,"column":73}},"246":{"start":{"line":652,"column":16},"end":{"line":652,"column":78}},"247":{"start":{"line":654,"column":16},"end":{"line":658,"column":18}},"248":{"start":{"line":660,"column":16},"end":{"line":660,"column":78}},"249":{"start":{"line":661,"column":16},"end":{"line":661,"column":26}},"250":{"start":{"line":665,"column":8},"end":{"line":676,"column":10}},"251":{"start":{"line":669,"column":12},"end":{"line":669,"column":25}},"252":{"start":{"line":671,"column":12},"end":{"line":674,"column":15}},"253":{"start":{"line":672,"column":16},"end":{"line":672,"column":55}},"254":{"start":{"line":673,"column":16},"end":{"line":673,"column":61}},"255":{"start":{"line":675,"column":12},"end":{"line":675,"column":22}},"256":{"start":{"line":678,"column":8},"end":{"line":707,"column":10}},"257":{"start":{"line":682,"column":12},"end":{"line":682,"column":25}},"258":{"start":{"line":684,"column":12},"end":{"line":688,"column":15}},"259":{"start":{"line":685,"column":16},"end":{"line":685,"column":62}},"260":{"start":{"line":686,"column":16},"end":{"line":686,"column":50}},"261":{"start":{"line":687,"column":16},"end":{"line":687,"column":62}},"262":{"start":{"line":690,"column":12},"end":{"line":699,"column":14}},"263":{"start":{"line":701,"column":12},"end":{"line":701,"column":33}},"264":{"start":{"line":702,"column":12},"end":{"line":705,"column":14}},"265":{"start":{"line":706,"column":12},"end":{"line":706,"column":22}},"266":{"start":{"line":709,"column":8},"end":{"line":729,"column":10}},"267":{"start":{"line":713,"column":12},"end":{"line":713,"column":25}},"268":{"start":{"line":714,"column":12},"end":{"line":714,"column":53}},"269":{"start":{"line":716,"column":12},"end":{"line":716,"column":80}},"270":{"start":{"line":717,"column":12},"end":{"line":717,"column":60}},"271":{"start":{"line":718,"column":12},"end":{"line":718,"column":80}},"272":{"start":{"line":720,"column":12},"end":{"line":720,"column":79}},"273":{"start":{"line":722,"column":12},"end":{"line":725,"column":14}},"274":{"start":{"line":727,"column":12},"end":{"line":727,"column":84}},"275":{"start":{"line":728,"column":12},"end":{"line":728,"column":22}},"276":{"start":{"line":731,"column":8},"end":{"line":757,"column":10}},"277":{"start":{"line":735,"column":12},"end":{"line":735,"column":25}},"278":{"start":{"line":736,"column":12},"end":{"line":736,"column":88}},"279":{"start":{"line":738,"column":12},"end":{"line":738,"column":80}},"280":{"start":{"line":739,"column":12},"end":{"line":739,"column":76}},"281":{"start":{"line":741,"column":12},"end":{"line":746,"column":14}},"282":{"start":{"line":747,"column":12},"end":{"line":747,"column":76}},"283":{"start":{"line":749,"column":12},"end":{"line":752,"column":14}},"284":{"start":{"line":754,"column":12},"end":{"line":754,"column":76}},"285":{"start":{"line":755,"column":12},"end":{"line":755,"column":52}},"286":{"start":{"line":756,"column":12},"end":{"line":756,"column":22}},"287":{"start":{"line":759,"column":8},"end":{"line":777,"column":10}},"288":{"start":{"line":763,"column":12},"end":{"line":763,"column":25}},"289":{"start":{"line":765,"column":12},"end":{"line":765,"column":52}},"290":{"start":{"line":766,"column":12},"end":{"line":766,"column":37}},"291":{"start":{"line":768,"column":12},"end":{"line":770,"column":13}},"292":{"start":{"line":769,"column":16},"end":{"line":769,"column":85}},"293":{"start":{"line":772,"column":12},"end":{"line":775,"column":14}},"294":{"start":{"line":776,"column":12},"end":{"line":776,"column":22}},"295":{"start":{"line":779,"column":8},"end":{"line":797,"column":10}},"296":{"start":{"line":783,"column":12},"end":{"line":783,"column":25}},"297":{"start":{"line":785,"column":12},"end":{"line":785,"column":35}},"298":{"start":{"line":787,"column":12},"end":{"line":793,"column":13}},"299":{"start":{"line":788,"column":16},"end":{"line":789,"column":80}},"300":{"start":{"line":791,"column":16},"end":{"line":791,"column":88}},"301":{"start":{"line":792,"column":16},"end":{"line":792,"column":91}},"302":{"start":{"line":795,"column":12},"end":{"line":795,"column":51}},"303":{"start":{"line":796,"column":12},"end":{"line":796,"column":22}},"304":{"start":{"line":799,"column":8},"end":{"line":826,"column":10}},"305":{"start":{"line":803,"column":12},"end":{"line":803,"column":25}},"306":{"start":{"line":805,"column":12},"end":{"line":805,"column":58}},"307":{"start":{"line":806,"column":12},"end":{"line":806,"column":59}},"308":{"start":{"line":807,"column":12},"end":{"line":807,"column":53}},"309":{"start":{"line":808,"column":12},"end":{"line":808,"column":52}},"310":{"start":{"line":809,"column":12},"end":{"line":809,"column":51}},"311":{"start":{"line":810,"column":12},"end":{"line":810,"column":52}},"312":{"start":{"line":812,"column":12},"end":{"line":812,"column":52}},"313":{"start":{"line":813,"column":12},"end":{"line":813,"column":53}},"314":{"start":{"line":814,"column":12},"end":{"line":814,"column":53}},"315":{"start":{"line":815,"column":12},"end":{"line":815,"column":52}},"316":{"start":{"line":816,"column":12},"end":{"line":816,"column":51}},"317":{"start":{"line":817,"column":12},"end":{"line":817,"column":52}},"318":{"start":{"line":819,"column":12},"end":{"line":819,"column":53}},"319":{"start":{"line":820,"column":12},"end":{"line":820,"column":54}},"320":{"start":{"line":821,"column":12},"end":{"line":821,"column":53}},"321":{"start":{"line":822,"column":12},"end":{"line":822,"column":52}},"322":{"start":{"line":823,"column":12},"end":{"line":823,"column":51}},"323":{"start":{"line":824,"column":12},"end":{"line":824,"column":52}},"324":{"start":{"line":825,"column":12},"end":{"line":825,"column":22}},"325":{"start":{"line":828,"column":8},"end":{"line":838,"column":10}},"326":{"start":{"line":832,"column":12},"end":{"line":832,"column":39}},"327":{"start":{"line":833,"column":12},"end":{"line":836,"column":14}},"328":{"start":{"line":837,"column":12},"end":{"line":837,"column":22}},"329":{"start":{"line":840,"column":8},"end":{"line":858,"column":10}},"330":{"start":{"line":844,"column":12},"end":{"line":851,"column":14}},"331":{"start":{"line":852,"column":12},"end":{"line":852,"column":54}},"332":{"start":{"line":853,"column":12},"end":{"line":856,"column":14}},"333":{"start":{"line":857,"column":12},"end":{"line":857,"column":22}},"334":{"start":{"line":860,"column":8},"end":{"line":871,"column":10}},"335":{"start":{"line":864,"column":12},"end":{"line":867,"column":15}},"336":{"start":{"line":869,"column":12},"end":{"line":869,"column":71}},"337":{"start":{"line":870,"column":12},"end":{"line":870,"column":22}},"338":{"start":{"line":873,"column":8},"end":{"line":916,"column":10}},"339":{"start":{"line":878,"column":12},"end":{"line":878,"column":37}},"340":{"start":{"line":879,"column":12},"end":{"line":879,"column":39}},"341":{"start":{"line":881,"column":12},"end":{"line":890,"column":15}},"342":{"start":{"line":882,"column":16},"end":{"line":889,"column":19}},"343":{"start":{"line":883,"column":20},"end":{"line":888,"column":22}},"344":{"start":{"line":892,"column":12},"end":{"line":897,"column":14}},"345":{"start":{"line":899,"column":12},"end":{"line":902,"column":14}},"346":{"start":{"line":904,"column":12},"end":{"line":909,"column":14}},"347":{"start":{"line":911,"column":12},"end":{"line":914,"column":14}},"348":{"start":{"line":915,"column":12},"end":{"line":915,"column":22}},"349":{"start":{"line":918,"column":8},"end":{"line":971,"column":10}},"350":{"start":{"line":923,"column":12},"end":{"line":923,"column":38}},"351":{"start":{"line":924,"column":12},"end":{"line":924,"column":40}},"352":{"start":{"line":926,"column":12},"end":{"line":935,"column":15}},"353":{"start":{"line":927,"column":16},"end":{"line":934,"column":19}},"354":{"start":{"line":928,"column":20},"end":{"line":933,"column":22}},"355":{"start":{"line":937,"column":12},"end":{"line":942,"column":14}},"356":{"start":{"line":944,"column":12},"end":{"line":947,"column":14}},"357":{"start":{"line":949,"column":12},"end":{"line":954,"column":14}},"358":{"start":{"line":956,"column":12},"end":{"line":959,"column":14}},"359":{"start":{"line":961,"column":12},"end":{"line":967,"column":14}},"360":{"start":{"line":969,"column":12},"end":{"line":969,"column":59}},"361":{"start":{"line":970,"column":12},"end":{"line":970,"column":22}},"362":{"start":{"line":973,"column":8},"end":{"line":991,"column":10}},"363":{"start":{"line":977,"column":12},"end":{"line":977,"column":72}},"364":{"start":{"line":979,"column":12},"end":{"line":979,"column":35}},"365":{"start":{"line":980,"column":12},"end":{"line":984,"column":15}},"366":{"start":{"line":981,"column":16},"end":{"line":983,"column":17}},"367":{"start":{"line":982,"column":20},"end":{"line":982,"column":38}},"368":{"start":{"line":986,"column":12},"end":{"line":989,"column":14}},"369":{"start":{"line":990,"column":12},"end":{"line":990,"column":22}},"370":{"start":{"line":993,"column":8},"end":{"line":1014,"column":10}},"371":{"start":{"line":997,"column":12},"end":{"line":1013,"column":24}},"372":{"start":{"line":1000,"column":20},"end":{"line":1000,"column":34}},"373":{"start":{"line":1005,"column":16},"end":{"line":1005,"column":39}},"374":{"start":{"line":1007,"column":16},"end":{"line":1007,"column":48}},"375":{"start":{"line":1009,"column":16},"end":{"line":1009,"column":57}},"376":{"start":{"line":1011,"column":16},"end":{"line":1011,"column":47}},"377":{"start":{"line":1012,"column":16},"end":{"line":1012,"column":26}},"378":{"start":{"line":1016,"column":8},"end":{"line":1029,"column":10}},"379":{"start":{"line":1020,"column":12},"end":{"line":1028,"column":15}},"380":{"start":{"line":1021,"column":16},"end":{"line":1021,"column":29}},"381":{"start":{"line":1022,"column":16},"end":{"line":1022,"column":44}},"382":{"start":{"line":1023,"column":16},"end":{"line":1023,"column":50}},"383":{"start":{"line":1026,"column":16},"end":{"line":1026,"column":43}},"384":{"start":{"line":1027,"column":16},"end":{"line":1027,"column":26}},"385":{"start":{"line":1031,"column":8},"end":{"line":1048,"column":10}},"386":{"start":{"line":1036,"column":12},"end":{"line":1036,"column":25}},"387":{"start":{"line":1037,"column":12},"end":{"line":1039,"column":15}},"388":{"start":{"line":1038,"column":16},"end":{"line":1038,"column":41}},"389":{"start":{"line":1040,"column":12},"end":{"line":1040,"column":33}},"390":{"start":{"line":1041,"column":12},"end":{"line":1047,"column":15}},"391":{"start":{"line":1042,"column":16},"end":{"line":1042,"column":33}},"392":{"start":{"line":1045,"column":16},"end":{"line":1045,"column":43}},"393":{"start":{"line":1046,"column":16},"end":{"line":1046,"column":26}},"394":{"start":{"line":1050,"column":8},"end":{"line":1127,"column":10}},"395":{"start":{"line":1054,"column":12},"end":{"line":1054,"column":25}},"396":{"start":{"line":1055,"column":12},"end":{"line":1124,"column":15}},"397":{"start":{"line":1056,"column":16},"end":{"line":1123,"column":17}},"398":{"start":{"line":1059,"column":20},"end":{"line":1059,"column":91}},"399":{"start":{"line":1060,"column":20},"end":{"line":1060,"column":26}},"400":{"start":{"line":1062,"column":20},"end":{"line":1062,"column":42}},"401":{"start":{"line":1064,"column":20},"end":{"line":1064,"column":43}},"402":{"start":{"line":1065,"column":20},"end":{"line":1075,"column":23}},"403":{"start":{"line":1066,"column":24},"end":{"line":1066,"column":48}},"404":{"start":{"line":1068,"column":24},"end":{"line":1068,"column":61}},"405":{"start":{"line":1070,"column":24},"end":{"line":1070,"column":53}},"406":{"start":{"line":1073,"column":24},"end":{"line":1073,"column":51}},"407":{"start":{"line":1074,"column":24},"end":{"line":1074,"column":41}},"408":{"start":{"line":1076,"column":20},"end":{"line":1076,"column":26}},"409":{"start":{"line":1078,"column":20},"end":{"line":1078,"column":38}},"410":{"start":{"line":1080,"column":20},"end":{"line":1080,"column":42}},"411":{"start":{"line":1081,"column":20},"end":{"line":1081,"column":40}},"412":{"start":{"line":1083,"column":20},"end":{"line":1083,"column":43}},"413":{"start":{"line":1084,"column":20},"end":{"line":1095,"column":58}},"414":{"start":{"line":1088,"column":24},"end":{"line":1088,"column":48}},"415":{"start":{"line":1089,"column":24},"end":{"line":1089,"column":88}},"416":{"start":{"line":1091,"column":24},"end":{"line":1094,"column":27}},"417":{"start":{"line":1092,"column":28},"end":{"line":1092,"column":65}},"418":{"start":{"line":1093,"column":28},"end":{"line":1093,"column":85}},"419":{"start":{"line":1096,"column":20},"end":{"line":1096,"column":26}},"420":{"start":{"line":1099,"column":20},"end":{"line":1099,"column":73}},"421":{"start":{"line":1100,"column":20},"end":{"line":1100,"column":62}},"422":{"start":{"line":1101,"column":20},"end":{"line":1101,"column":38}},"423":{"start":{"line":1102,"column":20},"end":{"line":1102,"column":55}},"424":{"start":{"line":1103,"column":20},"end":{"line":1103,"column":40}},"425":{"start":{"line":1104,"column":20},"end":{"line":1113,"column":39}},"426":{"start":{"line":1109,"column":24},"end":{"line":1109,"column":48}},"427":{"start":{"line":1110,"column":24},"end":{"line":1110,"column":88}},"428":{"start":{"line":1111,"column":24},"end":{"line":1111,"column":61}},"429":{"start":{"line":1112,"column":24},"end":{"line":1112,"column":37}},"430":{"start":{"line":1114,"column":20},"end":{"line":1114,"column":26}},"431":{"start":{"line":1117,"column":20},"end":{"line":1117,"column":73}},"432":{"start":{"line":1118,"column":20},"end":{"line":1118,"column":62}},"433":{"start":{"line":1119,"column":20},"end":{"line":1119,"column":37}},"434":{"start":{"line":1120,"column":20},"end":{"line":1120,"column":26}},"435":{"start":{"line":1122,"column":20},"end":{"line":1122,"column":35}},"436":{"start":{"line":1125,"column":12},"end":{"line":1125,"column":33}},"437":{"start":{"line":1126,"column":12},"end":{"line":1126,"column":29}},"438":{"start":{"line":1129,"column":8},"end":{"line":1159,"column":10}},"439":{"start":{"line":1133,"column":12},"end":{"line":1133,"column":44}},"440":{"start":{"line":1135,"column":12},"end":{"line":1135,"column":31}},"441":{"start":{"line":1137,"column":12},"end":{"line":1140,"column":15}},"442":{"start":{"line":1139,"column":16},"end":{"line":1139,"column":66}},"443":{"start":{"line":1141,"column":12},"end":{"line":1141,"column":36}},"444":{"start":{"line":1143,"column":12},"end":{"line":1143,"column":36}},"445":{"start":{"line":1144,"column":12},"end":{"line":1156,"column":15}},"446":{"start":{"line":1145,"column":16},"end":{"line":1149,"column":19}},"447":{"start":{"line":1147,"column":20},"end":{"line":1147,"column":47}},"448":{"start":{"line":1148,"column":20},"end":{"line":1148,"column":33}},"449":{"start":{"line":1150,"column":16},"end":{"line":1150,"column":45}},"450":{"start":{"line":1152,"column":16},"end":{"line":1152,"column":45}},"451":{"start":{"line":1153,"column":16},"end":{"line":1153,"column":52}},"452":{"start":{"line":1155,"column":16},"end":{"line":1155,"column":34}},"453":{"start":{"line":1158,"column":12},"end":{"line":1158,"column":25}},"454":{"start":{"line":1161,"column":8},"end":{"line":1183,"column":10}},"455":{"start":{"line":1165,"column":12},"end":{"line":1165,"column":47}},"456":{"start":{"line":1166,"column":12},"end":{"line":1182,"column":15}},"457":{"start":{"line":1168,"column":16},"end":{"line":1168,"column":43}},"458":{"start":{"line":1170,"column":16},"end":{"line":1173,"column":18}},"459":{"start":{"line":1175,"column":16},"end":{"line":1175,"column":47}},"460":{"start":{"line":1177,"column":16},"end":{"line":1177,"column":67}},"461":{"start":{"line":1178,"column":16},"end":{"line":1178,"column":26}},"462":{"start":{"line":1181,"column":16},"end":{"line":1181,"column":57}},"463":{"start":{"line":1185,"column":8},"end":{"line":1211,"column":10}},"464":{"start":{"line":1189,"column":12},"end":{"line":1189,"column":25}},"465":{"start":{"line":1191,"column":12},"end":{"line":1193,"column":15}},"466":{"start":{"line":1192,"column":16},"end":{"line":1192,"column":23}},"467":{"start":{"line":1195,"column":12},"end":{"line":1198,"column":14}},"468":{"start":{"line":1200,"column":12},"end":{"line":1210,"column":15}},"469":{"start":{"line":1201,"column":16},"end":{"line":1201,"column":36}},"470":{"start":{"line":1204,"column":16},"end":{"line":1204,"column":44}},"471":{"start":{"line":1205,"column":16},"end":{"line":1205,"column":50}},"472":{"start":{"line":1207,"column":16},"end":{"line":1208,"column":85}},"473":{"start":{"line":1209,"column":16},"end":{"line":1209,"column":26}},"474":{"start":{"line":1213,"column":8},"end":{"line":1222,"column":10}},"475":{"start":{"line":1217,"column":12},"end":{"line":1217,"column":25}},"476":{"start":{"line":1219,"column":12},"end":{"line":1219,"column":72}},"477":{"start":{"line":1221,"column":12},"end":{"line":1221,"column":87}},"478":{"start":{"line":1224,"column":8},"end":{"line":1249,"column":10}},"479":{"start":{"line":1228,"column":12},"end":{"line":1228,"column":25}},"480":{"start":{"line":1230,"column":12},"end":{"line":1230,"column":56}},"481":{"start":{"line":1231,"column":12},"end":{"line":1231,"column":75}},"482":{"start":{"line":1234,"column":12},"end":{"line":1238,"column":14}},"483":{"start":{"line":1239,"column":12},"end":{"line":1239,"column":55}},"484":{"start":{"line":1242,"column":12},"end":{"line":1246,"column":14}},"485":{"start":{"line":1247,"column":12},"end":{"line":1247,"column":54}},"486":{"start":{"line":1248,"column":12},"end":{"line":1248,"column":22}},"487":{"start":{"line":1251,"column":8},"end":{"line":1259,"column":10}},"488":{"start":{"line":1255,"column":12},"end":{"line":1255,"column":25}},"489":{"start":{"line":1256,"column":12},"end":{"line":1256,"column":60}},"490":{"start":{"line":1257,"column":12},"end":{"line":1257,"column":96}},"491":{"start":{"line":1258,"column":12},"end":{"line":1258,"column":22}},"492":{"start":{"line":1261,"column":8},"end":{"line":1269,"column":10}},"493":{"start":{"line":1265,"column":12},"end":{"line":1265,"column":25}},"494":{"start":{"line":1266,"column":12},"end":{"line":1266,"column":66}},"495":{"start":{"line":1267,"column":12},"end":{"line":1267,"column":96}},"496":{"start":{"line":1268,"column":12},"end":{"line":1268,"column":22}},"497":{"start":{"line":1271,"column":8},"end":{"line":1283,"column":10}},"498":{"start":{"line":1275,"column":12},"end":{"line":1275,"column":25}},"499":{"start":{"line":1277,"column":12},"end":{"line":1277,"column":90}},"500":{"start":{"line":1278,"column":12},"end":{"line":1281,"column":14}},"501":{"start":{"line":1282,"column":12},"end":{"line":1282,"column":22}},"502":{"start":{"line":1285,"column":8},"end":{"line":1357,"column":10}},"503":{"start":{"line":1289,"column":12},"end":{"line":1289,"column":48}},"504":{"start":{"line":1290,"column":12},"end":{"line":1290,"column":25}},"505":{"start":{"line":1291,"column":12},"end":{"line":1354,"column":15}},"506":{"start":{"line":1292,"column":16},"end":{"line":1353,"column":17}},"507":{"start":{"line":1295,"column":20},"end":{"line":1297,"column":22}},"508":{"start":{"line":1296,"column":24},"end":{"line":1296,"column":50}},"509":{"start":{"line":1298,"column":20},"end":{"line":1298,"column":76}},"510":{"start":{"line":1299,"column":20},"end":{"line":1299,"column":43}},"511":{"start":{"line":1301,"column":20},"end":{"line":1301,"column":62}},"512":{"start":{"line":1302,"column":20},"end":{"line":1302,"column":38}},"513":{"start":{"line":1303,"column":20},"end":{"line":1308,"column":22}},"514":{"start":{"line":1309,"column":20},"end":{"line":1309,"column":80}},"515":{"start":{"line":1310,"column":20},"end":{"line":1310,"column":26}},"516":{"start":{"line":1313,"column":20},"end":{"line":1313,"column":54}},"517":{"start":{"line":1315,"column":20},"end":{"line":1315,"column":86}},"518":{"start":{"line":1316,"column":20},"end":{"line":1316,"column":26}},"519":{"start":{"line":1319,"column":20},"end":{"line":1319,"column":38}},"520":{"start":{"line":1320,"column":20},"end":{"line":1327,"column":22}},"521":{"start":{"line":1328,"column":20},"end":{"line":1328,"column":80}},"522":{"start":{"line":1329,"column":20},"end":{"line":1329,"column":26}},"523":{"start":{"line":1332,"column":20},"end":{"line":1332,"column":54}},"524":{"start":{"line":1334,"column":20},"end":{"line":1334,"column":74}},"525":{"start":{"line":1335,"column":20},"end":{"line":1335,"column":26}},"526":{"start":{"line":1338,"column":20},"end":{"line":1341,"column":22}},"527":{"start":{"line":1342,"column":20},"end":{"line":1342,"column":80}},"528":{"start":{"line":1343,"column":20},"end":{"line":1343,"column":26}},"529":{"start":{"line":1346,"column":20},"end":{"line":1346,"column":54}},"530":{"start":{"line":1348,"column":20},"end":{"line":1348,"column":74}},"531":{"start":{"line":1349,"column":20},"end":{"line":1349,"column":37}},"532":{"start":{"line":1350,"column":20},"end":{"line":1350,"column":26}},"533":{"start":{"line":1352,"column":20},"end":{"line":1352,"column":35}},"534":{"start":{"line":1355,"column":12},"end":{"line":1355,"column":33}},"535":{"start":{"line":1356,"column":12},"end":{"line":1356,"column":29}},"536":{"start":{"line":1359,"column":8},"end":{"line":1374,"column":10}},"537":{"start":{"line":1363,"column":12},"end":{"line":1363,"column":79}},"538":{"start":{"line":1364,"column":12},"end":{"line":1370,"column":15}},"539":{"start":{"line":1365,"column":16},"end":{"line":1365,"column":26}},"540":{"start":{"line":1367,"column":16},"end":{"line":1367,"column":26}},"541":{"start":{"line":1369,"column":16},"end":{"line":1369,"column":37}},"542":{"start":{"line":1372,"column":12},"end":{"line":1372,"column":54}},"543":{"start":{"line":1373,"column":12},"end":{"line":1373,"column":22}},"544":{"start":{"line":1376,"column":8},"end":{"line":1393,"column":10}},"545":{"start":{"line":1380,"column":12},"end":{"line":1380,"column":72}},"546":{"start":{"line":1382,"column":12},"end":{"line":1387,"column":15}},"547":{"start":{"line":1383,"column":16},"end":{"line":1386,"column":19}},"548":{"start":{"line":1384,"column":20},"end":{"line":1384,"column":41}},"549":{"start":{"line":1385,"column":20},"end":{"line":1385,"column":40}},"550":{"start":{"line":1389,"column":12},"end":{"line":1392,"column":15}},"551":{"start":{"line":1390,"column":16},"end":{"line":1390,"column":58}},"552":{"start":{"line":1391,"column":16},"end":{"line":1391,"column":26}},"553":{"start":{"line":1395,"column":8},"end":{"line":1474,"column":10}},"554":{"start":{"line":1399,"column":12},"end":{"line":1399,"column":25}},"555":{"start":{"line":1401,"column":12},"end":{"line":1401,"column":62}},"556":{"start":{"line":1402,"column":12},"end":{"line":1402,"column":58}},"557":{"start":{"line":1404,"column":12},"end":{"line":1418,"column":19}},"558":{"start":{"line":1419,"column":12},"end":{"line":1422,"column":14}},"559":{"start":{"line":1424,"column":12},"end":{"line":1449,"column":19}},"560":{"start":{"line":1450,"column":12},"end":{"line":1472,"column":39}},"561":{"start":{"line":1473,"column":12},"end":{"line":1473,"column":22}},"562":{"start":{"line":1476,"column":8},"end":{"line":1490,"column":10}},"563":{"start":{"line":1480,"column":12},"end":{"line":1480,"column":25}},"564":{"start":{"line":1481,"column":12},"end":{"line":1489,"column":24}},"565":{"start":{"line":1485,"column":16},"end":{"line":1485,"column":46}},"566":{"start":{"line":1487,"column":16},"end":{"line":1487,"column":61}},"567":{"start":{"line":1488,"column":16},"end":{"line":1488,"column":26}},"568":{"start":{"line":1492,"column":8},"end":{"line":1503,"column":10}},"569":{"start":{"line":1496,"column":12},"end":{"line":1502,"column":15}},"570":{"start":{"line":1497,"column":16},"end":{"line":1497,"column":35}},"571":{"start":{"line":1500,"column":16},"end":{"line":1500,"column":43}},"572":{"start":{"line":1501,"column":16},"end":{"line":1501,"column":39}},"573":{"start":{"line":1505,"column":8},"end":{"line":1519,"column":10}},"574":{"start":{"line":1509,"column":12},"end":{"line":1509,"column":25}},"575":{"start":{"line":1511,"column":12},"end":{"line":1511,"column":73}},"576":{"start":{"line":1513,"column":12},"end":{"line":1513,"column":67}},"577":{"start":{"line":1515,"column":12},"end":{"line":1515,"column":59}},"578":{"start":{"line":1517,"column":12},"end":{"line":1517,"column":56}},"579":{"start":{"line":1518,"column":12},"end":{"line":1518,"column":22}},"580":{"start":{"line":1521,"column":8},"end":{"line":1564,"column":10}},"581":{"start":{"line":1525,"column":12},"end":{"line":1532,"column":14}},"582":{"start":{"line":1533,"column":12},"end":{"line":1563,"column":24}},"583":{"start":{"line":1535,"column":16},"end":{"line":1548,"column":19}},"584":{"start":{"line":1550,"column":16},"end":{"line":1561,"column":19}},"585":{"start":{"line":1562,"column":16},"end":{"line":1562,"column":26}},"586":{"start":{"line":1566,"column":8},"end":{"line":1576,"column":10}},"587":{"start":{"line":1570,"column":12},"end":{"line":1570,"column":25}},"588":{"start":{"line":1572,"column":12},"end":{"line":1572,"column":47}},"589":{"start":{"line":1574,"column":12},"end":{"line":1574,"column":84}},"590":{"start":{"line":1575,"column":12},"end":{"line":1575,"column":22}},"591":{"start":{"line":1578,"column":8},"end":{"line":1586,"column":10}},"592":{"start":{"line":1582,"column":12},"end":{"line":1582,"column":47}},"593":{"start":{"line":1583,"column":12},"end":{"line":1585,"column":40}},"594":{"start":{"line":1588,"column":4},"end":{"line":2214,"column":5}},"595":{"start":{"line":1594,"column":8},"end":{"line":1611,"column":10}},"596":{"start":{"line":1598,"column":12},"end":{"line":1603,"column":14}},"597":{"start":{"line":1600,"column":20},"end":{"line":1600,"column":52}},"598":{"start":{"line":1601,"column":20},"end":{"line":1601,"column":52}},"599":{"start":{"line":1604,"column":12},"end":{"line":1610,"column":24}},"600":{"start":{"line":1605,"column":16},"end":{"line":1608,"column":19}},"601":{"start":{"line":1607,"column":20},"end":{"line":1607,"column":47}},"602":{"start":{"line":1609,"column":16},"end":{"line":1609,"column":26}},"603":{"start":{"line":1613,"column":8},"end":{"line":1641,"column":10}},"604":{"start":{"line":1617,"column":12},"end":{"line":1617,"column":25}},"605":{"start":{"line":1619,"column":12},"end":{"line":1619,"column":36}},"606":{"start":{"line":1621,"column":12},"end":{"line":1621,"column":49}},"607":{"start":{"line":1622,"column":12},"end":{"line":1622,"column":59}},"608":{"start":{"line":1624,"column":12},"end":{"line":1624,"column":46}},"609":{"start":{"line":1626,"column":12},"end":{"line":1626,"column":49}},"610":{"start":{"line":1627,"column":12},"end":{"line":1627,"column":54}},"611":{"start":{"line":1629,"column":12},"end":{"line":1629,"column":37}},"612":{"start":{"line":1631,"column":12},"end":{"line":1631,"column":49}},"613":{"start":{"line":1632,"column":12},"end":{"line":1632,"column":59}},"614":{"start":{"line":1634,"column":12},"end":{"line":1634,"column":46}},"615":{"start":{"line":1636,"column":12},"end":{"line":1636,"column":36}},"616":{"start":{"line":1638,"column":12},"end":{"line":1638,"column":49}},"617":{"start":{"line":1639,"column":12},"end":{"line":1639,"column":59}},"618":{"start":{"line":1640,"column":12},"end":{"line":1640,"column":22}},"619":{"start":{"line":1643,"co
[...]
 'object' &&","                    typeof XMLHttpRequest.prototype.open === 'function' &&","                    'browser';","            } catch (errorCaughtBrowser) {","                return module.exports &&","                    typeof process.versions.node === 'string' &&","                    typeof require('http').createServer === 'function' &&","                    'node';","            }","        }());","        // init global","        local.global = local.modeJs === 'browser'","            ? window","            : global;","        // init utility2_rollup","        local = local.global.utility2_rollup || (local.modeJs === 'browser'","            ? local.global.utility2_utility2","            : global.utility2_moduleExports);","        // init exports","        local.global.local = local;","        // run test-server","        local.testRunServer(local);","        // init assets","        local.assetsDict['/assets.hello'] = 'hello';","        local.assetsDict['/assets.index.template.html'] = '';","    }());","    switch (local.modeJs) {","","","","    // run browser js-env code - function","    case 'browser':","        local.testCase_ajax_200 = function (options, onError) {","        /*","         * this function will test ajax's \"200 ok\" handling-behavior","         */","            options = {};","            // test ajax-path 'assets.hello'","            local.ajax({ url: 'assets.hello' }, function (error, xhr) {","                local.tryCatchOnError(function () {","                    // validate no error occurred","                    local.assert(!error, error);","                    // validate data","                    options.data = xhr.responseText;","                    local.assert(options.data === 'hello', options.data);","                    onError();","                }, onError);","            });","        };","        local.testCase_ajax_404 = function (options, onError) {","        /*","         * this function will test ajax's \"404 not found\" handling-behavior","         */","            options = {};","            // test ajax-path '/undefined'","            local.ajax({ url: '/undefined' }, function (error) {","                local.tryCatchOnError(function () {","                    // validate error occurred","                    local.assert(error, error);","                    options.statusCode = error.statusCode;","                    // validate 404 http statusCode","                    local.assert(options.statusCode === 404, options.statusCode);","                    onError();","                }, onError);","            });","        };","        break;","","","","    // run node js-env code - function","    case 'node':","        local.testCase_webpage_default = function (options, onError) {","        /*","         * this function will test webpage's default handling-behavior","         */","            options = { modeCoverageMerge: true, url: local.serverLocalHost + '?modeTest=1' };","            local.browserTest(options, onError);","        };","        break;","    }","    switch (local.modeJs) {","","","","    // init-after","    // run browser js-env code - init-after","    /* istanbul ignore next */","    case 'browser':","        local.testRunBrowser = function (event) {","            if (!event || (event &&","                    event.currentTarget &&","                    event.currentTarget.className &&","                    event.currentTarget.className.includes &&","                    event.currentTarget.className.includes('onreset'))) {","                // reset output","                Array.from(","                    document.querySelectorAll('body > .resettable')","                ).forEach(function (element) {","                    switch (element.tagName) {","                    case 'INPUT':","                    case 'TEXTAREA':","                        element.value = '';","                        break;","                    default:","                        element.textContent = '';","                    }","                });","            }","            switch (event && event.currentTarget && event.currentTarget.id) {","            case 'testRunButton1':","                // show tests","                if (document.querySelector('#testReportDiv1').style.display === 'none') {","                    document.querySelector('#testReportDiv1').style.display = 'block';","                    document.querySelector('#testRunButton1').textContent =","                        'hide internal test';","                    local.modeTest = true;","                    local.testRunDefault(local);","                // hide tests","                } else {","                    document.querySelector('#testReportDiv1').style.display = 'none';","                    document.querySelector('#testRunButton1').textContent = 'run internal test';","                }","                break;","            // custom-case","            case 'testRunButton2':","                // run tests","                local.modeTest = true;","                local.testRunDefault(local);","                break;","            default:","                if (location.href.indexOf(\"modeTest=\") >= 0) {","                    return;","                }","                // try to JSON.stringify #inputTextareaEval1","                try {","                    document.querySelector('#outputPreJsonStringify1').textContent = '';","                    document.querySelector('#outputPreJsonStringify1').textContent =","                        local.jsonStringifyOrdered(","                            JSON.parse(document.querySelector('#inputTextareaEval1').value),","                            null,","                            4","                        );","                } catch (ignore) {","                }","                // jslint #inputTextareaEval1","                local.jslint.errorText = '';","                if (document.querySelector('#inputTextareaEval1').value","                        .indexOf('/*jslint') >= 0) {","                    local.jslint.jslintAndPrint(","                        document.querySelector('#inputTextareaEval1').value,","                        'inputTextareaEval1.js'","                    );","                }","                document.querySelector('#outputPreJslint1').textContent =","                    local.jslint.errorText","                    .replace((/\\u001b\\[\\d+m/g), '')","                    .trim();","                // try to cleanup __coverage__","                try {","                    delete local.global.__coverage__['/inputTextareaEval1.js'];","                } catch (ignore) {","                }","                // try to cover and eval input-code","                try {","                    /*jslint evil: true*/","                    document.querySelector('#outputTextarea1').value =","                        local.istanbul.instrumentSync(","                            document.querySelector('#inputTextareaEval1').value,","                            '/inputTextareaEval1.js'","                        );","                    eval(document.querySelector('#outputTextarea1').value);","                    document.querySelector('#coverageReportDiv1').innerHTML =","                        local.istanbul.coverageReportCreate({","                            coverage: window.__coverage__","                        });","                } catch (errorCaught) {","                    console.error(errorCaught);","                }","            }","            if (document.querySelector('#inputTextareaEval1') && (!event || (event &&","                    event.currentTarget &&","                    event.currentTarget.className &&","                    event.currentTarget.className.includes &&","                    event.currentTarget.className.includes('oneval')))) {","                // try to eval input-code","                try {","                    /*jslint evil: true*/","                    eval(document.querySelector('#inputTextareaEval1').value);","                } catch (errorCaught) {","                    console.error(errorCaught);","                }","            }","        };","        // log stderr and stdout to #outputTextareaStdout1","        ['error', 'log'].forEach(function (key) {","            console[key + '_original'] = console[key];","            console[key] = function () {","                var element;","                console[key + '_original'].apply(console, arguments);","                element = document.querySelector('#outputTextareaStdout1');","                if (!element) {","                    return;","                }","                // append text to #outputTextareaStdout1","                element.value += Array.from(arguments).map(function (arg) {","                    return typeof arg === 'string'","                        ? arg","                        : JSON.stringify(arg, null, 4);","                }).join(' ') + '\\n';","                // scroll textarea to bottom","                element.scrollTop = element.scrollHeight;","            };","        });","        // init event-handling","        ['change', 'click', 'keyup'].forEach(function (event) {","            Array.from(document.querySelectorAll('.on' + event)).forEach(function (element) {","                element.addEventListener(event, local.testRunBrowser);","            });","        });","        // run tests","        local.testRunBrowser();","        break;","","","","    // run node js-env code - init-after","    /* istanbul ignore next */","    case 'node':","        // init exports","        module.exports = local;","        // require modules","        local.fs = require('fs');","        local.http = require('http');","        local.url = require('url');","        // init assets","        local.assetsDict = local.assetsDict || {};","        /* jslint-ignore-begin */","        local.assetsDict['/assets.index.template.html'] = '\\","<!doctype html>\\n\\","<html lang=\"en\">\\n\\","<head>\\n\\","<meta charset=\"UTF-8\">\\n\\","<meta name=\"viewport\" content=\"width=device-width, initial-scale=1\">\\n\\","<title>{{env.npm_package_name}} (v{{env.npm_package_version}})</title>\\n\\","<style>\\n\\","/*csslint\\n\\","    box-sizing: false,\\n\\","    universal-selector: false\\n\\","*/\\n\\","* {\\n\\","    box-sizing: border-box;\\n\\","}\\n\\","body {\\n\\","    background: #dde;\\n\\","    font-family: Arial, Helvetica, sans-serif;\\n\\","    margin: 2rem;\\n\\","}\\n\\","body > * {\\n\\","    margin-bottom: 1rem;\\n\\","}\\n\\",".utility2FooterDiv {\\n\\","    margin-top: 20px;\\n\\","    text-align: center;\\n\\","}\\n\\","</style>\\n\\","<style>\\n\\","/*csslint\\n\\","    ids: false,\\n\\","*/\\n\\","#outputPreJslint1 {\\n\\","    color: #d00;\\n\\","}\\n\\","textarea {\\n\\","    font-family: monospace;\\n\\","    height: 10rem;\\n\\","    width: 100%;\\n\\","}\\n\\","textarea[readonly] {\\n\\","    background: #ddd;\\n\\","}\\n\\","</style>\\n\\","</head>\\n\\","<body>\\n\\","<!-- utility2-comment\\n\\","<div id=\"ajaxProgressDiv1\" style=\"background: #d00; height: 2px; left: 0; margin: 0; padding: 0; position: fixed; top: 0; width: 25%;\"></div>\\n\\","utility2-comment -->\\n\\","<h1>\\n\\","<!-- utility2-comment\\n\\","    <a\\n\\","        {{#if env.npm_package_homepage}}\\n\\","        href=\"{{env.npm_package_homepage}}\"\\n\\","        {{/if env.npm_package_homepage}}\\n\\","        target=\"_blank\"\\n\\","    >\\n\\","utility2-comment -->\\n\\","        {{env.npm_package_name}} (v{{env.npm_package_version}})\\n\\","<!-- utility2-comment\\n\\","    </a>\\n\\","utility2-comment -->\\n\\","</h1>\\n\\","<h3>{{env.npm_package_description}}</h3>\\n\\","<!-- utility2-comment\\n\\","<h4><a download href=\"assets.app.js\">download standalone app</a></h4>\\n\\","utility2-comment -->\\n\\","\\n\\","\\n\\","\\n\\","<label>edit or paste script below to cover and test</label>\\n\\","<textarea class=\"oneval onkeyup onreset\" id=\"inputTextareaEval1\">\\n\\","// remove comment below to disable jslint\\n\\","/*jslint\\n\\","    browser: true,\\n\\","    es6: true\\n\\","*/\\n\\","/*global window*/\\n\\","(function () {\\n\\","    \"use strict\";\\n\\","    var testCaseDict;\\n\\","    testCaseDict = {};\\n\\","    testCaseDict.modeTest = true;\\n\\","\\n\\","    // comment this testCase to disable the failed assertion demo\\n\\","    testCaseDict.testCase_failed_assertion_demo = function (\\n\\","        options,\\n\\","        onError\\n\\","    ) {\\n\\","    /*\\n\\","     * this function will demo a failed assertion test\\n\\","     */\\n\\","        // jslint-hack\\n\\","        window.utility2.nop(options);\\n\\","        window.utility2.assert(false, \"this is a failed assertion demo\");\\n\\","        onError();\\n\\","    };\\n\\","\\n\\","    testCaseDict.testCase_passed_ajax_demo = function (options, onError) {\\n\\","    /*\\n\\","     * this function will demo a passed ajax test\\n\\","     */\\n\\","        var data;\\n\\","        options = {url: \"/\"};\\n\\","        // test ajax request for main-page \"/\"\\n\\","        window.utility2.ajax(options, function (error, xhr) {\\n\\","            try {\\n\\","                // validate no error occurred\\n\\","                window.utility2.assert(!error, error);\\n\\","                // validate \"200 ok\" status\\n\\","                window.utility2.assert(xhr.statusCode === 200, xhr.statusCode);\\n\\","                // validate non-empty data\\n\\","                data = xhr.responseText;\\n\\","                window.utility2.assert(data && data.length > 0, data);\\n\\","                onError();\\n\\","            } catch (errorCaught) {\\n\\","                onError(errorCaught);\\n\\","            }\\n\\","        });\\n\\","    };\\n\\","\\n\\","    window.utility2.testRunDefault(testCaseDict);\\n\\","}());\\n\\","</textarea>\\n\\","<pre id=\"outputPreJsonStringify1\"></pre>\\n\\","<pre id=\"outputPreJslint1\"></pre>\\n\\","<label>instrumented-code</label>\\n\\","<textarea class=\"resettable\" id=\"outputTextarea1\" readonly></textarea>\\n\\","<label>stderr and stdout</label>\\n\\","<textarea class=\"resettable\" id=\"outputTextareaStdout1\" readonly></textarea>\\n\\","<button class=\"onclick onreset\" id=\"testRunButton2\">run internal test</button><br>\\n\\","<div class=\"resettable\" id=\"testReportDiv1\" style=\"display: none;\"></div>\\n\\","<div id=\"coverageReportDiv1\" class=\"resettable\"></div>\\n\\","<!-- utility2-comment\\n\\","{{#if isRollup}}\\n\\","<script src=\"assets.app.js\"></script>\\n\\","{{#unless isRollup}}\\n\\","utility2-comment -->\\n\\","<script src=\"assets.utility2.lib.istanbul.js\"></script>\\n\\","<script src=\"assets.utility2.lib.jslint.js\"></script>\\n\\","<script src=\"assets.utility2.lib.db.js\"></script>\\n\\","<script src=\"assets.utility2.lib.sjcl.js\"></script>\\n\\","<script src=\"assets.utility2.lib.uglifyjs.js\"></script>\\n\\","<script src=\"assets.utility2.js\"></script>\\n\\","<script>window.utility2.onResetBefore.counter += 1;</script>\\n\\","<script src=\"jsonp.utility2.stateInit?callback=window.utility2.stateInit\"></script>\\n\\","<script src=\"assets.example.js\"></script>\\n\\","<script src=\"assets.test.js\"></script>\\n\\","<script>window.utility2.onResetBefore();</script>\\n\\","<!-- utility2-comment\\n\\","{{/if isRollup}}\\n\\","utility2-comment -->\\n\\","<div class=\"utility2FooterDiv\">\\n\\","    [ this app was created with\\n\\","    <a href=\"https://github.com/kaizhu256/node-utility2\" target=\"_blank\">utility2</a>\\n\\","    ]\\n\\","</div>\\n\\","</body>\\n\\","</html>\\n\\","';","        /* jslint-ignore-end */","        [","            'assets.index.css',","            'assets.index.template.html',","            'assets.swgg.swagger.json',","            'assets.swgg.swagger.server.json'","        ].forEach(function (file) {","            local.assetsDict['/' + file] = local.assetsDict['/' + file] || '';","            if (local.fs.existsSync(local.__dirname + '/' + file)) {","                local.assetsDict['/' + file] = local.fs.readFileSync(","                    local.__dirname + '/' + file,","                    'utf8'","                );","            }","        });","        local.assetsDict['/'] =","            local.assetsDict['/assets.example.html'] =","            local.assetsDict['/assets.index.template.html']","            .replace((/\\{\\{env\\.(\\w+?)\\}\\}/g), function (match0, match1) {","                // jslint-hack","                String(match0);","                switch (match1) {","                case 'npm_package_description':","                    return 'the greatest app in the world!';","                case 'npm_package_name':","                    return 'utility2';","                case 'npm_package_nameAlias':","                    return 'utility2';","                case 'npm_package_version':","                    return '0.0.1';","                default:","                    return match0;","                }","            });","        // run the cli","        if (local.global.utility2_rollup || module !== require.main) {","            break;","        }","        local.assetsDict['/assets.example.js'] =","            local.assetsDict['/assets.example.js'] ||","            local.fs.readFileSync(__filename, 'utf8');","        // bug-workaround - long $npm_package_buildCustomOrg","        /* jslint-ignore-begin */","        local.assetsDict['/assets.utility2.js'] =","            local.assetsDict['/assets.utility2.js'] ||","            local.fs.readFileSync(","                local.utility2.__dirname + '/lib.utility2.js',","                'utf8'","            ).replace((/^#!/), '//');","        /* jslint-ignore-end */","        local.assetsDict['/favicon.ico'] = local.assetsDict['/favicon.ico'] || '';","        // if $npm_config_timeout_exit exists,","        // then exit this process after $npm_config_timeout_exit ms","        if (Number(process.env.npm_config_timeout_exit)) {","            setTimeout(process.exit, Number(process.env.npm_config_timeout_exit));","        }","        // start server","        if (local.global.utility2_serverHttp1) {","            break;","        }","        process.env.PORT = process.env.PORT || '8081';","        console.error('server starting on port ' + process.env.PORT);","        local.http.createServer(function (request, response) {","            request.urlParsed = local.url.parse(request.url);","            if (local.assetsDict[request.urlParsed.pathname] !== undefined) {","                response.end(local.assetsDict[request.urlParsed.pathname]);","                return;","            }","            response.statusCode = 404;","            response.end();","        }).listen(process.env.PORT);","        break;","    }","}());"],"l":{"141":3,"143":3,"148":3,"150":3,"152":3,"153":3,"154":3,"159":1,"166":3,"170":3,"174":3,"176":3,"178":3,"179":3,"181":3,"187":2,"191":1,"193":1,"194":1,"196":1,"198":1,"199":1,"200":1,"204":2,"208":1,"210":1,"211":1,"213":1,"214":1,"216":1,"217":1,"221":2,"227":1,"231":1,"232":1,"234":1,"236":3,"244":2,"245":2,"251":2,"254":4,"257":2,"258":2,"260":2,"264":2,"267":1,"268":1,"269":1,"271":1,"272":1,"275":1,"276":1,"278":1,"282":1,"283":1,"284":1,"286":2,"287":2,"290":1,"291":1,"292":1,"301":1,"302":1,"304":1,"309":1,"314":1,"315":1,"319":1,"321":1,"326":1,"327":1,"332":1,"335":1,"341":1,"343":1,"345":1,"350":2,"351":4,"352":4,"353":102,"354":102,"355":102,"356":102,"357":5,"360":97,"361":97,"366":97,"370":2,"371":6,"372":2,"376":2,"377":2,"385":1,"387":1,"388":1,"389":1,"391":1,"393":1,"554":1,"560":4,"561":4,"562":1,"568":1,"573":6,"574":6,"576":1,"578":2,"580":1,"582":2,"584":1,"588":1,"589":1,"591":1,"596":1,"603":1,"606":1,"607":1,"610":1,"611":1,"613":1,"614":1,"615":1,"616":1,"617":1,"618":1,"619":1,"621":1,"622":1,"624":1}}}