{"/home/travis/build/kaizhu256/node-utility2/test.js":{"path":"/home/travis/build/kaizhu256/node-utility2/test.js","s":{"1":3,"2":3,"3":3,"4":3,"5":3,"6":3,"7":3,"8":1,"9":3,"10":3,"11":2,"12":2,"13":1,"14":1,"15":3,"16":3,"17":3,"18":1,"19":1,"20":1,"21":1,"22":1,"23":3,"24":2,"25":2,"26":2,"27":2,"28":2,"29":2,"30":2,"31":2,"32":2,"33":2,"34":2,"35":2,"36":2,"37":2,"38":2,"39":3,"40":2,"41":2,"42":2,"43":2,"44":2,"45":2,"46":2,"47":2,"48":2,"49":3,"50":2,"51":2,"52":2,"53":2,"54":2,"55":2,"56":2,"57":2,"58":3,"59":2,"60":2,"61":2,"62":1,"63":1,"64":1,"65":2,"66":1,"67":1,"68":1,"69":1,"70":3,"71":2,"72":2,"73":2,"74":2,"75":2,"76":2,"77":3,"78":2,"79":2,"80":2,"81":2,"82":2,"83":3,"84":2,"85":2,"86":8,"87":8,"88":8,"89":8,"90":8,"91":8,"92":8,"93":3,"94":2,"95":2,"96":8,"97":8,"98":8,"99":8,"100":8,"101":8,"102":4,"103":4,"104":4,"105":4,"106":4,"107":4,"108":8,"109":2,"110":2,"111":2,"112":2,"113":2,"114":2,"115":2,"116":2,"117":2,"118":2,"119":2,"120":2,"121":2,"122":2,"123":3,"124":2,"125":2,"126":2,"127":2,"128":2,"129":3,"130":2,"131":2,"132":2,"133":2,"134":2,"135":2,"136":2,"137":2,"138":2,"139":2,"140":2,"141":2,"142":2,"143":2,"144":2,"145":2,"146":2,"147":2,"148":2,"149":10,"150":50,"151":10,"152":40,"153":2,"154":3,"155":2,"156":2,"157":2,"158":2,"159":2,"160":2,"161":3,"162":2,"163":2,"164":4,"165":4,"166":12,"167":12,"168":12,"169":12,"170":4,"171":2,"172":2,"173":2,"174":2,"175":4,"176":4,"177":4,"178":12,"179":4,"180":3,"181":4,"182":4,"183":4,"184":262144,"185":4,"186":16384,"187":4,"188":4,"189":4,"190":4,"191":3,"192":2,"193":2,"194":2,"195":3,"196":2,"197":22,"198":22,"199":22,"200":2,"201":3,"202":2,"203":28,"204":4,"205":4,"206":2,"207":2,"208":2,"209":2,"210":2,"211":2,"212":2,"213":3,"214":2,"215":2,"216":6,"217":2,"218":2,"219":2,"220":2,"221":3,"222":2,"223":2,"224":2,"225":2,"226":3,"227":2,"228":2,"229":3,"230":2,"231":2,"232":2,"233":2,"234":2,"235":2,"236":2,"237":2,"238":3,"239":2,"240":2,"241":2,"242":2,"243":2,"244":2,"245":2,"246":2,"247":2,"248":2,"249":2,"250":3,"251":2,"252":2,"253":16,"254":16,"255":2,"256":3,"257":2,"258":2,"259":20,"260":20,"261":20,"262":2,"263":2,"264":2,"265":2,"266":3,"267":2,"268":2,"269":2,"270":2,"271":2,"272":2,"273":2,"274":2,"275":2,"276":3,"277":2,"278":2,"279":2,"280":2,"281":2,"282":2,"283":2,"284":2,"285":2,"286":2,"287":3,"288":2,"289":2,"290":2,"291":2,"292":2048,"293":2,"294":2,"295":3,"296":2,"297":2,"298":2,"299":200,"300":200,"301":200,"302":2,"303":2,"304":3,"305":2,"306":2,"307":2,"308":2,"309":2,"310":2,"311":2,"312":2,"313":2,"314":2,"315":2,"316":2,"317":2,"318":2,"319":2,"320":2,"321":2,"322":2,"323":2,"324":2,"325":3,"326":2,"327":2,"328":2,"329":3,"330":2,"331":2,"332":2,"333":2,"334":3,"335":2,"336":2,"337":2,"338":3,"339":2,"340":2,"341":2,"342":10,"343":50,"344":2,"345":2,"346":2,"347":2,"348":2,"349":3,"350":2,"351":2,"352":2,"353":10,"354":50,"355":2,"356":2,"357":2,"358":2,"359":2,"360":2,"361":2,"362":3,"363":2,"364":2,"365":2,"366":24,"367":6,"368":2,"369":2,"370":3,"371":2,"372":2,"373":2,"374":2,"375":2,"376":2,"377":2,"378":3,"379":2,"380":2,"381":2,"382":2,"383":2,"384":2,"385":3,"386":2,"387":2,"388":4,"389":2,"390":2,"391":2,"392":2,"393":2,"394":3,"395":2,"396":2,"397":12,"398":2,"399":2,"400":2,"401":2,"402":2,"403":4,"404":4,"405":4,"406":2,"407":2,"408":2,"409":2,"410":2,"411":2,"412":2,"413":2,"414":20,"415":20,"416":20,"417":20,"418":20,"419":2,"420":2,"421":2,"422":2,"423":2,"424":2,"425":2,"426":10,"427":10,"428":10,"429":10,"430":2,"431":2,"432":2,"433":2,"434":2,"435":2,"436":2,"437":2,"438":3,"439":2,"440":2,"441":2,"442":2,"443":2,"444":2,"445":2,"446":2,"447":2,"448":2,"449":2,"450":2,"451":2,"452":2,"453":2,"454":3,"455":2,"456":2,"457":2,"458":2,"459":2,"460":2,"461":2,"462":2,"463":3,"464":2,"465":2,"466":2,"467":2,"468":2,"469":2,"470":2,"471":2,"472":2,"473":2,"474":3,"475":2,"476":2,"477":2,"478":3,"479":2,"480":2,"481":2,"482":2,"483":2,"484":2,"485":2,"486":2,"487":3,"488":2,"489":2,"490":2,"491":2,"492":3,"493":2,"494":2,"495":2,"496":2,"497":3,"498":2,"499":2,"500":2,"501":2,"502":3,"503":2,"504":2,"505":2,"506":14,"507":2,"508":4,"509":2,"510":2,"511":2,"512":2,"513":2,"514":2,"515":2,"516":2,"517":2,"518":2,"519":2,"520":2,"521":2,"522":2,"523":2,"524":2,"525":2,"526":2,"527":2,"528":2,"529":2,"530":2,"531":2,"532":2,"533":2,"534":2,"535":2,"536":3,"537":2,"538":2,"539":2,"540":2,"541":2,"542":2,"543":2,"544":3,"545":2,"546":2,"547":4,"548":2,"549":2,"550":2,"551":2,"552":2,"553":3,"554":2,"555":2,"556":2,"557":2,"558":2,"559":2,"560":2,"561":2,"562":3,"563":2,"564":2,"565":2,"566":2,"567":2,"568":3,"569":2,"570":2,"571":2,"572":2,"573":3,"574":2,"575":2,"576":2,"577":2,"578":2,"579":2,"580":3,"581":2,"582":2,"583":2,"584":2,"585":2,"586":3,"587":2,"588":2,"589":2,"590":2,"591":3,"592":18,"593":18,"594":3,"595":2,"596":1,"597":1,"598":1,"599":1,"600":1,"601":2,"602":1,"603":1,"604":1,"605":1,"606":1,"607":1,"608":1,"609":2,"610":1,"611":1,"612":1,"613":1,"614":1,"615":1,"616":1,"617":1,"618":1,"619":1,"620":1,"621":1,"622":1,"623":1,"624":1,"625":2,"626":1,"627":1,"628":1,"629":1,"630":2,"631":1,"632":1,"633":1,"634":1,"635":1,"636":1,"637":1,"638":1,"639":2,"640":1,"641":1,"642":1,"643":4,"644":1,"645":1,"646":1,"647":1,"648":1,"649":1,"650":1,"651":1,"652":1,"653":1,"654":1,"655":1,"656":1,"657":1,"658":1,"659":1,"660":1,"661":1,"662":1,"663":1,"664":1,"665":1,"666":1,"667":1,"668":1,"669":1,"670":1,"671":1,"672":1,"673":3,"674":3,"675":1,"676":1,"677":1,"678":1,"679":1,"680":1,"681":1,"682":1,"683":1,"684":1,"685":1,"686":2,"687":2,"688":2,"689":2,"690":2,"691":2,"692":2,"693":2,"694":2,"695":2,"696":2,"697":2,"698":8,"699":8,"700":2,"701":1,"702":1,"703":1,"704":1,"705":1,"706":1,"707":1,"708":1,"709":1,"710":1,"711":1,"712":1,"713":1,"714":1,"715":1,"716":1,"717":1,"718":1,"719":1,"720":1,"721":1,"722":1,"723":1,"724":1,"725":1,"726":1,"727":1,"728":1,"729":1,"730":1,"731":1,"732":1,"733":1,"734":1,"735":1,"736":1,"737":1,"738":1,"739":1,"740":1,"741":1,"742":1,"743":1,"744":1,"745":1,"746":1,"747":1,"748":1,"749":1,"750":1,"751":1,"752":1,"753":1,"754":1,"755":1,"756":1,"757":1,"758":1,"759":1,"760":1,"761":1,"762":1,"763":1,"764":1,"765":1,"766":1,"767":1,"768":1,"769":1,"770":1,"771":1,"772":1,"773":1,"774":1,"775":1,"776":1,"777":1,"778":1,"779":1,"780":1,"781":1,"782":1,"783":1,"784":1,"785":1,"786":1,"787":1,"788":1,"789":1,"790":1,"791":1,"792":1,"793":1,"794":1,"795":1,"796":1,"797":1,"798":1,"799":1,"800":1,"801":1,"802":1,"803":1,"804":1,"805":1,"806":1,"807":1,"808":1,"809":4,"810":4,"811":4,"812":1,"813":1,"814":7,"815":1,"816":1,"817":1,"818":1,"819":1,"820":1,"821":1,"822":1,"823":1,"824":1,"825":1,"826":1,"827":1,"828":1,"829":1,"830":1,"831":1,"832":1,"833":2,"834":1,"835":1,"836":1,"837":1,"838":1,"839":1,"840":1,"841":1,"842":1,"843":1,"844":1,"845":1,"846":1,"847":1,"848":1,"849":1,"850":1,"851":1,"852":1,"853":1,"854":1,"855":3,"856":3,"857":3,"858":3,"859":34,"860":9,"861":9,"862":9,"863":8,"864":8,"865":8,"866":8,"867":8,"868":2,"869":2,"870":2,"871":2,"872":2,"873":2,"874":2,"875":2,"876":2,"877":2,"878":2,"879":2,"880":5,"881":5,"882":5,"883":8,"884":3,"885":2,"886":1,"887":2,"888":1,"889":1,"890":2,"891":0,"892":2,"893":1,"894":0,"895":0,"896":0,"897":0,"898":0,"899":0,"900":0,"901":0,"902":0,"903":0,"904":0,"905":0,"906":0,"907":0,"908":0,"909":0,"910":0,"911":0,"912":0,"913":0,"914":0,"915":0,"916":0,"917":1,"918":0,"919":1,"920":1,"921":0,"922":0,"923":0,"924":0,"925":0,"926":0,"927":0,"928":1,"929":0,"930":0,"931":1,"932":0,"933":0,"934":0,"935":0,"936":0,"937":0,"938":1,"939":0,"940":0,"941":1,"942":2,"943":2,"944":1,"945":0,"946":0,"947":1,"948":2,"949":2,"950":1,"951":0,"952":0,"953":1,"954":1},"b":{"1":[3,2,2,2],"2":[1,1,1,1],"3":[2,1],"4":[2,1],"5":[2,2],"6":[1,1],"7":[2,1],"8":[1,1],"9":[2,6],"10":[1,7],"11":[8,2],"12":[2,4,4],"13":[10,40],"14":[4,4,4],"15":[2,2],"16":[4,2],"17":[6,2],"18":[200,3],"19":[10,40],"20":[10,40],"21":[6,18],"22":[24,22,8],"23":[2,2,2,2,2,2],"24":[20,10],"25":[2,2],"26":[2,2],"27":[2,2,2,2,2,2,2],"28":[18,18,18],"29":[2,1],"30":[1,1,1,1],"31":[9,8,2,2,5,8],"32":[2,1],"33":[2,2],"34":[2,2],"35":[0,1],"36":[1,1],"37":[0,2],"38":[2,2],"39":[0,0],"40":[0,0],"41":[0,0],"42":[0,0],"43":[0,0],"44":[0,0],"45":[0,0],"46":[0,0],"47":[0,1],"48":[1,1],"49":[0,1],"50":[0,0],"51":[1,0],"52":[1,0],"53":[1,0],"54":[1,1],"55":[1,0],"56":[1,1],"57":[1,0]},"f":{"1":3,"2":3,"3":3,"4":3,"5":1,"6":2,"7":2,"8":2,"9":2,"10":2,"11":2,"12":2,"13":2,"14":2,"15":2,"16":1,"17":2,"18":2,"19":2,"20":2,"21":2,"22":8,"23":8,"24":2,"25":8,"26":8,"27":2,"28":2,"29":2,"30":2,"31":2,"32":2,"33":2,"34":2,"35":2,"36":2,"37":2,"38":2,"39":2,"40":2,"41":10,"42":50,"43":2,"44":2,"45":4,"46":12,"47":12,"48":4,"49":2,"50":2,"51":2,"52":22,"53":2,"54":28,"55":4,"56":2,"57":2,"58":2,"59":2,"60":6,"61":2,"62":2,"63":2,"64":2,"65":2,"66":2,"67":2,"68":16,"69":2,"70":20,"71":2,"72":2,"73":2,"74":2,"75":2,"76":2,"77":2,"78":2,"79":2,"80":10,"81":50,"82":2,"83":10,"84":50,"85":2,"86":24,"87":2,"88":2,"89":2,"90":2,"91":2,"92":2,"93":2,"94":4,"95":2,"96":2,"97":2,"98":12,"99":4,"100":2,"101":20,"102":20,"103":10,"104":2,"105":2,"106":2,"107":2,"108":2,"109":2,"110":2,"111":2,"112":2,"113":2,"114":2,"115":2,"116":2,"117":2,"118":2,"119":2,"120":2,"121":14,"122":4,"123":2,"124":2,"125":2,"126":2,"127":4,"128":2,"129":2,"130":2,"131":2,"132":2,"133":2,"134":2,"135":2,"136":2,"137":2,"138":2,"139":2,"140":18,"141":1,"142":1,"143":1,"144":1,"145":1,"146":1,"147":1,"148":1,"149":1,"150":1,"151":1,"152":4,"153":1,"154":1,"155":1,"156":1,"157":1,"158":3,"159":3,"160":1,"161":2,"162":2,"163":2,"164":2,"165":2,"166":8,"167":8,"168":1,"169":1,"170":1,"171":1,"172":1,"173":1,"174":1,"175":1,"176":1,"177":1,"178":1,"179":1,"180":1,"181":1,"182":1,"183":1,"184":1,"185":1,"186":1,"187":4,"188":4,"189":1,"190":7,"191":1,"192":1,"193":1,"194":1,"195":2,"196":1,"197":1,"198":1,"199":1,"200":1,"201":1,"202":1,"203":3,"204":34,"205":8,"206":8,"207":2,"208":5,"209":1,"210":1,"211":0,"212":0,"213":0,"214":0,"215":0,"216":0,"217":0,"218":0,"219":2,"220":0,"221":2,"222":0},"fnMap":{"1":{"name":"(anonymous_1)","line":12,"loc":{"start":{"line":12,"column":1},"end":{"line":12,"column":13}}},"2":{"name":"(anonymous_2)","line":19,"loc":{"start":{"line":19,"column":5},"end":{"line":19,"column":17}}},"3":{"name":"(anonymous_3)","line":23,"loc":{"start":{"line":23,"column":24},"end":{"line":23,"column":36}}},"4":{"name":"(anonymous_4)","line":61,"loc":{"start":{"line":61,"column":5},"end":{"line":61,"column":17}}},"5":{"name":"(anonymous_5)","line":62,"loc":{"start":{"line":62,"column":49},"end":{"line":62,"column":77}}},"6":{"name":"(anonymous_6)","line":77,"loc":{"start":{"line":77,"column":42},"end":{"line":77,"column":70}}},"7":{"name":"(anonymous_7)","line":94,"loc":{"start":{"line":94,"column":32},"end":{"line":94,"column":54}}},"8":{"name":"(anonymous_8)","line":115,"loc":{"start":{"line":115,"column":40},"end":{"line":115,"column":68}}},"9":{"name":"(anonymous_9)","line":120,"loc":{"start":{"line":120,"column":51},"end":{"line":120,"column":70}}},"10":{"name":"(anonymous_10)","line":123,"loc":{"start":{"line":123,"column":15},"end":{"line":123,"column":34}}},"11":{"name":"(anonymous_11)","line":128,"loc":{"start":{"line":128,"column":36},"end":{"line":128,"column":53}}},"12":{"name":"(anonymous_12)","line":136,"loc":{"start":{"line":136,"column":43},"end":{"line":136,"column":71}}},"13":{"name":"(anonymous_13)","line":144,"loc":{"start":{"line":144,"column":32},"end":{"line":144,"column":54}}},"14":{"name":"(anonymous_14)","line":153,"loc":{"start":{"line":153,"column":49},"end":{"line":153,"column":77}}},"15":{"name":"(anonymous_15)","line":166,"loc":{"start":{"line":166,"column":45},"end":{"line":166,"column":60}}},"16":{"name":"(anonymous_16)","line":169,"loc":{"start":{"line":169,"column":15},"end":{"line":169,"column":34}}},"17":{"name":"(anonymous_17)","line":177,"loc":{"start":{"line":177,"column":36},"end":{"line":177,"column":64}}},"18":{"name":"(anonymous_18)","line":181,"loc":{"start":{"line":181,"column":59},"end":{"line":181,"column":76}}},"19":{"name":"(anonymous_19)","line":192,"loc":{"start":{"line":192,"column":37},"end":{"line":192,"column":65}}},"20":{"name":"(anonymous_20)","line":197,"loc":{"start":{"line":197,"column":32},"end":{"line":197,"column":54}}},"21":{"name":"(anonymous_21)","line":206,"loc":{"start":{"line":206,"column":36},"end":{"line":206,"column":64}}},"22":{"name":"(anonymous_22)","line":224,"loc":{"start":{"line":224,"column":42},"end":{"line":224,"column":73}}},"23":{"name":"(anonymous_23)","line":227,"loc":{"start":{"line":227,"column":36},"end":{"line":227,"column":58}}},"24":{"name":"(anonymous_24)","line":239,"loc":{"start":{"line":239,"column":35},"end":{"line":239,"column":63}}},"25":{"name":"(anonymous_25)","line":250,"loc":{"start":{"line":250,"column":17},"end":{"line":250,"column":53}}},"26":{"name":"(anonymous_26)","line":265,"loc":{"start":{"line":265,"column":19},"end":{"line":265,"column":41}}},"27":{"name":"(anonymous_27)","line":287,"loc":{"start":{"line":287,"column":15},"end":{"line":287,"column":32}}},"28":{"name":"(anonymous_28)","line":299,"loc":{"start":{"line":299,"column":19},"end":{"line":299,"column":41}}},"29":{"name":"(anonymous_29)","line":326,"loc":{"start":{"line":326,"column":38},"end":{"line":326,"column":66}}},"30":{"name":"(anonymous_30)","line":331,"loc":{"start":{"line":331,"column":23},"end":{"line":331,"column":35}}},"31":{"name":"(anonymous_31)","line":332,"loc":{"start":{"line":332,"column":36},"end":{"line":332,"column":53}}},"32":{"name":"(anonymous_32)","line":340,"loc":{"start":{"line":340,"column":43},"end":{"line":340,"column":71}}},"33":{"name":"(anonymous_33)","line":348,"loc":{"start":{"line":348,"column":34},"end":{"line":348,"column":46}}},"34":{"name":"(anonymous_34)","line":350,"loc":{"start":{"line":350,"column":15},"end":{"line":350,"column":32}}},"35":{"name":"(anonymous_35)","line":357,"loc":{"start":{"line":357,"column":34},"end":{"line":357,"column":46}}},"36":{"name":"(anonymous_36)","line":359,"loc":{"start":{"line":359,"column":15},"end":{"line":359,"column":32}}},"37":{"name":"(anonymous_37)","line":366,"loc":{"start":{"line":366,"column":34},"end":{"line":366,"column":46}}},"38":{"name":"(anonymous_38)","line":368,"loc":{"start":{"line":368,"column":15},"end":{"line":368,"column":32}}},"39":{"name":"(anonymous_39)","line":373,"loc":{"start":{"line":373,"column":34},"end":{"line":373,"column":46}}},"40":{"name":"(anonymous_40)","line":375,"loc":{"start":{"line":375,"column":15},"end":{"line":375,"column":32}}},"41":{"name":"(anonymous_41)","line":382,"loc":{"start":{"line":382,"column":33},"end":{"line":382,"column":51}}},"42":{"name":"(anonymous_42)","line":383,"loc":{"start":{"line":383,"column":37},"end":{"line":383,"column":55}}},"43":{"name":"(anonymous_43)","line":396,"loc":{"start":{"line":396,"column":43},"end":{"line":396,"column":71}}},"44":{"name":"(anonymous_44)","line":417,"loc":{"start":{"line":417,"column":42},"end":{"line":417,"column":70}}},"45":{"name":"(anonymous_45)","line":427,"loc":{"start":{"line":427,"column":42},"end":{"line":427,"column":73}}},"46":{"name":"(anonymous_46)","line":429,"loc":{"start":{"line":429,"column":50},"end":{"line":429,"column":70}}},"47":{"name":"(anonymous_47)","line":431,"loc":{"start":{"line":431,"column":62},"end":{"line":431,"column":85}}},"48":{"name":"(anonymous_48)","line":462,"loc":{"start":{"line":462,"column":46},"end":{"line":462,"column":74}}},"49":{"name":"(anonymous_49)","line":481,"loc":{"start":{"line":481,"column":47},"end":{"line":481,"column":75}}},"50":{"name":"(anonymous_50)","line":489,"loc":{"start":{"line":489,"column":36},"end":{"line":489,"column":55}}},"51":{"name":"(anonymous_51)","line":494,"loc":{"start":{"line":494,"column":56},"end":{"line":494,"column":84}}},"52":{"name":"(anonymous_52)","line":510,"loc":{"start":{"line":510,"column":22},"end":{"line":510,"column":35}}},"53":{"name":"(anonymous_53)","line":522,"loc":{"start":{"line":522,"column":53},"end":{"line":522,"column":81}}},"54":{"name":"(anonymous_54)","line":528,"loc":{"start":{"line":528,"column":26},"end":{"line":528,"column":54}}},"55":{"name":"(anonymous_55)","line":545,"loc":{"start":{"line":545,"column":42},"end":{"line":545,"column":70}}},"56":{"name":"(anonymous_56)","line":549,"loc":{"start":{"line":549,"column":30},"end":{"line":549,"column":49}}},"57":{"name":"(anonymous_57)","line":553,"loc":{"start":{"line":553,"column":39},"end":{"line":553,"column":65}}},"58":{"name":"(anonymous_58)","line":558,"loc":{"start":{"line":558,"column":36},"end":{"line":558,"column":55}}},"59":{"name":"(anonymous_59)","line":566,"loc":{"start":{"line":566,"column":46},"end":{"line":566,"column":74}}},"60":{"name":"(anonymous_60)","line":573,"loc":{"start":{"line":573,"column":35},"end":{"line":573,"column":50}}},"61":{"name":"(anonymous_61)","line":576,"loc":{"start":{"line":576,"column":15},"end":{"line":576,"column":34}}},"62":{"name":"(anonymous_62)","line":588,"loc":{"start":{"line":588,"column":38},"end":{"line":588,"column":66}}},"63":{"name":"(anonymous_63)","line":598,"loc":{"start":{"line":598,"column":38},"end":{"line":598,"column":66}}},"64":{"name":"(anonymous_64)","line":607,"loc":{"start":{"line":607,"column":51},"end":{"line":607,"column":79}}},"65":{"name":"(anonymous_65)","line":624,"loc":{"start":{"line":624,"column":59},"end":{"line":624,"column":87}}},"66":{"name":"(anonymous_66)","line":633,"loc":{"start":{"line":633,"column":36},"end":{"line":633,"column":55}}},"67":{"name":"(anonymous_67)","line":662,"loc":{"start":{"line":662,"column":42},"end":{"line":662,"column":70}}},"68":{"name":"(anonymous_68)","line":668,"loc":{"start":{"line":668,"column":67},"end":{"line":668,"column":86}}},"69":{"name":"(anonymous_69)","line":675,"loc":{"start":{"line":675,"column":54},"end":{"line":675,"column":82}}},"70":{"name":"(anonymous_70)","line":681,"loc":{"start":{"line":681,"column":75},"end":{"line":681,"column":91}}},"71":{"name":"(anonymous_71)","line":706,"loc":{"start":{"line":706,"column":47},"end":{"line":706,"column":75}}},"72":{"name":"(anonymous_72)","line":728,"loc":{"start":{"line":728,"column":45},"end":{"line":728,"column":73}}},"73":{"name":"(anonymous_73)","line":756,"loc":{"start":{"line":756,"column":54},"end":{"line":756,"column":82}}},"74":{"name":"(anonymous_74)","line":776,"loc":{"start":{"line":776,"column":45},"end":{"line":776,"column":73}}},"75":{"name":"(anonymous_75)","line":796,"loc":{"start":{"line":796,"column":46},"end":{"line":796,"column":74}}},"76":{"name":"(anonymous_76)","line":825,"loc":{"start":{"line":825,"column":55},"end":{"line":825,"column":83}}},"77":{"name":"(anonymous_77)","line":837,"loc":{"start":{"line":837,"column":50},"end":{"line":837,"column":78}}},"78":{"name":"(anonymous_78)","line":857,"loc":{"start":{"line":857,"column":50},"end":{"line":857,"column":78}}},"79":{"name":"(anonymous_79)","line":870,"loc":{"start":{"line":870,"column":50},"end":{"line":870,"column":78}}},"80":{"name":"(anonymous_80)","line":878,"loc":{"start":{"line":878,"column":52},"end":{"line":878,"column":66}}},"81":{"name":"(anonymous_81)","line":879,"loc":{"start":{"line":879,"column":56},"end":{"line":879,"column":70}}},"82":{"name":"(anonymous_82)","line":915,"loc":{"start":{"line":915,"column":51},"end":{"line":915,"column":79}}},"83":{"name":"(anonymous_83)","line":923,"loc":{"start":{"line":923,"column":52},"end":{"line":923,"column":66}}},"84":{"name":"(anonymous_84)","line":924,"loc":{"start":{"line":924,"column":56},"end":{"line":924,"column":70}}},"85":{"name":"(anonymous_85)","line":970,"loc":{"start":{"line":970,"column":48},"end":{"line":970,"column":76}}},"86":{"name":"(anonymous_86)","line":977,"loc":{"start":{"line":977,"column":42},"end":{"line":977,"column":61}}},"87":{"name":"(anonymous_87)","line":990,"loc":{"start":{"line":990,"column":48},"end":{"line":990,"column":76}}},"88":{"name":"(anonymous_88)","line":996,"loc":{"start":{"line":996,"column":35},"end":{"line":996,"column":50}}},"89":{"name":"(anonymous_89)","line":1000,"loc":{"start":{"line":1000,"column":15},"end":{"line":1000,"column":34}}},"90":{"name":"(anonymous_90)","line":1013,"loc":{"start":{"line":1013,"column":44},"end":{"line":1013,"column":72}}},"91":{"name":"(anonymous_91)","line":1017,"loc":{"start":{"line":1017,"column":34},"end":{"line":1017,"column":46}}},"92":{"name":"(anonymous_92)","line":1021,"loc":{"start":{"line":1021,"column":15},"end":{"line":1021,"column":32}}},"93":{"name":"(anonymous_93)","line":1028,"loc":{"start":{"line":1028,"column":38},"end":{"line":1028,"column":66}}},"94":{"name":"(anonymous_94)","line":1034,"loc":{"start":{"line":1034,"column":34},"end":{"line":1034,"column":46}}},"95":{"name":"(anonymous_95)","line":1038,"loc":{"start":{"line":1038,"column":34},"end":{"line":1038,"column":46}}},"96":{"name":"(anonymous_96)","line":1040,"loc":{"start":{"line":1040,"column":15},"end":{"line":1040,"column":32}}},"97":{"name":"(anonymous_97)","line":1047,"loc":{"start":{"line":1047,"column":48},"end":{"line":1047,"column":76}}},"98":{"name":"(anonymous_98)","line":1052,"loc":{"start":{"line":1052,"column":34},"end":{"line":1052,"column":51}}},"99":{"name":"(anonymous_99)","line":1062,"loc":{"start":{"line":1062,"column":50},"end":{"line":1062,"column":78}}},"100":{"name":"(anonymous_100)","line":1068,"loc":{"start":{"line":1068,"column":23},"end":{"line":1068,"column":40}}},"101":{"name":"(anonymous_101)","line":1084,"loc":{"start":{"line":1084,"column":23},"end":{"line":1084,"column":51}}},"102":{"name":"(anonymous_102)","line":1088,"loc":{"start":{"line":1088,"column":35},"end":{"line":1088,"column":47}}},"103":{"name":"(anonymous_103)","line":1104,"loc":{"start":{"line":1104,"column":23},"end":{"line":1104,"column":51}}},"104":{"name":"(anonymous_104)","line":1126,"loc":{"start":{"line":1126,"column":44},"end":{"line":1126,"column":72}}},"105":{"name":"(anonymous_105)","line":1134,"loc":{"start":{"line":1134,"column":51},"end":{"line":1134,"column":63}}},"106":{"name":"(anonymous_106)","line":1141,"loc":{"start":{"line":1141,"column":23},"end":{"line":1141,"column":35}}},"107":{"name":"(anonymous_107)","line":1142,"loc":{"start":{"line":1142,"column":51},"end":{"line":1142,"column":68}}},"108":{"name":"(anonymous_108)","line":1158,"loc":{"start":{"line":1158,"column":43},"end":{"line":1158,"column":71}}},"109":{"name":"(anonymous_109)","line":1163,"loc":{"start":{"line":1163,"column":28},"end":{"line":1163,"column":45}}},"110":{"name":"(anonymous_110)","line":1177,"loc":{"start":{"line":1177,"column":21},"end":{"line":1177,"column":33}}},"111":{"name":"(anonymous_111)","line":1182,"loc":{"start":{"line":1182,"column":44},"end":{"line":1182,"column":72}}},"112":{"name":"(anonymous_112)","line":1188,"loc":{"start":{"line":1188,"column":52},"end":{"line":1188,"column":64}}},"113":{"name":"(anonymous_113)","line":1197,"loc":{"start":{"line":1197,"column":26},"end":{"line":1197,"column":45}}},"114":{"name":"(anonymous_114)","line":1199,"loc":{"start":{"line":1199,"column":15},"end":{"line":1199,"column":45}}},"115":{"name":"(anonymous_115)","line":1210,"loc":{"start":{"line":1210,"column":51},"end":{"line":1210,"column":79}}},"116":{"name":"(anonymous_116)","line":1221,"loc":{"start":{"line":1221,"column":51},"end":{"line":1221,"column":79}}},"117":{"name":"(anonymous_117)","line":1248,"loc":{"start":{"line":1248,"column":54},"end":{"line":1248,"column":82}}},"118":{"name":"(anonymous_118)","line":1258,"loc":{"start":{"line":1258,"column":54},"end":{"line":1258,"column":82}}},"119":{"name":"(anonymous_119)","line":1268,"loc":{"start":{"line":1268,"column":48},"end":{"line":1268,"column":76}}},"120":{"name":"(anonymous_120)","line":1282,"loc":{"start":{"line":1282,"column":50},"end":{"line":1282,"column":78}}},"121":{"name":"(anonymous_121)","line":1288,"loc":{"start":{"line":1288,"column":34},"end":{"line":1288,"column":57}}},"122":{"name":"(anonymous_122)","line":1292,"loc":{"start":{"line":1292,"column":29},"end":{"line":1292,"column":48}}},"123":{"name":"(anonymous_123)","line":1356,"loc":{"start":{"line":1356,"column":53},"end":{"line":1356,"column":81}}},"124":{"name":"(anonymous_124)","line":1361,"loc":{"start":{"line":1361,"column":38},"end":{"line":1361,"column":57}}},"125":{"name":"(anonymous_125)","line":1365,"loc":{"start":{"line":1365,"column":15},"end":{"line":1365,"column":27}}},"126":{"name":"(anonymous_126)","line":1373,"loc":{"start":{"line":1373,"column":43},"end":{"line":1373,"column":71}}},"127":{"name":"(anonymous_127)","line":1379,"loc":{"start":{"line":1379,"column":33},"end":{"line":1379,"column":45}}},"128":{"name":"(anonymous_128)","line":1380,"loc":{"start":{"line":1380,"column":42},"end":{"line":1380,"column":61}}},"129":{"name":"(anonymous_129)","line":1386,"loc":{"start":{"line":1386,"column":23},"end":{"line":1386,"column":35}}},"130":{"name":"(anonymous_130)","line":1392,"loc":{"start":{"line":1392,"column":48},"end":{"line":1392,"column":76}}},"131":{"name":"(anonymous_131)","line":1473,"loc":{"start":{"line":1473,"column":44},"end":{"line":1473,"column":72}}},"132":{"name":"(anonymous_132)","line":1481,"loc":{"start":{"line":1481,"column":15},"end":{"line":1481,"column":34}}},"133":{"name":"(anonymous_133)","line":1489,"loc":{"start":{"line":1489,"column":44},"end":{"line":1489,"column":72}}},"134":{"name":"(anonymous_134)","line":1493,"loc":{"start":{"line":1493,"column":34},"end":{"line":1493,"column":46}}},"135":{"name":"(anonymous_135)","line":1495,"loc":{"start":{"line":1495,"column":15},"end":{"line":1495,"column":32}}},"136":{"name":"(anonymous_136)","line":1502,"loc":{"start":{"line":1502,"column":40},"end":{"line":1502,"column":68}}},"137":{"name":"(anonymous_137)","line":1518,"loc":{"start":{"line":1518,"column":42},"end":{"line":1518,"column":70}}},"138":{"name":"(anonymous_138)","line":1530,"loc":{"start":{"line":1530,"column":36},"end":{"line":1530,"column":55}}},"139":{"name":"(anonymous_139)","line":1563,"loc":{"start":{"line":1563,"column":45},"end":{"line":1563,"column":73}}},"140":{"name":"(anonymous_140)","line":1575,"loc":{"start":{"line":1575,"column":44},"end":{"line":1575,"column":59}}},"141":{"name":"(anonymous_141)","line":1591,"loc":{"start":{"line":1591,"column":41},"end":{"line":1591,"column":69}}},"142":{"name":"(anonymous_142)","line":1611,"loc":{"start":{"line":1611,"column":36},"end":{"line":1611,"column":55}}},"143":{"name":"(anonymous_143)","line":1612,"loc":{"start":{"line":1612,"column":63},"end":{"line":1612,"column":80}}},"144":{"name":"(anonymous_144)","line":1620,"loc":{"start":{"line":1620,"column":40},"end":{"line":1620,"column":68}}},"145":{"name":"(anonymous_145)","line":1625,"loc":{"start":{"line":1625,"column":73},"end":{"line":1625,"column":85}}},"146":{"name":"(anonymous_146)","line":1630,"loc":{"start":{"line":1630,"column":36},"end":{"line":1630,"column":55}}},"147":{"name":"(anonymous_147)","line":1631,"loc":{"start":{"line":1631,"column":43},"end":{"line":1631,"column":60}}},"148":{"name":"(anonymous_148)","line":1639,"loc":{"start":{"line":1639,"column":43},"end":{"line":1639,"column":71}}},"149":{"name":"(anonymous_149)","line":1669,"loc":{"start":{"line":1669,"column":51},"end":{"line":1669,"column":79}}},"150":{"name":"(anonymous_150)","line":1679,"loc":{"start":{"line":1679,"column":51},"end":{"line":1679,"column":79}}},"151":{"name":"(anonymous_151)","line":1701,"loc":{"start":{"line":1701,"column":36},"end":{"line":1701,"column":64}}},"152":{"name":"(anonymous_152)","line":1706,"loc":{"start":{"line":1706,"column":34},"end":{"line":1706,"column":57}}},"153":{"name":"(anonymous_153)","line":1736,"loc":{"start":{"line":1736,"column":45},"end":{"line":1736,"column":73}}},"154":{"name":"(anonymous_154)","line":1744,"loc":{"start":{"line":1744,"column":15},"end":{"line":1744,"column":34}}},"155":{"name":"(anonymous_155)","line":1751,"loc":{"start":{"line":1751,"column":15},"end":{"line":1751,"column":34}}},"156":{"name":"(anonymous_156)","line":1758,"loc":{"start":{"line":1758,"column":42},"end":{"line":1758,"column":70}}},"157":{"name":"(anonymous_157)","line":1796,"loc":{"start":{"line":1796,"column":48},"end":{"line":1796,"column":76}}},"158":{"name":"(anonymous_158)","line":1804,"loc":{"start":{"line":1804,"column":45},"end":{"line":1804,"column":64}}},"159":{"name":"(anonymous_159)","line":1807,"loc":{"start":{"line":1807,"column":32},"end":{"line":1807,"column":60}}},"160":{"name":"(anonymous_160)","line":1811,"loc":{"start":{"line":1811,"column":15},"end":{"line":1811,"column":34}}},"161":{"name":"(anonymous_161)","line":1828,"loc":{"start":{"line":1828,"column":45},"end":{"line":1828,"column":73}}},"162":{"name":"(anonymous_162)","line":1833,"loc":{"start":{"line":1833,"column":32},"end":{"line":1833,"column":44}}},"163":{"name":"(anonymous_163)","line":1839,"loc":{"start":{"line":1839,"column":32},"end":{"line":1839,"column":44}}},"164":{"name":"(anonymous_164)","line":1846,"loc":{"start":{"line":1846,"column":15},"end":{"line":1846,"column":34}}},"165":{"name":"(anonymous_165)","line":1854,"loc":{"start":{"line":1854,"column":32},"end":{"line":1854,"column":44}}},"166":{"name":"(anonymous_166)","line":1864,"loc":{"start":{"line":1864,"column":26},"end":{"line":1864,"column":41}}},"167":{"name":"(anonymous_167)","line":1865,"loc":{"start":{"line":1865,"column":50},"end":{"line":1865,"column":68}}},"168":{"name":"(anonymous_168)","line":1873,"loc":{"start":{"line":1873,"column":59},"end":{"line":1873,"column":87}}},"169":{"name":"(anonymous_169)","line":1898,"loc":{"start":{"line":1898,"column":45},"end":{"line":1898,"column":73}}},"170":{"name":"(anonymous_170)","line":1914,"loc":{"start":{"line":1914,"column":15},"end":{"line":1914,"column":42}}},"171":{"name":"(anonymous_171)","line":1934,"loc":{"start":{"line":1934,"column":15},"end":{"line":1934,"column":32}}},"172":{"name":"(anonymous_172)","line":1941,"loc":{"start":{"line":1941,"column":23},"end":{"line":1941,"column":35}}},"173":{"name":"(anonymous_173)","line":1945,"loc":{"start":{"line":1945,"column":19},"end":{"line":1945,"column":36}}},"174":{"name":"(anonymous_174)","line":1954,"loc":{"start":{"line":1954,"column":50},"end":{"line":1954,"column":78}}},"175":{"name":"(anonymous_175)","line":1968,"loc":{"start":{"line":1968,"column":56},"end":{"line":1968,"column":84}}},"176":{"name":"(anonymous_176)","line":1987,"loc":{"start":{"line":1987,"column":32},"end":{"line":1987,"column":55}}},"177":{"name":"(anonymous_177)","line":1997,"loc":{"start":{"line":1997,"column":32},"end":{"line":1997,"column":49}}},"178":{"name":"(anonymous_178)","line":2005,"loc":{"start":{"line":2005,"column":47},"end":{"line":2005,"column":75}}},"179":{"name":"(anonymous_179)","line":2028,"loc":{"start":{"line":2028,"column":57},"end":{"line":2028,"column":85}}},"180":{"name":"(anonymous_180)","line":2037,"loc":{"start":{"line":2037,"column":40},"end":{"line":2037,"column":63}}},"181":{"name":"(anonymous_181)","line":2043,"loc":{"start":{"line":2043,"column":27},"end":{"line":2043,"column":39}}},"182":{"name":"(anonymous_182)","line":2051,"loc":{"start":{"line":2051,"column":57},"end":{"line":2051,"column":85}}},"183":{"name":"(anonymous_183)","line":2063,"loc":{"start":{"line":2063,"column":28},"end":{"line":2063,"column":56}}},"184":{"name":"(anonymous_184)","line":2074,"loc":{"start":{"line":2074,"column":15},"end":{"line":2074,"column":34}}},"185":{"name":"(anonymous_185)","line":2080,"loc":{"start":{"line":2080,"column":28},"end":{"line":2080,"column":56}}},"186":{"name":"(anonymous_186)","line":2090,"loc":{"start":{"line":2090,"column":43},"end":{"line":2090,"column":71}}},"187":{"name":"(anonymous_187)","line":2101,"loc":{"start":{"line":2101,"column":47},"end":{"line":2101,"column":59}}},"188":{"name":"(anonymous_188)","line":2102,"loc":{"start":{"line":2102,"column":33},"end":{"line":2102,"column":60}}},"189":{"name":"(anonymous_189)","line":2111,"loc":{"start":{"line":2111,"column":36},"end":{"line":2111,"column":55}}},"190":{"name":"(anonymous_190)","line":2127,"loc":{"start":{"line":2127,"column":26},"end":{"line":2127,"column":44}}},"191":{"name":"(anonymous_191)","line":2137,"loc":{"start":{"line":2137,"column":39},"end":{"line":2137,"column":67}}},"192":{"name":"(anonymous_192)","line":2145,"loc":{"start":{"line":2145,"column":38},"end":{"line":2145,"column":54}}},"193":{"name":"(anonymous_193)","line":2152,"loc":{"start":{"line":2152,"column":37},"end":{"line":2152,"column":49}}},"194":{"name":"(anonymous_194)","line":2165,"loc":{"start":{"line":2165,"column":45},"end":{"line":2165,"column":73}}},"195":{"name":"(anonymous_195)","line":2175,"loc":{"start":{"line":2175,"column":33},"end":{"line":2175,"column":45}}},"196":{"name":"(anonymous_196)","line":2185,"loc":{"start":{"line":2185,"column":36},"end":{"line":2185,"column":55}}},"197":{"name":"(anonymous_197)","line":2193,"loc":{"start":{"line":2193,"column":61},"end":{"line":2193,"column":89}}},"198":{"name":"(anonymous_198)","line":2200,"loc":{"start":{"line":2200,"column":36},"end":{"line":2200,"column":55}}},"199":{"name":"(anonymous_199)","line":2215,"loc":{"start":{"line":2215,"column":50},"end":{"line":2215,"column":78}}},"200":{"name":"(anonymous_200)","line":2223,"loc":{"start":{"line":2223,"column":36},"end":{"line":2223,"column":55}}},"201":{"name":"(anonymous_201)","line":2234,"loc":{"start":{"line":2234,"column":39},"end":{"line":2234,"column":67}}},"202":{"name":"(anonymous_202)","line":2255,"loc":{"start":{"line":2255,"column":39},"end":{"line":2255,"column":56}}},"203":{"name":"(anonymous_203)","line":2267,"loc":{"start":{"line":2267,"column":5},"end":{"line":2267,"column":17}}},"204":{"name":"(anonymous_204)","line":2273,"loc":{"start":{"line":2273,"column":34},"end":{"line":2273,"column":79}}},"205":{"name":"(anonymous_205)","line":2289,"loc":{"start":{"line":2289,"column":60},"end":{"line":2289,"column":72}}},"206":{"name":"(anonymous_206)","line":2291,"loc":{"start":{"line":2291,"column":64},"end":{"line":2291,"column":76}}},"207":{"name":"(anonymous_207)","line":2308,"loc":{"start":{"line":2308,"column":19},"end":{"line":2308,"column":38}}},"208":{"name":"(anonymous_208)","line":2322,"loc":{"start":{"line":2322,"column":27},"end":{"line":2322,"column":39}}},"209":{"name":"(anonymous_209)","line":2339,"loc":{"start":{"line":2339,"column":77},"end":{"line":2342,"column":10}},"skip":true},"210":{"name":"(anonymous_210)","line":2350,"loc":{"start":{"line":2350,"column":12},"end":{"line":2350,"column":37}},"skip":true},"211":{"name":"(anonymous_211)","line":2375,"loc":{"start":{"line":2375,"column":24},"end":{"line":2375,"column":36}},"skip":true},"212":{"name":"(anonymous_212)","line":2382,"loc":{"start":{"line":2382,"column":15},"end":{"line":2382,"column":38}},"skip":true},"213":{"name":"(anonymous_213)","line":2388,"loc":{"start":{"line":2388,"column":24},"end":{"line":2388,"column":36}},"skip":true},"214":{"name":"(anonymous_214)","line":2401,"loc":{"start":{"line":2401,"column":23},"end":{"line":2401,"column":46}},"skip":true},"215":{"name":"(anonymous_215)","line":2413,"loc":{"start":{"line":2413,"column":24},"end":{"line":2413,"column":36}},"skip":true},"216":{"name":"(anonymous_216)","line":2441,"loc":{"start":{"line":2441,"column":83},"end":{"line":2444,"column":10}},"skip":true},"217":{"name":"(anonymous_217)","line":2452,"loc":{"start":{"line":2452,"column":77},"end":{"line":2455,"column":10}},"skip":true},"218":{"name":"(anonymous_218)","line":2468,"loc":{"start":{"line":2468,"column":12},"end":{"line":2468,"column":40}},"skip":true},"219":{"name":"(anonymous_219)","line":2476,"loc":{"start":{"line":2476,"column":77},"end":{"line":2479,"column":10}},"skip":true},"220":{"name":"(anonymous_220)","line":2487,"loc":{"start":{"line":2487,"column":83},"end":{"line":2490,"column":10}},"skip":true},"221":{"name":"(anonymous_221)","line":2498,"loc":{"start":{"line":2498,"column":79},"end":{"line":2501,"column":10}},"skip":true},"222":{"name":"(anonymous_222)","line":2509,"loc":{"start":{"line":2509,"column":75},"end":{"line":2512,"column":10}},"skip":true}},"statementMap":{"1":{"start":{"line":12,"column":0},"end":{"line":2524,"column":5}},"2":{"start":{"line":14,"column":4},"end":{"line":14,"column":14}},"3":{"start":{"line":19,"column":4},"end":{"line":56,"column":9}},"4":{"start":{"line":21,"column":8},"end":{"line":21,"column":19}},"5":{"start":{"line":23,"column":8},"end":{"line":35,"column":13}},"6":{"start":{"line":24,"column":12},"end":{"line":34,"column":13}},"7":{"start":{"line":25,"column":16},"end":{"line":28,"column":30}},"8":{"start":{"line":30,"column":16},"end":{"line":33,"column":27}},"9":{"start":{"line":37,"column":8},"end":{"line":39,"column":21}},"10":{"start":{"line":40,"column":8},"end":{"line":53,"column":9}},"11":{"start":{"line":43,"column":12},"end":{"line":46,"column":14}},"12":{"start":{"line":47,"column":12},"end":{"line":47,"column":18}},"13":{"start":{"line":50,"column":12},"end":{"line":51,"column":62}},"14":{"start":{"line":52,"column":12},"end":{"line":52,"column":18}},"15":{"start":{"line":55,"column":8},"end":{"line":55,"column":35}},"16":{"start":{"line":61,"column":4},"end":{"line":1584,"column":9}},"17":{"start":{"line":62,"column":8},"end":{"line":75,"column":10}},"18":{"start":{"line":67,"column":12},"end":{"line":67,"column":40}},"19":{"start":{"line":69,"column":12},"end":{"line":69,"column":22}},"20":{"start":{"line":71,"column":12},"end":{"line":71,"column":44}},"21":{"start":{"line":72,"column":12},"end":{"line":72,"column":41}},"22":{"start":{"line":74,"column":12},"end":{"line":74,"column":37}},"23":{"start":{"line":77,"column":8},"end":{"line":113,"column":10}},"24":{"start":{"line":81,"column":12},"end":{"line":81,"column":25}},"25":{"start":{"line":82,"column":12},"end":{"line":82,"column":71}},"26":{"start":{"line":83,"column":12},"end":{"line":85,"column":15}},"27":{"start":{"line":86,"column":12},"end":{"line":86,"column":48}},"28":{"start":{"line":87,"column":12},"end":{"line":87,"column":57}},"29":{"start":{"line":89,"column":12},"end":{"line":89,"column":56}},"30":{"start":{"line":91,"column":12},"end":{"line":91,"column":73}},"31":{"start":{"line":92,"column":12},"end":{"line":92,"column":36}},"32":{"start":{"line":93,"column":12},"end":{"line":93,"column":39}},"33":{"start":{"line":94,"column":12},"end":{"line":112,"column":15}},"34":{"start":{"line":96,"column":16},"end":{"line":96,"column":44}},"35":{"start":{"line":98,"column":16},"end":{"line":101,"column":42}},"36":{"start":{"line":102,"column":16},"end":{"line":105,"column":42}},"37":{"start":{"line":106,"column":16},"end":{"line":110,"column":42}},"38":{"start":{"line":111,"column":16},"end":{"line":111,"column":26}},"39":{"start":{"line":115,"column":8},"end":{"line":134,"column":10}},"40":{"start":{"line":119,"column":12},"end":{"line":133,"column":24}},"41":{"start":{"line":121,"column":20},"end":{"line":121,"column":48}},"42":{"start":{"line":124,"column":16},"end":{"line":124,"column":29}},"43":{"start":{"line":125,"column":16},"end":{"line":125,"column":52}},"44":{"start":{"line":126,"column":16},"end":{"line":126,"column":40}},"45":{"start":{"line":127,"column":16},"end":{"line":127,"column":43}},"46":{"start":{"line":128,"column":16},"end":{"line":132,"column":19}},"47":{"start":{"line":130,"column":20},"end":{"line":130,"column":47}},"48":{"start":{"line":131,"column":20},"end":{"line":131,"column":30}},"49":{"start":{"line":136,"column":8},"end":{"line":151,"column":10}},"50":{"start":{"line":140,"column":12},"end":{"line":140,"column":25}},"51":{"start":{"line":141,"column":12},"end":{"line":141,"column":48}},"52":{"start":{"line":142,"column":12},"end":{"line":142,"column":36}},"53":{"start":{"line":143,"column":12},"end":{"line":143,"column":39}},"54":{"start":{"line":144,"column":12},"end":{"line":150,"column":15}},"55":{"start":{"line":146,"column":16},"end":{"line":146,"column":44}},"56":{"start":{"line":148,"column":16},"end":{"line":148,"column":85}},"57":{"start":{"line":149,"column":16},"end":{"line":149,"column":26}},"58":{"start":{"line":153,"column":8},"end":{"line":175,"column":10}},"59":{"start":{"line":157,"column":12},"end":{"line":157,"column":25}},"60":{"start":{"line":158,"column":12},"end":{"line":159,"column":60}},"61":{"start":{"line":160,"column":12},"end":{"line":163,"column":13}},"62":{"start":{"line":161,"column":16},"end":{"line":161,"column":26}},"63":{"start":{"line":162,"column":16},"end":{"line":162,"column":23}},"64":{"start":{"line":164,"column":12},"end":{"line":174,"column":24}},"65":{"start":{"line":167,"column":20},"end":{"line":167,"column":26}},"66":{"start":{"line":170,"column":16},"end":{"line":170,"column":74}},"67":{"start":{"line":171,"column":16},"end":{"line":171,"column":46}},"68":{"start":{"line":172,"column":16},"end":{"line":172,"column":43}},"69":{"start":{"line":173,"column":16},"end":{"line":173,"column":26}},"70":{"start":{"line":177,"column":8},"end":{"line":190,"column":10}},"71":{"start":{"line":181,"column":12},"end":{"line":185,"column":15}},"72":{"start":{"line":183,"column":16},"end":{"line":183,"column":43}},"73":{"start":{"line":184,"column":16},"end":{"line":184,"column":26}},"74":{"start":{"line":187,"column":12},"end":{"line":187,"column":47}},"75":{"start":{"line":188,"column":12},"end":{"line":188,"column":28}},"76":{"start":{"line":189,"column":12},"end":{"line":189,"column":28}},"77":{"start":{"line":192,"column":8},"end":{"line":204,"column":10}},"78":{"start":{"line":196,"column":12},"end":{"line":196,"column":46}},"79":{"start":{"line":197,"column":12},"end":{"line":203,"column":15}},"80":{"start":{"line":199,"column":16},"end":{"line":199,"column":44}},"81":{"start":{"line":201,"column":16},"end":{"line":201,"column":59}},"82":{"start":{"line":202,"column":16},"end":{"line":202,"column":26}},"83":{"start":{"line":206,"column":8},"end":{"line":237,"column":10}},"84":{"start":{"line":210,"column":12},"end":{"line":223,"column":17}},"85":{"start":{"line":224,"column":12},"end":{"line":236,"column":24}},"86":{"start":{"line":225,"column":16},"end":{"line":225,"column":42}},"87":{"start":{"line":226,"column":16},"end":{"line":226,"column":40}},"88":{"start":{"line":227,"column":16},"end":{"line":235,"column":19}},"89":{"start":{"line":229,"column":20},"end":{"line":229,"column":47}},"90":{"start":{"line":231,"column":20},"end":{"line":231,"column":48}},"91":{"start":{"line":233,"column":20},"end":{"line":233,"column":55}},"92":{"start":{"line":234,"column":20},"end":{"line":234,"column":33}},"93":{"start":{"line":239,"column":8},"end":{"line":324,"column":10}},"94":{"start":{"line":243,"column":12},"end":{"line":243,"column":25}},"95":{"start":{"line":245,"column":12},"end":{"line":323,"column":15}},"96":{"start":{"line":251,"column":16},"end":{"line":251,"column":52}},"97":{"start":{"line":252,"column":16},"end":{"line":252,"column":40}},"98":{"start":{"line":253,"column":16},"end":{"line":286,"column":19}},"99":{"start":{"line":267,"column":20},"end":{"line":267,"column":48}},"100":{"start":{"line":269,"column":20},"end":{"line":269,"column":63}},"101":{"start":{"line":271,"column":20},"end":{"line":284,"column":21}},"102":{"start":{"line":275,"column":24},"end":{"line":275,"column":64}},"103":{"start":{"line":277,"column":24},"end":{"line":277,"column":52}},"104":{"start":{"line":278,"column":24},"end":{"line":278,"column":60}},"105":{"start":{"line":279,"column":24},"end":{"line":279,"column":30}},"106":{"start":{"line":282,"column":24},"end":{"line":282,"column":56}},"107":{"start":{"line":283,"column":24},"end":{"line":283,"column":66}},"108":{"start":{"line":285,"column":20},"end":{"line":285,"column":33}},"109":{"start":{"line":289,"column":16},"end":{"line":289,"column":44}},"110":{"start":{"line":291,"column":16},"end":{"line":322,"column":19}},"111":{"start":{"line":301,"column":20},"end":{"line":301,"column":48}},"112":{"start":{"line":303,"column":20},"end":{"line":303,"column":63}},"113":{"start":{"line":305,"column":20},"end":{"line":305,"column":52}},"114":{"start":{"line":306,"column":20},"end":{"line":306,"column":79}},"115":{"start":{"line":307,"column":20},"end":{"line":310,"column":22}},"116":{"start":{"line":312,"column":20},"end":{"line":312,"column":63}},"117":{"start":{"line":313,"column":20},"end":{"line":316,"column":22}},"118":{"start":{"line":317,"column":20},"end":{"line":317,"column":83}},"119":{"start":{"line":318,"column":20},"end":{"line":318,"column":62}},"120":{"start":{"line":319,"column":20},"end":{"line":319,"column":70}},"121":{"start":{"line":320,"column":20},"end":{"line":320,"column":62}},"122":{"start":{"line":321,"column":20},"end":{"line":321,"column":30}},"123":{"start":{"line":326,"column":8},"end":{"line":338,"column":10}},"124":{"start":{"line":330,"column":12},"end":{"line":330,"column":59}},"125":{"start":{"line":331,"column":12},"end":{"line":337,"column":21}},"126":{"start":{"line":332,"column":16},"end":{"line":336,"column":19}},"127":{"start":{"line":334,"column":20},"end":{"line":334,"column":47}},"128":{"start":{"line":335,"column":20},"end":{"line":335,"column":30}},"129":{"start":{"line":340,"column":8},"end":{"line":394,"column":10}},"130":{"start":{"line":344,"column":12},"end":{"line":344,"column":25}},"131":{"start":{"line":346,"column":12},"end":{"line":346,"column":37}},"132":{"start":{"line":348,"column":12},"end":{"line":355,"column":15}},"133":{"start":{"line":349,"column":16},"end":{"line":349,"column":35}},"134":{"start":{"line":352,"column":16},"end":{"line":352,"column":43}},"135":{"start":{"line":354,"column":16},"end":{"line":354,"column":57}},"136":{"start":{"line":357,"column":12},"end":{"line":364,"column":15}},"137":{"start":{"line":358,"column":16},"end":{"line":358,"column":41}},"138":{"start":{"line":361,"column":16},"end":{"line":361,"column":43}},"139":{"start":{"line":363,"column":16},"end":{"line":363,"column":59}},"140":{"start":{"line":366,"column":12},"end":{"line":371,"column":15}},"141":{"start":{"line":367,"column":16},"end":{"line":367,"column":55}},"142":{"start":{"line":370,"column":16},"end":{"line":370,"column":43}},"143":{"start":{"line":373,"column":12},"end":{"line":380,"column":15}},"144":{"start":{"line":374,"column":16},"end":{"line":374,"column":46}},"145":{"start":{"line":377,"column":16},"end":{"line":377,"column":43}},"146":{"start":{"line":379,"column":16},"end":{"line":379,"column":65}},"147":{"start":{"line":381,"column":12},"end":{"line":381,"column":59}},"148":{"start":{"line":382,"column":12},"end":{"line":392,"column":15}},"149":{"start":{"line":383,"column":16},"end":{"line":391,"column":19}},"150":{"start":{"line":384,"column":20},"end":{"line":390,"column":21}},"151":{"start":{"line":386,"column":24},"end":{"line":386,"column":54}},"152":{"start":{"line":389,"column":24},"end":{"line":389,"column":57}},"153":{"start":{"line":393,"column":12},"end":{"line":393,"column":22}},"154":{"start":{"line":396,"column":8},"end":{"line":415,"column":10}},"155":{"start":{"line":400,"column":12},"end":{"line":400,"column":25}},"156":{"start":{"line":401,"column":12},"end":{"line":401,"column":89}},"157":{"start":{"line":402,"column":12},"end":{"line":405,"column":14}},"158":{"start":{"line":406,"column":12},"end":{"line":409,"column":14}},"159":{"start":{"line":410,"column":12},"end":{"line":413,"column":14}},"160":{"start":{"line":414,"column":12},"end":{"line":414,"column":22}},"161":{"start":{"line":417,"column":8},"end":{"line":460,"column":10}},"162":{"start":{"line":421,"column":12},"end":{"line":426,"column":16}},"163":{"start":{"line":427,"column":12},"end":{"line":459,"column":24}},"164":{"start":{"line":428,"column":16},"end":{"line":428,"column":40}},"165":{"start":{"line":429,"column":16},"end":{"line":457,"column":19}},"166":{"start":{"line":430,"column":20},"end":{"line":430,"column":44}},"167":{"start":{"line":431,"column":20},"end":{"line":456,"column":23}},"168":{"start":{"line":433,"column":24},"end":{"line":433,"column":52}},"169":{"start":{"line":435,"column":24},"end":{"line":454,"column":25}},"170":{"start":{"line":437,"column":28},"end":{"line":440,"column":29}},"171":{"start":{"line":438,"column":32},"end":{"line":438,"column":89}},"172":{"start":{"line":439,"column":32},"end":{"line":439,"column":38}},"173":{"start":{"line":441,"column":28},"end":{"line":444,"column":30}},"174":{"start":{"line":445,"column":28},"end":{"line":445,"column":34}},"175":{"start":{"line":447,"column":28},"end":{"line":447,"column":72}},"176":{"start":{"line":448,"column":28},"end":{"line":448,"column":34}},"177":{"start":{"line":450,"column":28},"end":{"line":453,"column":30}},"178":{"start":{"line":455,"column":24},"end":{"line":455,"column":37}},"179":{"start":{"line":458,"column":16},"end":{"line":458,"column":29}},"180":{"start":{"line":462,"column":8},"end":{"line":479,"column":10}},"181":{"start":{"line":466,"column":12},"end":{"line":466,"column":25}},"182":{"start":{"line":467,"column":12},"end":{"line":467,"column":31}},"183":{"start":{"line":468,"column":12},"end":{"line":470,"column":13}},"184":{"start":{"line":469,"column":16},"end":{"line":469,"column":66}},"185":{"start":{"line":471,"column":12},"end":{"line":473,"column":13}},"186":{"start":{"line":472,"column":16},"end":{"line":472,"column":66}},"187":{"start":{"line":475,"column":12},"end":{"line":475,"column":61}},"188":{"start":{"line":476,"column":12},"end":{"line":476,"column":63}},"189":{"start":{"line":477,"column":12},"end":{"line":477,"column":86}},"190":{"start":{"line":478,"column":12},"end":{"line":478,"column":22}},"191":{"start":{"line":481,"column":8},"end":{"line":492,"column":10}},"192":{"start":{"line":485,"column":12},"end":{"line":487,"column":14}},"193":{"start":{"line":489,"column":12},"end":{"line":491,"column":24}},"194":{"start":{"line":490,"column":16},"end":{"line":490,"column":67}},"195":{"start":{"line":494,"column":8},"end":{"line":520,"column":10}},"196":{"start":{"line":498,"column":12},"end":{"line":518,"column":15}},"197":{"start":{"line":511,"column":16},"end":{"line":511,"column":28}},"198":{"start":{"line":512,"column":16},"end":{"line":516,"column":18}},"199":{"start":{"line":517,"column":16},"end":{"line":517,"column":70}},"200":{"start":{"line":519,"column":12},"end":{"line":519,"column":22}},"201":{"start":{"line":522,"column":8},"end":{"line":564,"column":10}},"202":{"start":{"line":526,"column":12},"end":{"line":557,"column":14}},"203":{"start":{"line":529,"column":24},"end":{"line":539,"column":36}},"204":{"start":{"line":546,"column":28},"end":{"line":546,"column":76}},"205":{"start":{"line":547,"column":28},"end":{"line":547,"column":44}},"206":{"start":{"line":550,"column":28},"end":{"line":550,"column":38}},"207":{"start":{"line":554,"column":24},"end":{"line":554,"column":39}},"208":{"start":{"line":558,"column":12},"end":{"line":562,"column":35}},"209":{"start":{"line":559,"column":16},"end":{"line":559,"column":86}},"210":{"start":{"line":560,"column":16},"end":{"line":560,"column":61}},"211":{"start":{"line":561,"column":16},"end":{"line":561,"column":26}},"212":{"start":{"line":563,"column":12},"end":{"line":563,"column":22}},"213":{"start":{"line":566,"column":8},"end":{"line":586,"column":10}},"214":{"start":{"line":570,"column":12},"end":{"line":570,"column":25}},"215":{"start":{"line":571,"column":12},"end":{"line":585,"column":24}},"216":{"start":{"line":574,"column":20},"end":{"line":574,"column":55}},"217":{"start":{"line":577,"column":16},"end":{"line":577,"column":34}},"218":{"start":{"line":578,"column":16},"end":{"line":578,"column":70}},"219":{"start":{"line":580,"column":16},"end":{"line":583,"column":18}},"220":{"start":{"line":584,"column":16},"end":{"line":584,"column":26}},"221":{"start":{"line":588,"column":8},"end":{"line":596,"column":10}},"222":{"start":{"line":592,"column":12},"end":{"line":592,"column":25}},"223":{"start":{"line":593,"column":12},"end":{"line":593,"column":44}},"224":{"start":{"line":594,"column":12},"end":{"line":594,"column":54}},"225":{"start":{"line":595,"column":12},"end":{"line":595,"column":22}},"226":{"start":{"line":598,"column":8},"end":{"line":605,"column":10}},"227":{"start":{"line":603,"column":12},"end":{"line":603,"column":53}},"228":{"start":{"line":604,"column":12},"end":{"line":604,"column":22}},"229":{"start":{"line":607,"column":8},"end":{"line":622,"column":10}},"230":{"start":{"line":611,"column":12},"end":{"line":611,"column":25}},"231":{"start":{"line":612,"column":12},"end":{"line":612,"column":57}},"232":{"start":{"line":614,"column":12},"end":{"line":614,"column":54}},"233":{"start":{"line":615,"column":12},"end":{"line":615,"column":62}},"234":{"start":{"line":617,"column":12},"end":{"line":617,"column":54}},"235":{"start":{"line":618,"column":12},"end":{"line":618,"column":58}},"236":{"start":{"line":620,"column":12},"end":{"line":620,"column":55}},"237":{"start":{"line":621,"column":12},"end":{"line":621,"column":22}},"238":{"start":{"line":624,"column":8},"end":{"line":660,"column":10}},"239":{"start":{"line":628,"column":12},"end":{"line":632,"column":14}},"240":{"start":{"line":633,"column":12},"end":{"line":659,"column":24}},"241":{"start":{"line":635,"column":16},"end":{"line":635,"column":75}},"242":{"start":{"line":637,"column":16},"end":{"line":637,"column":78}},"243":{"start":{"line":639,"column":16},"end":{"line":643,"column":18}},"244":{"start":{"line":645,"column":16},"end":{"line":645,"column":78}},"245":{"start":{"line":647,"column":16},"end":{"line":647,"column":73}},"246":{"start":{"line":649,"column":16},"end":{"line":649,"column":78}},"247":{"start":{"line":651,"column":16},"end":{"line":655,"column":18}},"248":{"start":{"line":657,"column":16},"end":{"line":657,"column":78}},"249":{"start":{"line":658,"column":16},"end":{"line":658,"column":26}},"250":{"start":{"line":662,"column":8},"end":{"line":673,"column":10}},"251":{"start":{"line":666,"column":12},"end":{"line":666,"column":25}},"252":{"start":{"line":668,"column":12},"end":{"line":671,"column":15}},"253":{"start":{"line":669,"column":16},"end":{"line":669,"column":55}},"254":{"start":{"line":670,"column":16},"end":{"line":670,"column":61}},"255":{"start":{"line":672,"column":12},"end":{"line":672,"column":22}},"256":{"start":{"line":675,"column":8},"end":{"line":704,"column":10}},"257":{"start":{"line":679,"column":12},"end":{"line":679,"column":25}},"258":{"start":{"line":681,"column":12},"end":{"line":685,"column":15}},"259":{"start":{"line":682,"column":16},"end":{"line":682,"column":62}},"260":{"start":{"line":683,"column":16},"end":{"line":683,"column":50}},"261":{"start":{"line":684,"column":16},"end":{"line":684,"column":62}},"262":{"start":{"line":687,"column":12},"end":{"line":696,"column":14}},"263":{"start":{"line":698,"column":12},"end":{"line":698,"column":33}},"264":{"start":{"line":699,"column":12},"end":{"line":702,"column":14}},"265":{"start":{"line":703,"column":12},"end":{"line":703,"column":22}},"266":{"start":{"line":706,"column":8},"end":{"line":726,"column":10}},"267":{"start":{"line":710,"column":12},"end":{"line":710,"column":25}},"268":{"start":{"line":711,"column":12},"end":{"line":711,"column":53}},"269":{"start":{"line":713,"column":12},"end":{"line":713,"column":80}},"270":{"start":{"line":714,"column":12},"end":{"line":714,"column":60}},"271":{"start":{"line":715,"column":12},"end":{"line":715,"column":80}},"272":{"start":{"line":717,"column":12},"end":{"line":717,"column":79}},"273":{"start":{"line":719,"column":12},"end":{"line":722,"column":14}},"274":{"start":{"line":724,"column":12},"end":{"line":724,"column":84}},"275":{"start":{"line":725,"column":12},"end":{"line":725,"column":22}},"276":{"start":{"line":728,"column":8},"end":{"line":754,"column":10}},"277":{"start":{"line":732,"column":12},"end":{"line":732,"column":25}},"278":{"start":{"line":733,"column":12},"end":{"line":733,"column":88}},"279":{"start":{"line":735,"column":12},"end":{"line":735,"column":80}},"280":{"start":{"line":736,"column":12},"end":{"line":736,"column":76}},"281":{"start":{"line":738,"column":12},"end":{"line":743,"column":14}},"282":{"start":{"line":744,"column":12},"end":{"line":744,"column":76}},"283":{"start":{"line":746,"column":12},"end":{"line":749,"column":14}},"284":{"start":{"line":751,"column":12},"end":{"line":751,"column":76}},"285":{"start":{"line":752,"column":12},"end":{"line":752,"column":52}},"286":{"start":{"line":753,"column":12},"end":{"line":753,"column":22}},"287":{"start":{"line":756,"column":8},"end":{"line":774,"column":10}},"288":{"start":{"line":760,"column":12},"end":{"line":760,"column":25}},"289":{"start":{"line":762,"column":12},"end":{"line":762,"column":52}},"290":{"start":{"line":763,"column":12},"end":{"line":763,"column":37}},"291":{"start":{"line":765,"column":12},"end":{"line":767,"column":13}},"292":{"start":{"line":766,"column":16},"end":{"line":766,"column":85}},"293":{"start":{"line":769,"column":12},"end":{"line":772,"column":14}},"294":{"start":{"line":773,"column":12},"end":{"line":773,"column":22}},"295":{"start":{"line":776,"column":8},"end":{"line":794,"column":10}},"296":{"start":{"line":780,"column":12},"end":{"line":780,"column":25}},"297":{"start":{"line":782,"column":12},"end":{"line":782,"column":35}},"298":{"start":{"line":784,"column":12},"end":{"line":790,"column":13}},"299":{"start":{"line":785,"column":16},"end":{"line":786,"column":80}},"300":{"start":{"line":788,"column":16},"end":{"line":788,"column":88}},"301":{"start":{"line":789,"column":16},"end":{"line":789,"column":91}},"302":{"start":{"line":792,"column":12},"end":{"line":792,"column":51}},"303":{"start":{"line":793,"column":12},"end":{"line":793,"column":22}},"304":{"start":{"line":796,"column":8},"end":{"line":823,"column":10}},"305":{"start":{"line":800,"column":12},"end":{"line":800,"column":25}},"306":{"start":{"line":802,"column":12},"end":{"line":802,"column":58}},"307":{"start":{"line":803,"column":12},"end":{"line":803,"column":59}},"308":{"start":{"line":804,"column":12},"end":{"line":804,"column":53}},"309":{"start":{"line":805,"column":12},"end":{"line":805,"column":52}},"310":{"start":{"line":806,"column":12},"end":{"line":806,"column":51}},"311":{"start":{"line":807,"column":12},"end":{"line":807,"column":52}},"312":{"start":{"line":809,"column":12},"end":{"line":809,"column":52}},"313":{"start":{"line":810,"column":12},"end":{"line":810,"column":53}},"314":{"start":{"line":811,"column":12},"end":{"line":811,"column":53}},"315":{"start":{"line":812,"column":12},"end":{"line":812,"column":52}},"316":{"start":{"line":813,"column":12},"end":{"line":813,"column":51}},"317":{"start":{"line":814,"column":12},"end":{"line":814,"column":52}},"318":{"start":{"line":816,"column":12},"end":{"line":816,"column":53}},"319":{"start":{"line":817,"column":12},"end":{"line":817,"column":54}},"320":{"start":{"line":818,"column":12},"end":{"line":818,"column":53}},"321":{"start":{"line":819,"column":12},"end":{"line":819,"column":52}},"322":{"start":{"line":820,"column":12},"end":{"line":820,"column":51}},"323":{"start":{"line":821,"column":12},"end":{"line":821,"column":52}},"324":{"start":{"line":822,"column":12},"end":{"line":822,"column":22}},"325":{"start":{"line":825,"column":8},"end":{"line":835,"column":10}},"326":{"start":{"line":829,"column":12},"end":{"line":829,"column":39}},"327":{"start":{"line":830,"column":12},"end":{"line":833,"column":14}},"328":{"start":{"line":834,"column":12},"end":{"line":834,"column":22}},"329":{"start":{"line":837,"column":8},"end":{"line":855,"column":10}},"330":{"start":{"line":841,"column":12},"end":{"line":848,"column":14}},"331":{"start":{"line":849,"column":12},"end":{"line":849,"column":54}},"332":{"start":{"line":850,"column":12},"end":{"line":853,"column":14}},"333":{"start":{"line":854,"column":12},"end":{"line":854,"column":22}},"334":{"start":{"line":857,"column":8},"end":{"line":868,"column":10}},"335":{"start":{"line":861,"column":12},"end":{"line":864,"column":15}},"336":{"start":{"line":866,"column":12},"end":{"line":866,"column":71}},"337":{"start":{"line":867,"column":12},"end":{"line":867,"column":22}},"338":{"start":{"line":870,"column":8},"end":{"line":913,"column":10}},"339":{"start":{"line":875,"column":12},"end":{"line":875,"column":37}},"340":{"start":{"line":876,"column":12},"end":{"line":876,"column":39}},"341":{"start":{"line":878,"column":12},"end":{"line":887,"column":15}},"342":{"start":{"line":879,"column":16},"end":{"line":886,"column":19}},"343":{"start":{"line":880,"column":20},"end":{"line":885,"column":22}},"344":{"start":{"line":889,"column":12},"end":{"line":894,"column":14}},"345":{"start":{"line":896,"column":12},"end":{"line":899,"column":14}},"346":{"start":{"line":901,"column":12},"end":{"line":906,"column":14}},"347":{"start":{"line":908,"column":12},"end":{"line":911,"column":14}},"348":{"start":{"line":912,"column":12},"end":{"line":912,"column":22}},"349":{"start":{"line":915,"column":8},"end":{"line":968,"column":10}},"350":{"start":{"line":920,"column":12},"end":{"line":920,"column":38}},"351":{"start":{"line":921,"column":12},"end":{"line":921,"column":40}},"352":{"start":{"line":923,"column":12},"end":{"line":932,"column":15}},"353":{"start":{"line":924,"column":16},"end":{"line":931,"column":19}},"354":{"start":{"line":925,"column":20},"end":{"line":930,"column":22}},"355":{"start":{"line":934,"column":12},"end":{"line":939,"column":14}},"356":{"start":{"line":941,"column":12},"end":{"line":944,"column":14}},"357":{"start":{"line":946,"column":12},"end":{"line":951,"column":14}},"358":{"start":{"line":953,"column":12},"end":{"line":956,"column":14}},"359":{"start":{"line":958,"column":12},"end":{"line":964,"column":14}},"360":{"start":{"line":966,"column":12},"end":{"line":966,"column":59}},"361":{"start":{"line":967,"column":12},"end":{"line":967,"column":22}},"362":{"start":{"line":970,"column":8},"end":{"line":988,"column":10}},"363":{"start":{"line":974,"column":12},"end":{"line":974,"column":72}},"364":{"start":{"line":976,"column":12},"end":{"line":976,"column":35}},"365":{"start":{"line":977,"column":12},"end":{"line":981,"column":15}},"366":{"start":{"line":978,"column":16},"end":{"line":980,"column":17}},"367":{"start":{"line":979,"column":20},"end":{"line":979,"column":38}},"368":{"start":{"line":983,"column":12},"end":{"line":986,"column":14}},"369":{"start":{"line":987,"column":12},"end":{"line":987,"column":22}},"370":{"start":{"line":990,"column":8},"end":{"line":1011,"column":10}},"371":{"start":{"line":994,"column":12},"end":{"line":1010,"column":24}},"372":{"start":{"line":997,"column":20},"end":{"line":997,"column":34}},"373":{"start":{"line":1002,"column":16},"end":{"line":1002,"column":39}},"374":{"start":{"line":1004,"column":16},"end":{"line":1004,"column":48}},"375":{"start":{"line":1006,"column":16},"end":{"line":1006,"column":57}},"376":{"start":{"line":1008,"column":16},"end":{"line":1008,"column":47}},"377":{"start":{"line":1009,"column":16},"end":{"line":1009,"column":26}},"378":{"start":{"line":1013,"column":8},"end":{"line":1026,"column":10}},"379":{"start":{"line":1017,"column":12},"end":{"line":1025,"column":15}},"380":{"start":{"line":1018,"column":16},"end":{"line":1018,"column":29}},"381":{"start":{"line":1019,"column":16},"end":{"line":1019,"column":44}},"382":{"start":{"line":1020,"column":16},"end":{"line":1020,"column":50}},"383":{"start":{"line":1023,"column":16},"end":{"line":1023,"column":43}},"384":{"start":{"line":1024,"column":16},"end":{"line":1024,"column":26}},"385":{"start":{"line":1028,"column":8},"end":{"line":1045,"column":10}},"386":{"start":{"line":1033,"column":12},"end":{"line":1033,"column":25}},"387":{"start":{"line":1034,"column":12},"end":{"line":1036,"column":15}},"388":{"start":{"line":1035,"column":16},"end":{"line":1035,"column":41}},"389":{"start":{"line":1037,"column":12},"end":{"line":1037,"column":33}},"390":{"start":{"line":1038,"column":12},"end":{"line":1044,"column":15}},"391":{"start":{"line":1039,"column":16},"end":{"line":1039,"column":33}},"392":{"start":{"line":1042,"column":16},"end":{"line":1042,"column":43}},"393":{"start":{"line":1043,"column":16},"end":{"line":1043,"column":26}},"394":{"start":{"line":1047,"column":8},"end":{"line":1124,"column":10}},"395":{"start":{"line":1051,"column":12},"end":{"line":1051,"column":25}},"396":{"start":{"line":1052,"column":12},"end":{"line":1121,"column":15}},"397":{"start":{"line":1053,"column":16},"end":{"line":1120,"column":17}},"398":{"start":{"line":1056,"column":20},"end":{"line":1056,"column":91}},"399":{"start":{"line":1057,"column":20},"end":{"line":1057,"column":26}},"400":{"start":{"line":1059,"column":20},"end":{"line":1059,"column":42}},"401":{"start":{"line":1061,"column":20},"end":{"line":1061,"column":43}},"402":{"start":{"line":1062,"column":20},"end":{"line":1072,"column":23}},"403":{"start":{"line":1063,"column":24},"end":{"line":1063,"column":48}},"404":{"start":{"line":1065,"column":24},"end":{"line":1065,"column":61}},"405":{"start":{"line":1067,"column":24},"end":{"line":1067,"column":53}},"406":{"start":{"line":1070,"column":24},"end":{"line":1070,"column":51}},"407":{"start":{"line":1071,"column":24},"end":{"line":1071,"column":41}},"408":{"start":{"line":1073,"column":20},"end":{"line":1073,"column":26}},"409":{"start":{"line":1075,"column":20},"end":{"line":1075,"column":38}},"410":{"start":{"line":1077,"column":20},"end":{"line":1077,"column":42}},"411":{"start":{"line":1078,"column":20},"end":{"line":1078,"column":40}},"412":{"start":{"line":1080,"column":20},"end":{"line":1080,"column":43}},"413":{"start":{"line":1081,"column":20},"end":{"line":1092,"column":58}},"414":{"start":{"line":1085,"column":24},"end":{"line":1085,"column":48}},"415":{"start":{"line":1086,"column":24},"end":{"line":1086,"column":88}},"416":{"start":{"line":1088,"column":24},"end":{"line":1091,"column":27}},"417":{"start":{"line":1089,"column":28},"end":{"line":1089,"column":65}},"418":{"start":{"line":1090,"column":28},"end":{"line":1090,"column":85}},"419":{"start":{"line":1093,"column":20},"end":{"line":1093,"column":26}},"420":{"start":{"line":1096,"column":20},"end":{"line":1096,"column":73}},"421":{"start":{"line":1097,"column":20},"end":{"line":1097,"column":62}},"422":{"start":{"line":1098,"column":20},"end":{"line":1098,"column":38}},"423":{"start":{"line":1099,"column":20},"end":{"line":1099,"column":55}},"424":{"start":{"line":1100,"column":20},"end":{"line":1100,"column":40}},"425":{"start":{"line":1101,"column":20},"end":{"line":1110,"column":39}},"426":{"start":{"line":1106,"column":24},"end":{"line":1106,"column":48}},"427":{"start":{"line":1107,"column":24},"end":{"line":1107,"column":88}},"428":{"start":{"line":1108,"column":24},"end":{"line":1108,"column":61}},"429":{"start":{"line":1109,"column":24},"end":{"line":1109,"column":37}},"430":{"start":{"line":1111,"column":20},"end":{"line":1111,"column":26}},"431":{"start":{"line":1114,"column":20},"end":{"line":1114,"column":73}},"432":{"start":{"line":1115,"column":20},"end":{"line":1115,"column":62}},"433":{"start":{"line":1116,"column":20},"end":{"line":1116,"column":37}},"434":{"start":{"line":1117,"column":20},"end":{"line":1117,"column":26}},"435":{"start":{"line":1119,"column":20},"end":{"line":1119,"column":35}},"436":{"start":{"line":1122,"column":12},"end":{"line":1122,"column":33}},"437":{"start":{"line":1123,"column":12},"end":{"line":1123,"column":29}},"438":{"start":{"line":1126,"column":8},"end":{"line":1156,"column":10}},"439":{"start":{"line":1130,"column":12},"end":{"line":1130,"column":44}},"440":{"start":{"line":1132,"column":12},"end":{"line":1132,"column":31}},"441":{"start":{"line":1134,"column":12},"end":{"line":1137,"column":15}},"442":{"start":{"line":1136,"column":16},"end":{"line":1136,"column":66}},"443":{"start":{"line":1138,"column":12},"end":{"line":1138,"column":36}},"444":{"start":{"line":1140,"column":12},"end":{"line":1140,"column":36}},"445":{"start":{"line":1141,"column":12},"end":{"line":1153,"column":15}},"446":{"start":{"line":1142,"column":16},"end":{"line":1146,"column":19}},"447":{"start":{"line":1144,"column":20},"end":{"line":1144,"column":47}},"448":{"start":{"line":1145,"column":20},"end":{"line":1145,"column":33}},"449":{"start":{"line":1147,"column":16},"end":{"line":1147,"column":45}},"450":{"start":{"line":1149,"column":16},"end":{"line":1149,"column":45}},"451":{"start":{"line":1150,"column":16},"end":{"line":1150,"column":52}},"452":{"start":{"line":1152,"column":16},"end":{"line":1152,"column":34}},"453":{"start":{"line":1155,"column":12},"end":{"line":1155,"column":25}},"454":{"start":{"line":1158,"column":8},"end":{"line":1180,"column":10}},"455":{"start":{"line":1162,"column":12},"end":{"line":1162,"column":47}},"456":{"start":{"line":1163,"column":12},"end":{"line":1179,"column":15}},"457":{"start":{"line":1165,"column":16},"end":{"line":1165,"column":43}},"458":{"start":{"line":1167,"column":16},"end":{"line":1170,"column":18}},"459":{"start":{"line":1172,"column":16},"end":{"line":1172,"column":47}},"460":{"start":{"line":1174,"column":16},"end":{"line":1174,"column":67}},"461":{"start":{"line":1175,"column":16},"end":{"line":1175,"column":26}},"462":{"start":{"line":1178,"column":16},"end":{"line":1178,"column":57}},"463":{"start":{"line":1182,"column":8},"end":{"line":1208,"column":10}},"464":{"start":{"line":1186,"column":12},"end":{"line":1186,"column":25}},"465":{"start":{"line":1188,"column":12},"end":{"line":1190,"column":15}},"466":{"start":{"line":1189,"column":16},"end":{"line":1189,"column":23}},"467":{"start":{"line":1192,"column":12},"end":{"line":1195,"column":14}},"468":{"start":{"line":1197,"column":12},"end":{"line":1207,"column":15}},"469":{"start":{"line":1198,"column":16},"end":{"line":1198,"column":36}},"470":{"start":{"line":1201,"column":16},"end":{"line":1201,"column":44}},"471":{"start":{"line":1202,"column":16},"end":{"line":1202,"column":50}},"472":{"start":{"line":1204,"column":16},"end":{"line":1205,"column":85}},"473":{"start":{"line":1206,"column":16},"end":{"line":1206,"column":26}},"474":{"start":{"line":1210,"column":8},"end":{"line":1219,"column":10}},"475":{"start":{"line":1214,"column":12},"end":{"line":1214,"column":25}},"476":{"start":{"line":1216,"column":12},"end":{"line":1216,"column":72}},"477":{"start":{"line":1218,"column":12},"end":{"line":1218,"column":87}},"478":{"start":{"line":1221,"column":8},"end":{"line":1246,"column":10}},"479":{"start":{"line":1225,"column":12},"end":{"line":1225,"column":25}},"480":{"start":{"line":1227,"column":12},"end":{"line":1227,"column":56}},"481":{"start":{"line":1228,"column":12},"end":{"line":1228,"column":75}},"482":{"start":{"line":1231,"column":12},"end":{"line":1235,"column":14}},"483":{"start":{"line":1236,"column":12},"end":{"line":1236,"column":55}},"484":{"start":{"line":1239,"column":12},"end":{"line":1243,"column":14}},"485":{"start":{"line":1244,"column":12},"end":{"line":1244,"column":54}},"486":{"start":{"line":1245,"column":12},"end":{"line":1245,"column":22}},"487":{"start":{"line":1248,"column":8},"end":{"line":1256,"column":10}},"488":{"start":{"line":1252,"column":12},"end":{"line":1252,"column":25}},"489":{"start":{"line":1253,"column":12},"end":{"line":1253,"column":60}},"490":{"start":{"line":1254,"column":12},"end":{"line":1254,"column":96}},"491":{"start":{"line":1255,"column":12},"end":{"line":1255,"column":22}},"492":{"start":{"line":1258,"column":8},"end":{"line":1266,"column":10}},"493":{"start":{"line":1262,"column":12},"end":{"line":1262,"column":25}},"494":{"start":{"line":1263,"column":12},"end":{"line":1263,"column":66}},"495":{"start":{"line":1264,"column":12},"end":{"line":1264,"column":96}},"496":{"start":{"line":1265,"column":12},"end":{"line":1265,"column":22}},"497":{"start":{"line":1268,"column":8},"end":{"line":1280,"column":10}},"498":{"start":{"line":1272,"column":12},"end":{"line":1272,"column":25}},"499":{"start":{"line":1274,"column":12},"end":{"line":1274,"column":90}},"500":{"start":{"line":1275,"column":12},"end":{"line":1278,"column":14}},"501":{"start":{"line":1279,"column":12},"end":{"line":1279,"column":22}},"502":{"start":{"line":1282,"column":8},"end":{"line":1354,"column":10}},"503":{"start":{"line":1286,"column":12},"end":{"line":1286,"column":48}},"504":{"start":{"line":1287,"column":12},"end":{"line":1287,"column":25}},"505":{"start":{"line":1288,"column":12},"end":{"line":1351,"column":15}},"506":{"start":{"line":1289,"column":16},"end":{"line":1350,"column":17}},"507":{"start":{"line":1292,"column":20},"end":{"line":1294,"column":22}},"508":{"start":{"line":1293,"column":24},"end":{"line":1293,"column":50}},"509":{"start":{"line":1295,"column":20},"end":{"line":1295,"column":76}},"510":{"start":{"line":1296,"column":20},"end":{"line":1296,"column":43}},"511":{"start":{"line":1298,"column":20},"end":{"line":1298,"column":62}},"512":{"start":{"line":1299,"column":20},"end":{"line":1299,"column":38}},"513":{"start":{"line":1300,"column":20},"end":{"line":1305,"column":22}},"514":{"start":{"line":1306,"column":20},"end":{"line":1306,"column":80}},"515":{"start":{"line":1307,"column":20},"end":{"line":1307,"column":26}},"516":{"start":{"line":1310,"column":20},"end":{"line":1310,"column":54}},"517":{"start":{"line":1312,"column":20},"end":{"line":1312,"column":86}},"518":{"start":{"line":1313,"column":20},"end":{"line":1313,"column":26}},"519":{"start":{"line":1316,"column":20},"end":{"line":1316,"column":38}},"520":{"start":{"line":1317,"column":20},"end":{"line":1324,"column":22}},"521":{"start":{"line":1325,"column":20},"end":{"line":1325,"column":80}},"522":{"start":{"line":1326,"column":20},"end":{"line":1326,"column":26}},"523":{"start":{"line":1329,"column":20},"end":{"line":1329,"column":54}},"524":{"start":{"line":1331,"column":20},"end":{"line":1331,"column":74}},"525":{"start":{"line":1332,"column":20},"end":{"line":1332,"column":26}},"526":{"start":{"line":1335,"column":20},"end":{"line":1338,"column":22}},"527":{"start":{"line":1339,"column":20},"end":{"line":1339,"column":80}},"528":{"start":{"line":1340,"column":20},"end":{"line":1340,"column":26}},"529":{"start":{"line":1343,"column":20},"end":{"line":1343,"column":54}},"530":{"start":{"line":1345,"column":20},"end":{"line":1345,"column":74}},"531":{"start":{"line":1346,"column":20},"end":{"line":1346,"column":37}},"532":{"start":{"line":1347,"column":20},"end":{"line":1347,"column":26}},"533":{"start":{"line":1349,"column":20},"end":{"line":1349,"column":35}},"534":{"start":{"line":1352,"column":12},"end":{"line":1352,"column":33}},"535":{"start":{"line":1353,"column":12},"end":{"line":1353,"column":29}},"536":{"start":{"line":1356,"column":8},"end":{"line":1371,"column":10}},"537":{"start":{"line":1360,"column":12},"end":{"line":1360,"column":79}},"538":{"start":{"line":1361,"column":12},"end":{"line":1367,"column":15}},"539":{"start":{"line":1362,"column":16},"end":{"line":1362,"column":26}},"540":{"start":{"line":1364,"column":16},"end":{"line":1364,"column":26}},"541":{"start":{"line":1366,"column":16},"end":{"line":1366,"column":37}},"542":{"start":{"line":1369,"column":12},"end":{"line":1369,"column":54}},"543":{"start":{"line":1370,"column":12},"end":{"line":1370,"column":22}},"544":{"start":{"line":1373,"column":8},"end":{"line":1390,"column":10}},"545":{"start":{"line":1377,"column":12},"end":{"line":1377,"column":72}},"546":{"start":{"line":1379,"column":12},"end":{"line":1384,"column":15}},"547":{"start":{"line":1380,"column":16},"end":{"line":1383,"column":19}},"548":{"start":{"line":1381,"column":20},"end":{"line":1381,"column":41}},"549":{"start":{"line":1382,"column":20},"end":{"line":1382,"column":40}},"550":{"start":{"line":1386,"column":12},"end":{"line":1389,"column":15}},"551":{"start":{"line":1387,"column":16},"end":{"line":1387,"column":58}},"552":{"start":{"line":1388,"column":16},"end":{"line":1388,"column":26}},"553":{"start":{"line":1392,"column":8},"end":{"line":1471,"column":10}},"554":{"start":{"line":1396,"column":12},"end":{"line":1396,"column":25}},"555":{"start":{"line":1398,"column":12},"end":{"line":1398,"column":62}},"556":{"start":{"line":1399,"column":12},"end":{"line":1399,"column":58}},"557":{"start":{"line":1401,"column":12},"end":{"line":1415,"column":19}},"558":{"start":{"line":1416,"column":12},"end":{"line":1419,"column":14}},"559":{"start":{"line":1421,"column":12},"end":{"line":1446,"column":19}},"560":{"start":{"line":1447,"column":12},"end":{"line":1469,"column":39}},"561":{"start":{"line":1470,"column":12},"end":{"line":1470,"column":22}},"562":{"start":{"line":1473,"column":8},"end":{"line":1487,"column":10}},"563":{"start":{"line":1477,"column":12},"end":{"line":1477,"column":25}},"564":{"start":{"line":1478,"column":12},"end":{"line":1486,"column":24}},"565":{"start":{"line":1482,"column":16},"end":{"line":1482,"column":46}},"566":{"start":{"line":1484,"column":16},"end":{"line":1484,"column":61}},"567":{"start":{"line":1485,"column":16},"end":{"line":1485,"column":26}},"568":{"start":{"line":1489,"column":8},"end":{"line":1500,"column":10}},"569":{"start":{"line":1493,"column":12},"end":{"line":1499,"column":15}},"570":{"start":{"line":1494,"column":16},"end":{"line":1494,"column":35}},"571":{"start":{"line":1497,"column":16},"end":{"line":1497,"column":43}},"572":{"start":{"line":1498,"column":16},"end":{"line":1498,"column":39}},"573":{"start":{"line":1502,"column":8},"end":{"line":1516,"column":10}},"574":{"start":{"line":1506,"column":12},"end":{"line":1506,"column":25}},"575":{"start":{"line":1508,"column":12},"end":{"line":1508,"column":73}},"576":{"start":{"line":1510,"column":12},"end":{"line":1510,"column":67}},"577":{"start":{"line":1512,"column":12},"end":{"line":1512,"column":59}},"578":{"start":{"line":1514,"column":12},"end":{"line":1514,"column":56}},"579":{"start":{"line":1515,"column":12},"end":{"line":1515,"column":22}},"580":{"start":{"line":1518,"column":8},"end":{"line":1561,"column":10}},"581":{"start":{"line":1522,"column":12},"end":{"line":1529,"column":14}},"582":{"start":{"line":1530,"column":12},"end":{"line":1560,"column":24}},"583":{"start":{"line":1532,"column":16},"end":{"line":1545,"column":19}},"584":{"start":{"line":1547,"column":16},"end":{"line":1558,"column":19}},"585":{"start":{"line":1559,"column":16},"end":{"line":1559,"column":26}},"586":{"start":{"line":1563,"column":8},"end":{"line":1573,"column":10}},"587":{"start":{"line":1567,"column":12},"end":{"line":1567,"column":25}},"588":{"start":{"line":1569,"column":12},"end":{"line":1569,"column":47}},"589":{"start":{"line":1571,"column":12},"end":{"line":1571,"column":84}},"590":{"start":{"line":1572,"column":12},"end":{"line":1572,"column":22}},"591":{"start":{"line":1575,"column":8},"end":{"line":1583,"column":10}},"592":{"start":{"line":1579,"column":12},"end":{"line":1579,"column":47}},"593":{"start":{"line":1580,"column":12},"end":{"line":1582,"column":40}},"594":{"start":{"line":1585,"column":4},"end":{"line":2262,"column":5}},"595":{"start":{"line":1591,"column":8},"end":{"line":1618,"column":10}},"596":{"start":{"line":1595,"column":12},"end":{"line":1610,"column":14}},"597":{"start":{"line":1611,"column":12},"end":{"line":1617,"column":24}},"598":{"start":{"line":1612,"column":16},"end":{"line":1615,"column":19}},"599":{"start":{"line":1614,"column":20},"end":{"line":1614,"column":48}},"600":{"start":{"line":1616,"column":16},"end":{"line":1616,"column":26}},"601":{"start":{"line":1620,"column":8},"end":{"line":1637,"column":10}},"602":{"start":{"line":1624,"column":12},"end":{"line":1629,"column":14}},"603":{"start":{"line":1626,"column":20},"end":{"line":1626,"column":52}},"604":{"start":{"line":1627,"column":20},"end":{"line":1627,"column":52}},"605":{"start":{"line":1630,"column":12},"end":{"line":1636,"column":24}},"606":{"start":{"line":1631,"c
[...]
ser'","            ? window","            : global;","        // init utility2_rollup","        local = local.global.utility2_rollup || (local.modeJs === 'browser'","            ? local.global.utility2_utility2","            : global.utility2_moduleExports);","        // init exports","        local.global.local = local;","        // run test-server","        local.testRunServer(local);","        // init assets","        local.assetsDict['/assets.hello'] = 'hello\\n';","        local.assetsDict['/assets.index.template.html'] = '';","    }());","    switch (local.modeJs) {","","","","    // run browser js-env code - function","    case 'browser':","        local.testCase_ajax_200 = function (options, onError) {","        /*","         * this function will test ajax's \"200 ok\" handling-behavior","         */","            options = {};","            // test ajax-path 'assets.hello'","            local.ajax({ url: 'assets.hello' }, function (error, xhr) {","                local.tryCatchOnError(function () {","                    // validate no error occurred","                    local.assert(!error, error);","                    // validate data","                    options.data = xhr.responseText;","                    local.assert(options.data === 'hello\\n', options.data);","                    onError();","                }, onError);","            });","        };","        local.testCase_ajax_404 = function (options, onError) {","        /*","         * this function will test ajax's \"404 not found\" handling-behavior","         */","            options = {};","            // test ajax-path '/undefined'","            local.ajax({ url: '/undefined' }, function (error) {","                local.tryCatchOnError(function () {","                    // validate error occurred","                    local.assert(error, error);","                    options.statusCode = error.statusCode;","                    // validate 404 http statusCode","                    local.assert(options.statusCode === 404, options.statusCode);","                    onError();","                }, onError);","            });","        };","        break;","","","","    // run node js-env code - function","    case 'node':","        local.testCase_webpage_default = function (options, onError) {","        /*","         * this function will test webpage's default handling-behavior","         */","            options = { modeCoverageMerge: true, url: local.serverLocalHost + '?modeTest=1' };","            local.browserTest(options, onError);","        };","        break;","    }","    switch (local.modeJs) {","","","","    // init-after","    // run browser js-env code - init-after","    /* istanbul ignore next */","    case 'browser':","        local.testRunBrowser = function (event) {","            if (!event || (event &&","                    event.currentTarget &&","                    event.currentTarget.className &&","                    event.currentTarget.className.includes &&","                    event.currentTarget.className.includes('onreset'))) {","                // reset output","                Array.from(","                    document.querySelectorAll('body > .resettable')","                ).forEach(function (element) {","                    switch (element.tagName) {","                    case 'INPUT':","                    case 'TEXTAREA':","                        element.value = '';","                        break;","                    default:","                        element.textContent = '';","                    }","                });","            }","            switch (event && event.currentTarget && event.currentTarget.id) {","            case 'testRunButton1':","                // show tests","                if (document.querySelector('#testReportDiv1').style.maxHeight === '0px') {","                    local.uiAnimateSlideDown(document.querySelector('#testReportDiv1'));","                    document.querySelector('#testRunButton1').textContent =","                        'hide internal test';","                    local.modeTest = true;","                    local.testRunDefault(local);","                // hide tests","                } else {","                    local.uiAnimateSlideUp(document.querySelector('#testReportDiv1'));","                    document.querySelector('#testRunButton1').textContent = 'run internal test';","                }","                break;","            // custom-case","            case 'testRunButton2':","                // run tests","                local.modeTest = true;","                local.testRunDefault(local);","                break;","            default:","                if (location.href.indexOf(\"modeTest=\") >= 0) {","                    return;","                }","                // try to JSON.stringify #inputTextareaEval1","                try {","                    document.querySelector('#outputPreJsonStringify1').textContent = '';","                    document.querySelector('#outputPreJsonStringify1').textContent =","                        local.jsonStringifyOrdered(","                            JSON.parse(document.querySelector('#inputTextareaEval1').value),","                            null,","                            4","                        );","                } catch (ignore) {","                }","                // jslint #inputTextareaEval1","                local.jslint.errorText = '';","                if (document.querySelector('#inputTextareaEval1').value","                        .indexOf('/*jslint') >= 0) {","                    local.jslint.jslintAndPrint(","                        document.querySelector('#inputTextareaEval1').value,","                        'inputTextareaEval1.js'","                    );","                }","                document.querySelector('#outputPreJslint1').textContent =","                    local.jslint.errorText","                    .replace((/\\u001b\\[\\d+m/g), '')","                    .trim();","                // try to cleanup __coverage__","                try {","                    delete local.global.__coverage__['/inputTextareaEval1.js'];","                } catch (ignore) {","                }","                // try to cover and eval input-code","                try {","                    /*jslint evil: true*/","                    document.querySelector('#outputTextarea1').value =","                        local.istanbul.instrumentSync(","                            document.querySelector('#inputTextareaEval1').value,","                            '/inputTextareaEval1.js'","                        );","                    eval(document.querySelector('#outputTextarea1').value);","                    document.querySelector('#coverageReportDiv1').innerHTML =","                        local.istanbul.coverageReportCreate({","                            coverage: window.__coverage__","                        });","                } catch (errorCaught) {","                    console.error(errorCaught);","                }","            }","            if (document.querySelector('#inputTextareaEval1') && (!event || (event &&","                    event.currentTarget &&","                    event.currentTarget.className &&","                    event.currentTarget.className.includes &&","                    event.currentTarget.className.includes('oneval')))) {","                // try to eval input-code","                try {","                    /*jslint evil: true*/","                    eval(document.querySelector('#inputTextareaEval1').value);","                } catch (errorCaught) {","                    console.error(errorCaught);","                }","            }","        };","        // log stderr and stdout to #outputTextareaStdout1","        ['error', 'log'].forEach(function (key) {","            console[key + '_original'] = console[key];","            console[key] = function () {","                var element;","                console[key + '_original'].apply(console, arguments);","                element = document.querySelector('#outputTextareaStdout1');","                if (!element) {","                    return;","                }","                // append text to #outputTextareaStdout1","                element.value += Array.from(arguments).map(function (arg) {","                    return typeof arg === 'string'","                        ? arg","                        : JSON.stringify(arg, null, 4);","                }).join(' ') + '\\n';","                // scroll textarea to bottom","                element.scrollTop = element.scrollHeight;","            };","        });","        // init event-handling","        ['change', 'click', 'keyup'].forEach(function (event) {","            Array.from(document.querySelectorAll('.on' + event)).forEach(function (element) {","                element.addEventListener(event, local.testRunBrowser);","            });","        });","        // run tests","        local.testRunBrowser();","        break;","","","","    // run node js-env code - init-after","    /* istanbul ignore next */","    case 'node':","        // init exports","        module.exports = local;","        // require modules","        local.fs = require('fs');","        local.http = require('http');","        local.url = require('url');","        // init assets","        local.assetsDict = local.assetsDict || {};","        /* jslint-ignore-begin */","        local.assetsDict['/assets.index.template.html'] = '\\","<!doctype html>\\n\\","<html lang=\"en\">\\n\\","<head>\\n\\","<meta charset=\"UTF-8\">\\n\\","<meta name=\"viewport\" content=\"width=device-width, initial-scale=1\">\\n\\","<title>{{env.npm_package_name}} (v{{env.npm_package_version}})</title>\\n\\","<style>\\n\\","/*csslint\\n\\","    box-sizing: false,\\n\\","    universal-selector: false\\n\\","*/\\n\\","* {\\n\\","    box-sizing: border-box;\\n\\","}\\n\\","body {\\n\\","    background: #dde;\\n\\","    font-family: Arial, Helvetica, sans-serif;\\n\\","    margin: 2rem;\\n\\","}\\n\\","body > * {\\n\\","    margin-bottom: 1rem;\\n\\","}\\n\\","body > button {\\n\\","    width: 20rem;\\n\\","}\\n\\","button {\\n\\","    cursor: pointer;\\n\\","}\\n\\",".uiAnimateSlide {\\n\\","    overflow-y: hidden;\\n\\","    transition: border-bottom 250ms, border-top 250ms, margin-bottom 250ms, margin-top 250ms, max-height 250ms, min-height 250ms, padding-bottom 250ms, padding-top 250ms;\\n\\","}\\n\\",".utility2FooterDiv {\\n\\","    margin-top: 20px;\\n\\","    text-align: center;\\n\\","}\\n\\",".zeroPixel {\\n\\","    border: 0;\\n\\","    height: 0;\\n\\","    margin: 0;\\n\\","    padding: 0;\\n\\","    width: 0;\\n\\","}\\n\\","</style>\\n\\","<style>\\n\\","/*csslint\\n\\","    ids: false,\\n\\","*/\\n\\","#outputPreJslint1 {\\n\\","    color: #d00;\\n\\","}\\n\\","textarea {\\n\\","    font-family: monospace;\\n\\","    height: 10rem;\\n\\","    width: 100%;\\n\\","}\\n\\","textarea[readonly] {\\n\\","    background: #ddd;\\n\\","}\\n\\","</style>\\n\\","</head>\\n\\","<body>\\n\\","<!-- utility2-comment\\n\\","<div id=\"ajaxProgressDiv1\" style=\"background: #d00; height: 2px; left: 0; margin: 0; padding: 0; position: fixed; top: 0; width: 25%;\"></div>\\n\\","utility2-comment -->\\n\\","<h1>\\n\\","<!-- utility2-comment\\n\\","    <a\\n\\","        {{#if env.npm_package_homepage}}\\n\\","        href=\"{{env.npm_package_homepage}}\"\\n\\","        {{/if env.npm_package_homepage}}\\n\\","        target=\"_blank\"\\n\\","    >\\n\\","utility2-comment -->\\n\\","        {{env.npm_package_name}} (v{{env.npm_package_version}})\\n\\","<!-- utility2-comment\\n\\","    </a>\\n\\","utility2-comment -->\\n\\","</h1>\\n\\","<h3>{{env.npm_package_description}}</h3>\\n\\","<!-- utility2-comment\\n\\","<h4><a download href=\"assets.app.js\">download standalone app</a></h4>\\n\\","<button class=\"onclick onreset\" id=\"testRunButton2\">run internal test</button><br>\\n\\","utility2-comment -->\\n\\","\\n\\","\\n\\","\\n\\","<label>edit or paste script below to cover and test</label>\\n\\","<textarea class=\"oneval onkeyup onreset\" id=\"inputTextareaEval1\">\\n\\","// remove comment below to disable jslint\\n\\","/*jslint\\n\\","    browser: true,\\n\\","    es6: true\\n\\","*/\\n\\","/*global window*/\\n\\","(function () {\\n\\","    \"use strict\";\\n\\","    var testCaseDict;\\n\\","    testCaseDict = {};\\n\\","    testCaseDict.modeTest = true;\\n\\","\\n\\","    // comment this testCase to disable the failed assertion demo\\n\\","    testCaseDict.testCase_failed_assertion_demo = function (\\n\\","        options,\\n\\","        onError\\n\\","    ) {\\n\\","    /*\\n\\","     * this function will demo a failed assertion test\\n\\","     */\\n\\","        // jslint-hack\\n\\","        window.utility2.nop(options);\\n\\","        window.utility2.assert(false, \"this is a failed assertion demo\");\\n\\","        onError();\\n\\","    };\\n\\","\\n\\","    testCaseDict.testCase_passed_ajax_demo = function (options, onError) {\\n\\","    /*\\n\\","     * this function will demo a passed ajax test\\n\\","     */\\n\\","        var data;\\n\\","        options = {url: \"/\"};\\n\\","        // test ajax request for main-page \"/\"\\n\\","        window.utility2.ajax(options, function (error, xhr) {\\n\\","            try {\\n\\","                // validate no error occurred\\n\\","                window.utility2.assert(!error, error);\\n\\","                // validate \"200 ok\" status\\n\\","                window.utility2.assert(xhr.statusCode === 200, xhr.statusCode);\\n\\","                // validate non-empty data\\n\\","                data = xhr.responseText;\\n\\","                window.utility2.assert(data && data.length > 0, data);\\n\\","                onError();\\n\\","            } catch (errorCaught) {\\n\\","                onError(errorCaught);\\n\\","            }\\n\\","        });\\n\\","    };\\n\\","\\n\\","    window.utility2.testRunDefault(testCaseDict);\\n\\","}());\\n\\","</textarea>\\n\\","<pre id=\"outputPreJsonStringify1\"></pre>\\n\\","<pre id=\"outputPreJslint1\"></pre>\\n\\","<label>instrumented-code</label>\\n\\","<textarea class=\"resettable\" id=\"outputTextarea1\" readonly></textarea>\\n\\","<label>stderr and stdout</label>\\n\\","<textarea class=\"resettable\" id=\"outputTextareaStdout1\" readonly></textarea>\\n\\","<div class=\"resettable\" id=\"testReportDiv1\"></div>\\n\\","<div class=\"resettable\" id=\"coverageReportDiv1\"></div>\\n\\","<!-- utility2-comment\\n\\","{{#if isRollup}}\\n\\","<script src=\"assets.app.js\"></script>\\n\\","{{#unless isRollup}}\\n\\","utility2-comment -->\\n\\","<script src=\"assets.utility2.lib.istanbul.js\"></script>\\n\\","<script src=\"assets.utility2.lib.jslint.js\"></script>\\n\\","<script src=\"assets.utility2.lib.db.js\"></script>\\n\\","<script src=\"assets.utility2.lib.sjcl.js\"></script>\\n\\","<script src=\"assets.utility2.lib.uglifyjs.js\"></script>\\n\\","<script src=\"assets.utility2.js\"></script>\\n\\","<script>window.utility2.onResetBefore.counter += 1;</script>\\n\\","<script src=\"jsonp.utility2.stateInit?callback=window.utility2.stateInit\"></script>\\n\\","<script src=\"assets.example.js\"></script>\\n\\","<script src=\"assets.test.js\"></script>\\n\\","<script>window.utility2.onResetBefore();</script>\\n\\","<!-- utility2-comment\\n\\","{{/if isRollup}}\\n\\","utility2-comment -->\\n\\","<div class=\"utility2FooterDiv\">\\n\\","    [ this app was created with\\n\\","    <a href=\"https://github.com/kaizhu256/node-utility2\" target=\"_blank\">utility2</a>\\n\\","    ]\\n\\","</div>\\n\\","</body>\\n\\","</html>\\n\\","';","        /* jslint-ignore-end */","        [","            'assets.index.css',","            'assets.index.template.html',","            'assets.swgg.swagger.json',","            'assets.swgg.swagger.server.json'","        ].forEach(function (file) {","            file = '/' + file;","            local.assetsDict[file] = local.assetsDict[file] || '';","            if (local.fs.existsSync(local.__dirname + file)) {","                local.assetsDict[file] = local.fs.readFileSync(","                    local.__dirname + file,","                    'utf8'","                );","            }","        });","        local.assetsDict['/'] =","            local.assetsDict['/assets.example.html'] =","            local.assetsDict['/assets.index.template.html']","            .replace((/\\{\\{env\\.(\\w+?)\\}\\}/g), function (match0, match1) {","                // jslint-hack","                String(match0);","                switch (match1) {","                case 'npm_package_description':","                    return 'the greatest app in the world!';","                case 'npm_package_name':","                    return 'utility2';","                case 'npm_package_nameAlias':","                    return 'utility2';","                case 'npm_package_version':","                    return '0.0.1';","                default:","                    return match0;","                }","            });","        // run the cli","        if (local.global.utility2_rollup || module !== require.main) {","            break;","        }","        local.assetsDict['/assets.example.js'] =","            local.assetsDict['/assets.example.js'] ||","            local.fs.readFileSync(__filename, 'utf8');","        // bug-workaround - long $npm_package_buildCustomOrg","        /* jslint-ignore-begin */","        local.assetsDict['/assets.utility2.js'] =","            local.assetsDict['/assets.utility2.js'] ||","            local.fs.readFileSync(","                local.utility2.__dirname + '/lib.utility2.js',","                'utf8'","            ).replace((/^#!/), '//');","        /* jslint-ignore-end */","        local.assetsDict['/favicon.ico'] = local.assetsDict['/favicon.ico'] || '';","        // if $npm_config_timeout_exit exists,","        // then exit this process after $npm_config_timeout_exit ms","        if (Number(process.env.npm_config_timeout_exit)) {","            setTimeout(process.exit, Number(process.env.npm_config_timeout_exit));","        }","        // start server","        if (local.global.utility2_serverHttp1) {","            break;","        }","        process.env.PORT = process.env.PORT || '8081';","        console.error('server starting on port ' + process.env.PORT);","        local.http.createServer(function (request, response) {","            request.urlParsed = local.url.parse(request.url);","            if (local.assetsDict[request.urlParsed.pathname] !== undefined) {","                response.end(local.assetsDict[request.urlParsed.pathname]);","                return;","            }","            response.statusCode = 404;","            response.end();","        }).listen(process.env.PORT);","        break;","    }","}());"],"l":{"141":3,"143":3,"148":3,"150":3,"152":3,"153":3,"154":3,"159":1,"166":3,"170":3,"174":3,"176":3,"178":3,"179":3,"181":3,"187":2,"191":1,"193":1,"194":1,"196":1,"198":1,"199":1,"200":1,"204":2,"208":1,"210":1,"211":1,"213":1,"214":1,"216":1,"217":1,"221":2,"227":1,"231":1,"232":1,"234":1,"236":3,"244":2,"245":2,"251":2,"254":4,"257":2,"258":2,"260":2,"264":2,"267":1,"268":1,"269":1,"271":1,"272":1,"275":1,"276":1,"278":1,"282":1,"283":1,"284":1,"286":2,"287":2,"290":1,"291":1,"292":1,"301":1,"302":1,"304":1,"309":1,"314":1,"315":1,"319":1,"321":1,"326":1,"327":1,"332":1,"335":1,"341":1,"343":1,"345":1,"350":2,"351":4,"352":4,"353":104,"354":104,"355":104,"356":104,"357":5,"360":99,"361":99,"366":99,"370":2,"371":6,"372":2,"376":2,"377":2,"385":1,"387":1,"388":1,"389":1,"391":1,"393":1,"571":1,"577":4,"578":4,"579":4,"580":1,"586":1,"591":6,"592":6,"594":1,"596":2,"598":1,"600":2,"602":1,"606":1,"607":1,"609":1,"614":1,"621":1,"624":1,"625":1,"628":1,"629":1,"631":1,"632":1,"633":1,"634":1,"635":1,"636":1,"637":1,"639":1,"640":1,"642":1}}}